#
# A fatal error has been detected by the Java Runtime Environment:
#
#  EXCEPTION_ACCESS_VIOLATION (0xc0000005) at pc=0x00007ffe68ad7391, pid=19136, tid=60752
#
# JRE version: OpenJDK Runtime Environment Temurin-21.0.7+6 (21.0.7+6) (build 21.0.7+6-LTS)
# Java VM: OpenJDK 64-Bit Server VM Temurin-21.0.7+6 (21.0.7+6-LTS, mixed mode, sharing, tiered, compressed oops, compressed class ptrs, g1 gc, windows-amd64)
# Problematic frame:
# C  [glfw.dll+0x7391]
#
# No core dump will be written. Minidumps are not enabled by default on client versions of Windows
#
# If you would like to submit a bug report, please visit:
#   https://github.com/adoptium/adoptium-support/issues
# The crash happened outside the Java Virtual Machine in native code.
# See problematic frame for where to report the bug.
#

---------------  S U M M A R Y ------------

Command Line: -Dfile.encoding=windows-1252 -Duser.country=US -Duser.language=en -Duser.variant -ea org.example.Main

Host: 12th Gen Intel(R) Core(TM) i7-12700, 20 cores, 31G,  Windows 11 , 64 bit Build 26100 (10.0.26100.4484)
Time: Fri Aug  8 21:06:27 2025 Pacific Daylight Time elapsed time: 2.015003 seconds (0d 0h 0m 2s)

---------------  T H R E A D  ---------------

Current thread (0x000001f2cea55aa0):  JavaThread "main"             [_thread_in_native, id=60752, stack(0x000000cef7a00000,0x000000cef7b00000) (1024K)]

Stack: [0x000000cef7a00000,0x000000cef7b00000],  sp=0x000000cef7aff1b0,  free space=1020k
Native frames: (J=compiled Java code, j=interpreted, Vv=VM code, C=native code)
C  [glfw.dll+0x7391]

Java frames: (J=compiled Java code, j=interpreted, Vv=VM code)
j  org.lwjgl.system.JNI.invokeV(J)V+0
j  org.lwjgl.glfw.GLFW.glfwTerminate()V+5
j  org.example.Hellena.Window.run()V+36
j  org.example.Main.main([Ljava/lang/String;)V+5
v  ~StubRoutines::call_stub 0x000001f2e0a5100d

siginfo: EXCEPTION_ACCESS_VIOLATION (0xc0000005), writing address 0x00000000000007c8


Registers:
RAX=0x00007ffe818a1330, RBX=0x000001f2f74c1f40, RCX=0x0000000000000400, RDX=0x000000cef7aff2a8
RSP=0x000000cef7aff1b0, RBP=0x000000cef7aff298, RSI=0x0000000000000400, RDI=0x000001f2e0a58860
R8 =0x00007ffe68ad2660, R9 =0x00000006237c2ec8, R10=0x000001f2e0a5ce1c, R11=0x00000006237e2f40
R12=0x0000000000000000, R13=0x000001f2f74c1f40, R14=0x000000cef7aff2c0, R15=0x000001f2cea55aa0
RIP=0x00007ffe68ad7391, EFLAGS=0x0000000000010206

XMM[0]=0x0000000000000000 0x0000000000000000
XMM[1]=0x0000000000000000 0x0000000000000000
XMM[2]=0x0000000000000000 0x0000000000000000
XMM[3]=0x0000000000000000 0x0000000000000000
XMM[4]=0x0000000000000000 0x0000000000000000
XMM[5]=0x0000000000000000 0x0000000000000000
XMM[6]=0x0000000000000000 0x9a9b3b9c00152048
XMM[7]=0x0000000000000000 0xccc2034ac1bee3a4
XMM[8]=0x0000000000000000 0x501ed801ce1b2369
XMM[9]=0x0000000000000000 0x34564134259ec05f
XMM[10]=0x0000000000000000 0x00000000f1487f2b
XMM[11]=0x0000000000000000 0x13ae434e394d03ad
XMM[12]=0x0000000000000000 0x00000000259ec05f
XMM[13]=0x0000000000000000 0x0000000000000000
XMM[14]=0x0000000000000000 0x0000000000000000
XMM[15]=0x0000000000000000 0x0000000000000000
  MXCSR=0x00001fa2


Register to memory mapping:

RAX=0x00007ffe818a1330 lwjgl.dll
RBX={method} {0x000001f2f74c1f48} 'invokeV' '(J)V' in 'org/lwjgl/system/JNI'
RCX=0x0000000000000400 is an unknown value
RDX=0x000000cef7aff2a8 is pointing into the stack for thread: 0x000001f2cea55aa0
RSP=0x000000cef7aff1b0 is pointing into the stack for thread: 0x000001f2cea55aa0
RBP=0x000000cef7aff298 is pointing into the stack for thread: 0x000001f2cea55aa0
RSI=0x0000000000000400 is an unknown value
RDI=0x000001f2e0a58860 is at code_begin+1184 in an Interpreter codelet
return entry points  [0x000001f2e0a583c0, 0x000001f2e0a58f60]  2976 bytes
R8 =0x00007ffe68ad2660 glfw.dll
R9 =0x00000006237c2ec8 is an oop: java.lang.Class 
{0x00000006237c2ec8} - klass: 'java/lang/Class'
 - ---- fields (total size 139 words):
 - private volatile transient 'classRedefinedCount' 'I' @12  0 (0x00000000)
 - injected 'klass' 'J' @16  2141058071840 (0x000001f281017d20)
 - injected 'array_klass' 'J' @24  0 (0x0000000000000000)
 - injected 'oop_size' 'I' @32  139 (0x0000008b)
 - injected 'static_oop_field_count' 'I' @36  0 (0x00000000)
 - private volatile transient 'cachedConstructor' 'Ljava/lang/reflect/Constructor;' @40  null (0x00000000)
 - private transient 'name' 'Ljava/lang/String;' @44  "org.lwjgl.glfw.GLFW$Functions"{0x00000006237c3330} (0xc46f8666)
 - private transient 'module' 'Ljava/lang/Module;' @48  a 'java/lang/Module'{0x00000006238747a8} (0xc470e8f5)
 - private final 'classLoader' 'Ljava/lang/ClassLoader;' @52  a 'jdk/internal/loader/ClassLoaders$AppClassLoader'{0x00000006238745e8} (0xc470e8bd)
 - private transient 'classData' 'Ljava/lang/Object;' @56  null (0x00000000)
 - private transient 'packageName' 'Ljava/lang/String;' @60  "org.lwjgl.glfw"{0x0000000623bf67a8} (0xc477ecf5)
 - private final 'componentType' 'Ljava/lang/Class;' @64  null (0x00000000)
 - private volatile transient 'reflectionData' 'Ljava/lang/ref/SoftReference;' @68  null (0x00000000)
 - private volatile transient 'genericInfo' 'Lsun/reflect/generics/repository/ClassRepository;' @72  null (0x00000000)
 - private volatile transient 'enumConstants' '[Ljava/lang/Object;' @76  null (0x00000000)
 - private volatile transient 'enumConstantDirectory' 'Ljava/util/Map;' @80  null (0x00000000)
 - private volatile transient 'annotationData' 'Ljava/lang/Class$AnnotationData;' @84  null (0x00000000)
 - private volatile transient 'annotationType' 'Lsun/reflect/annotation/AnnotationType;' @88  null (0x00000000)
 - transient 'classValueMap' 'Ljava/lang/ClassValue$ClassValueMap;' @92  null (0x00000000)
 - injected 'protection_domain' 'Ljava/lang/Object;' @96  a 'java/security/ProtectionDomain'{0x0000000623bfaff0} (0xc477f5fe)
 - injected 'signers_name' 'Ljava/lang/Object;' @100  null (0x00000000)
 - injected 'source_file' 'Ljava/lang/Object;' @104  null (0x00000000)
 - injected '<init_lock>' 'Ljava/lang/Object;' @108  null (0x00000000)
 - signature: Lorg/lwjgl/glfw/GLFW$Functions;
 - ---- static fields (0):
 - public static final 'Init' 'J' @112  140730654597984 (0x00007ffe68ad2360)
 - public static final 'Terminate' 'J' @120  140730654598752 (0x00007ffe68ad2660)
 - public static final 'InitHint' 'J' @128  140730654598768 (0x00007ffe68ad2670)
 - public static final 'InitAllocator' 'J' @136  140730654598976 (0x00007ffe68ad2740)
 - public static final 'GetVersion' 'J' @144  140730654599088 (0x00007ffe68ad27b0)
 - public static final 'GetVersionString' 'J' @152  140730654615504 (0x00007ffe68ad67d0)
 - public static final 'GetError' 'J' @160  140730654599136 (0x00007ffe68ad27e0)
 - public static final 'SetErrorCallback' 'J' @168  140730654599232 (0x00007ffe68ad2840)
 - public static final 'GetPlatform' 'J' @176  140730654615392 (0x00007ffe68ad6760)
 - public static final 'PlatformSupported' 'J' @184  140730654615440 (0x00007ffe68ad6790)
 - public static final 'GetMonitors' 'J' @192  140730654613520 (0x00007ffe68ad6010)
 - public static final 'GetPrimaryMonitor' 'J' @200  140730654613584 (0x00007ffe68ad6050)
 - public static final 'GetMonitorPos' 'J' @208  140730654613648 (0x00007ffe68ad6090)
 - public static final 'GetMonitorWorkarea' 'J' @216  140730654613728 (0x00007ffe68ad60e0)
 - public static final 'GetMonitorPhysicalSize' 'J' @224  140730654613824 (0x00007ffe68ad6140)
 - public static final 'GetMonitorContentScale' 'J' @232  140730654613920 (0x00007ffe68ad61a0)
 - public static final 'GetMonitorName' 'J' @240  140730654614000 (0x00007ffe68ad61f0)
 - public static final 'SetMonitorUserPointer' 'J' @248  140730654614048 (0x00007ffe68ad6220)
 - public static final 'GetMonitorUserPointer' 'J' @256  140730654614096 (0x00007ffe68ad6250)
 - public static final 'SetMonitorCallback' 'J' @264  140730654614144 (0x00007ffe68ad6280)
 - public static final 'GetVideoModes' 'J' @272  140730654614208 (0x00007ffe68ad62c0)
 - public static final 'GetVideoMode' 'J' @280  140730654614400 (0x00007ffe68ad6380)
 - public static final 'SetGamma' 'J' @288  140730654614480 (0x00007ffe68ad63d0)
 - public static final 'GetGammaRamp' 'J' @296  140730654615008 (0x00007ffe68ad65e0)
 - public static final 'SetGammaRamp' 'J' @304  140730654615136 (0x00007ffe68ad6660)
 - public static final 'DefaultWindowHints' 'J' @312  140730654618720 (0x00007ffe68ad7460)
 - public static final 'WindowHint' 'J' @320  140730654618976 (0x00007ffe68ad7560)
 - public static final 'WindowHintString' 'J' @328  140730654619856 (0x00007ffe68ad78d0)
 - public static final 'CreateWindow' 'J' @336  140730654617888 (0x00007ffe68ad7120)
 - public static final 'DestroyWindow' 'J' @344  140730654618480 (0x00007ffe68ad7370)
 - public static final 'WindowShouldClose' 'J' @352  140730654620016 (0x00007ffe68ad7970)
 - public static final 'SetWindowShouldClose' 'J' @360  140730654620064 (0x00007ffe68ad79a0)
 - public static final 'GetWindowTitle' 'J' @368  140730654620112 (0x00007ffe68ad79d0)
 - public static final 'SetWindowTitle' 'J' @376  140730654620160 (0x00007ffe68ad7a00)
 - public static final 'SetWindowIcon' 'J' @384  140730654620256 (0x00007ffe68ad7a60)
 - public static final 'GetWindowPos' 'J' @392  140730654620368 (0x00007ffe68ad7ad0)
 - public static final 'SetWindowPos' 'J' @400  140730654620448 (0x00007ffe68ad7b20)
 - public static final 'GetWindowSize' 'J' @408  140730654620512 (0x00007ffe68ad7b60)
 - public static final 'SetWindowSizeLimits' 'J' @416  140730654620656 (0x00007ffe68ad7bf0)
 - public static final 'SetWindowAspectRatio' 'J' @424  140730654620848 (0x00007ffe68ad7cb0)
 - public static final 'SetWindowSize' 'J' @432  140730654620592 (0x00007ffe68ad7bb0)
 - public static final 'GetFramebufferSize' 'J' @440  140730654620976 (0x00007ffe68ad7d30)
 - public static final 'GetWindowFrameSize' 'J' @448  140730654621056 (0x00007ffe68ad7d80)
 - public static final 'GetWindowContentScale' 'J' @456  140730654621152 (0x00007ffe68ad7de0)
 - public static final 'GetWindowOpacity' 'J' @464  140730654621232 (0x00007ffe68ad7e30)
 - public static final 'SetWindowOpacity' 'J' @472  140730654621280 (0x00007ffe68ad7e60)
 - public static final 'IconifyWindow' 'J' @480  140730654621376 (0x00007ffe68ad7ec0)
 - public static final 'RestoreWindow' 'J' @488  140730654621424 (0x00007ffe68ad7ef0)
 - public static final 'MaximizeWindow' 'J' @496  140730654621472 (0x00007ffe68ad7f20)
 - public static final 'ShowWindow' 'J' @504  140730654621536 (0x00007ffe68ad7f60)
 - public static final 'HideWindow' 'J' @512  140730654621664 (0x00007ffe68ad7fe0)
 - public static final 'FocusWindow' 'J' @520  140730654621728 (0x00007ffe68ad8020)
 - public static final 'RequestWindowAttention' 'J' @528  140730654621616 (0x00007ffe68ad7fb0)
 - public static final 'GetWindowMonitor' 'J' @536  140730654622336 (0x00007ffe68ad8280)
 - public static final 'SetWindowMonitor' 'J' @544  140730654622384 (0x00007ffe68ad82b0)
 - public static final 'GetWindowAttrib' 'J' @552  140730654621776 (0x00007ffe68ad8050)
 - public static final 'SetWindowAttrib' 'J' @560  140730654622144 (0x00007ffe68ad81c0)
 - public static final 'SetWindowUserPointer' 'J' @568  140730654622528 (0x00007ffe68ad8340)
 - public static final 'GetWindowUserPointer' 'J' @576  140730654622576 (0x00007ffe68ad8370)
 - public static final 'SetWindowPosCallback' 'J' @584  140730654622624 (0x00007ffe68ad83a0)
 - public static final 'SetWindowSizeCallback' 'J' @592  140730654622688 (0x00007ffe68ad83e0)
 - public static final 'SetWindowCloseCallback' 'J' @600  140730654622752 (0x00007ffe68ad8420)
 - public static final 'SetWindowRefreshCallback' 'J' @608  140730654622816 (0x00007ffe68ad8460)
 - public static final 'SetWindowFocusCallback' 'J' @616  140730654622880 (0x00007ffe68ad84a0)
 - public static final 'SetWindowIconifyCallback' 'J' @624  140730654622944 (0x00007ffe68ad84e0)
 - public static final 'SetWindowMaximizeCallback' 'J' @632  140730654623008 (0x00007ffe68ad8520)
 - public static final 'SetFramebufferSizeCallback' 'J' @640  140730654623072 (0x00007ffe68ad8560)
 - public static final 'SetWindowContentScaleCallback' 'J' @648  140730654623136 (0x00007ffe68ad85a0)
 - public static final 'PollEvents' 'J' @656  140730654623200 (0x00007ffe68ad85e0)
 - public static final 'WaitEvents' 'J' @664  140730654623248 (0x00007ffe68ad8610)
 - public static final 'WaitEventsTimeout' 'J' @672  140730654623296 (0x00007ffe68ad8640)
 - public static final 'PostEmptyEvent' 'J' @680  140730654623392 (0x00007ffe68ad86a0)
 - public static final 'GetInputMode' 'J' @688  140730654603488 (0x00007ffe68ad38e0)
 - public static final 'SetInputMode' 'J' @696  140730654603648 (0x00007ffe68ad3980)
 - public static final 'RawMouseMotionSupported' 'J' @704  140730654605600 (0x00007ffe68ad4120)
 - public static final 'GetKeyName' 'J' @712  140730654605648 (0x00007ffe68ad4150)
 - public static final 'GetKeyScancode' 'J' @720  140730654605792 (0x00007ffe68ad41e0)
 - public static final 'GetKey' 'J' @728  140730654605888 (0x00007ffe68ad4240)
 - public static final 'GetMouseButton' 'J' @736  140730654606000 (0x00007ffe68ad42b0)
 - public static final 'GetCursorPos' 'J' @744  140730654606096 (0x00007ffe68ad4310)
 - public static final 'SetCursorPos' 'J' @752  140730654606224 (0x00007ffe68ad4390)
 - public static final 'CreateCursor' 'J' @760  140730654606464 (0x00007ffe68ad4480)
 - public static final 'CreateStandardCursor' 'J' @768  140730654606944 (0x00007ffe68ad4660)
 - public static final 'DestroyCursor' 'J' @776  140730654606752 (0x00007ffe68ad45a0)
 - public static final 'SetCursor' 'J' @784  140730654607232 (0x00007ffe68ad4780)
 - public static final 'GetPreeditCursorRectangle' 'J' @792  140730654607296 (0x00007ffe68ad47c0)
 - public static final 'SetPreeditCursorRectangle' 'J' @800  140730654607360 (0x00007ffe68ad4800)
 - public static final 'ResetPreeditText' 'J' @808  140730654607440 (0x00007ffe68ad4850)
 - public static final 'GetPreeditCandidate' 'J' @816  140730654607456 (0x00007ffe68ad4860)
 - public static final 'SetKeyCallback' 'J' @824  140730654607520 (0x00007ffe68ad48a0)
 - public static final 'SetCharCallback' 'J' @832  140730654607584 (0x00007ffe68ad48e0)
 - public static final 'SetCharModsCallback' 'J' @840  140730654607648 (0x00007ffe68ad4920)
 - public static final 'SetPreeditCallback' 'J' @848  140730654607712 (0x00007ffe68ad4960)
 - public static final 'SetIMEStatusCallback' 'J' @856  140730654607776 (0x00007ffe68ad49a0)
 - public static final 'SetPreeditCandidateCallback' 'J' @864  140730654607840 (0x00007ffe68ad49e0)
 - public static final 'SetMouseButtonCallback' 'J' @872  140730654607904 (0x00007ffe68ad4a20)
 - public static final 'SetCursorPosCallback' 'J' @880  140730654607968 (0x00007ffe68ad4a60)
 - public static final 'SetCursorEnterCallback' 'J' @888  140730654608032 (0x00007ffe68ad4aa0)
 - public static final 'SetScrollCallback' 'J' @896  140730654608096 (0x00007ffe68ad4ae0)
 - public static final 'SetDropCallback' 'J' @904  140730654608160 (0x00007ffe68ad4b20)
 - public static final 'JoystickPresent' 'J' @912  140730654608224 (0x00007ffe68ad4b60)
 - public static final 'GetJoystickAxes' 'J' @920  140730654608384 (0x00007ffe68ad4c00)
 - public static final 'GetJoystickButtons' 'J' @928  140730654608576 (0x00007ffe68ad4cc0)
 - public static final 'GetJoystickHats' 'J' @936  140730654608800 (0x00007ffe68ad4da0)
 - public static final 'GetJoystickName' 'J' @944  140730654608992 (0x00007ffe68ad4e60)
 - public static final 'GetJoystickGUID' 'J' @952  140730654609168 (0x00007ffe68ad4f10)
 - public static final 'SetJoystickUserPointer' 'J' @960  140730654609344 (0x00007ffe68ad4fc0)
 - public static final 'GetJoystickUserPointer' 'J' @968  140730654609424 (0x00007ffe68ad5010)
 - public static final 'JoystickIsGamepad' 'J' @976  140730654610320 (0x00007ffe68ad5390)
 - public static final 'SetJoystickCallback' 'J' @984  140730654609504 (0x00007ffe68ad5060)
 - public static final 'UpdateGamepadMappings' 'J' @992  140730654609616 (0x00007ffe68ad50d0)
 - public static final 'GetGamepadName' 'J' @1000  140730654610512 (0x00007ffe68ad5450)
 - public static final 'GetGamepadState' 'J' @1008  140730654610688 (0x00007ffe68ad5500)
 - public static final 'SetClipboardString' 'J' @1016  140730654611408 (0x00007ffe68ad57d0)
 - public static final 'GetClipboardString' 'J' @1024  140730654611456 (0x00007ffe68ad5800)
 - public static final 'GetTime' 'J' @1032  140730654611504 (0x00007ffe68ad5830)
 - public static final 'SetTime' 'J' @1040  140730654611680 (0x00007ffe68ad58e0)
 - public static final 'GetTimerValue' 'J' @1048  140730654611872 (0x00007ffe68ad59a0)
 - public static final 'GetTimerFrequency' 'J' @1056  140730654611920 (0x00007ffe68ad59d0)
 - public static final 'MakeContextCurrent' 'J' @1064  140730654595440 (0x00007ffe68ad1970)
 - public static final 'GetCurrentContext' 'J' @1072  140730654596272 (0x00007ffe68ad1cb0)
 - public static final 'SwapBuffers' 'J' @1080  140730654596320 (0x00007ffe68ad1ce0)
 - public static final 'SwapInterval' 'J' @1088  140730654596400 (0x00007ffe68ad1d30)
 - public static final 'ExtensionSupported' 'J' @1096  140730654595712 (0x00007ffe68ad1a80)
 - public static final 'GetProcAddress' 'J' @1104  140730654596480 (0x00007ffe68ad1d80)
R10=0x000001f2e0a5ce1c is at code_begin+1020 in an Interpreter codelet
native method entry point (kind = native)  [0x000001f2e0a5ca20, 0x000001f2e0a5d548]  2856 bytes
R11=0x00000006237e2f40 is an oop: java.lang.Class 
{0x00000006237e2f40} - klass: 'java/lang/Class'
 - ---- fields (total size 14 words):
 - private volatile transient 'classRedefinedCount' 'I' @12  0 (0x00000000)
 - injected 'klass' 'J' @16  2141058052096 (0x000001f281013000)
 - injected 'array_klass' 'J' @24  0 (0x0000000000000000)
 - injected 'oop_size' 'I' @32  14 (0x0000000e)
 - injected 'static_oop_field_count' 'I' @36  0 (0x00000000)
 - private volatile transient 'cachedConstructor' 'Ljava/lang/reflect/Constructor;' @40  null (0x00000000)
 - private transient 'name' 'Ljava/lang/String;' @44  "org.lwjgl.system.JNI"{0x00000006237e2fc0} (0xc46fc5f8)
 - private transient 'module' 'Ljava/lang/Module;' @48  a 'java/lang/Module'{0x00000006238747a8} (0xc470e8f5)
 - private final 'classLoader' 'Ljava/lang/ClassLoader;' @52  a 'jdk/internal/loader/ClassLoaders$AppClassLoader'{0x00000006238745e8} (0xc470e8bd)
 - private transient 'classData' 'Ljava/lang/Object;' @56  null (0x00000000)
 - private transient 'packageName' 'Ljava/lang/String;' @60  "org.lwjgl.system"{0x0000000623bff538} (0xc477fea7)
 - private final 'componentType' 'Ljava/lang/Class;' @64  null (0x00000000)
 - private volatile transient 'reflectionData' 'Ljava/lang/ref/SoftReference;' @68  null (0x00000000)
 - private volatile transient 'genericInfo' 'Lsun/reflect/generics/repository/ClassRepository;' @72  null (0x00000000)
 - private volatile transient 'enumConstants' '[Ljava/lang/Object;' @76  null (0x00000000)
 - private volatile transient 'enumConstantDirectory' 'Ljava/util/Map;' @80  null (0x00000000)
 - private volatile transient 'annotationData' 'Ljava/lang/Class$AnnotationData;' @84  null (0x00000000)
 - private volatile transient 'annotationType' 'Lsun/reflect/annotation/AnnotationType;' @88  null (0x00000000)
 - transient 'classValueMap' 'Ljava/lang/ClassValue$ClassValueMap;' @92  null (0x00000000)
 - injected 'protection_domain' 'Ljava/lang/Object;' @96  a 'java/security/ProtectionDomain'{0x0000000623baf960} (0xc4775f2c)
 - injected 'signers_name' 'Ljava/lang/Object;' @100  null (0x00000000)
 - injected 'source_file' 'Ljava/lang/Object;' @104  null (0x00000000)
 - injected '<init_lock>' 'Ljava/lang/Object;' @108  null (0x00000000)
 - signature: Lorg/lwjgl/system/JNI;
 - ---- static fields (0):
R12=0x0 is null
R13={method} {0x000001f2f74c1f48} 'invokeV' '(J)V' in 'org/lwjgl/system/JNI'
R14=0x000000cef7aff2c0 is pointing into the stack for thread: 0x000001f2cea55aa0
R15=0x000001f2cea55aa0 is a thread

Top of Stack: (sp=0x000000cef7aff1b0)
0x000000cef7aff1b0:   0000000000000006 00007ffe68af4728
0x000000cef7aff1c0:   000001f2cea10000 000001f200000000
0x000000cef7aff1d0:   0000000000000110 00007ffe68ad2501
0x000000cef7aff1e0:   0000000000000110 00007ffdc5611f99
0x000000cef7aff1f0:   000000cef7aff328 00007ffdc5611ee8
0x000000cef7aff200:   000000cef7aff250 000001f2e0a58860
0x000000cef7aff210:   0000000000000110 000001f2e0a5ce4b
0x000000cef7aff220:   000001f2e0a58860 00007ffdc560b47f
0x000000cef7aff230:   3ff0000000000000 000001f2cea55aa0
0x000000cef7aff240:   0000000000000110 000001f2f74f9990
0x000000cef7aff250:   000000cef7aff250 0000000000000000
0x000000cef7aff260:   0000000000000005 000001f2f74f9990
0x000000cef7aff270:   0000000000000000 00000006237e2f40
0x000000cef7aff280:   000001f2f74c1f40 0000000000000000
0x000000cef7aff290:   000000cef7aff2b8 000000cef7aff310
0x000000cef7aff2a0:   000001f2e0a58860 00000006237e2f40
0x000000cef7aff2b0:   000001f2e0a5a3d7 00007ffe68ad2660
0x000000cef7aff2c0:   0000000000000000 000000cef7aff2c8
0x000000cef7aff2d0:   000001f2f74941c5 0000000000000003
0x000000cef7aff2e0:   000001f2f74a31a8 0000000000000000
0x000000cef7aff2f0:   0000000623759928 000001f2f74941e0
0x000000cef7aff300:   000000cef7aff2b8 000000cef7aff330
0x000000cef7aff310:   000000cef7aff378 000001f2e0a58860
0x000000cef7aff320:   00007ffe68ad2660 0000000000000000
0x000000cef7aff330:   000000cef7aff330 000001f2f74014cc
0x000000cef7aff340:   0000000000000002 000001f2f7403240
0x000000cef7aff350:   0000000000000000 0000000623a18ba0
0x000000cef7aff360:   000001f2f74014f0 000000cef7aff330
0x000000cef7aff370:   000000cef7aff388 000000cef7aff3d8
0x000000cef7aff380:   000001f2e0a58860 0000000623a1cee0
0x000000cef7aff390:   000000cef7aff390 000001f2f7400285
0x000000cef7aff3a0:   0000000000000003 000001f2f7400320 

Instructions: (pc=0x00007ffe68ad7391)
0x00007ffe68ad7291:   84 24 dc 00 00 00 89 43 14 8b 84 24 e8 00 00 00
0x00007ffe68ad72a1:   89 43 18 8b 84 24 ec 00 00 00 89 43 1c c7 83 90
0x00007ffe68ad72b1:   00 00 00 01 40 03 00 8b 84 24 98 00 00 00 89 43
0x00007ffe68ad72c1:   30 66 0f 76 c0 f3 0f 7f 43 68 48 c7 43 78 ff ff
0x00007ffe68ad72d1:   ff ff 48 89 f9 e8 25 ac ff ff 48 89 43 60 c7 83
0x00007ffe68ad72e1:   08 03 00 00 00 00 00 00 89 b3 0c 03 00 00 48 c7
0x00007ffe68ad72f1:   83 10 03 00 00 00 00 00 00 48 8d 94 24 b0 00 00
0x00007ffe68ad7301:   00 4c 8d 44 24 20 4c 8d 4c 24 60 48 89 d9 ff 15
0x00007ffe68ad7311:   e3 04 07 00 85 c0 75 33 48 89 d9 e8 4f 00 00 00
0x00007ffe68ad7321:   eb 27 31 db b9 01 00 01 00 31 d2 e8 5f ac ff ff
0x00007ffe68ad7331:   eb 19 48 8d 15 8a 4b 06 00 b9 04 00 01 00 41 89
0x00007ffe68ad7341:   e8 41 89 f1 e8 46 ac ff ff 31 db 48 8b 8c 24 08
0x00007ffe68ad7351:   05 00 00 48 31 e1 e8 c4 ed 00 00 48 89 d8 48 81
0x00007ffe68ad7361:   c4 10 05 00 00 5b 5d 5f 5e 41 5e c3 cc cc cc 56
0x00007ffe68ad7371:   48 83 ec 20 83 3d 4c 03 07 00 00 0f 84 c7 00 00
0x00007ffe68ad7381:   00 48 89 ce 48 85 c9 0f 84 c7 00 00 00 0f 57 c0
0x00007ffe68ad7391:   0f 11 86 c8 03 00 00 0f 11 86 b8 03 00 00 0f 11
0x00007ffe68ad73a1:   86 a8 03 00 00 0f 11 86 98 03 00 00 0f 11 86 88
0x00007ffe68ad73b1:   03 00 00 0f 11 86 78 03 00 00 0f 11 86 68 03 00
0x00007ffe68ad73c1:   00 0f 11 86 58 03 00 00 0f 11 86 48 03 00 00 0f
0x00007ffe68ad73d1:   11 86 38 03 00 00 48 8d 0d be 1c 07 00 e8 2d 40
0x00007ffe68ad73e1:   00 00 48 39 f0 75 07 31 c9 e8 81 a5 ff ff 48 89
0x00007ffe68ad73f1:   f1 ff 15 08 04 07 00 48 8d 0d 71 0a 07 00 90 48
0x00007ffe68ad7401:   89 c8 48 8b 09 48 39 f1 75 f5 48 8b 0e 48 89 08
0x00007ffe68ad7411:   48 8b 8e e0 02 00 00 48 85 c9 74 05 e8 1e af ff
0x00007ffe68ad7421:   ff 48 8b 8e f0 02 00 00 48 85 c9 74 05 e8 0d af
0x00007ffe68ad7431:   ff ff 48 8b 4e 60 e8 04 af ff ff 48 89 f1 48 83
0x00007ffe68ad7441:   c4 20 5e e9 f7 ae ff ff b9 01 00 01 00 31 d2 e8
0x00007ffe68ad7451:   3b ab ff ff 90 48 83 c4 20 5e c3 cc cc cc cc 48
0x00007ffe68ad7461:   83 ec 38 0f 29 74 24 20 83 3d 58 02 07 00 00 0f
0x00007ffe68ad7471:   84 cc 00 00 00 0f 57 f6 0f 11 35 c0 09 07 00 0f
0x00007ffe68ad7481:   11 35 a9 09 07 00 48 c7 05 be 09 07 00 00 00 00 


Stack slot to memory mapping:

stack at sp + 0 slots: 0x0000000000000006 is an unknown value
stack at sp + 1 slots: 0x00007ffe68af4728 glfw.dll
stack at sp + 2 slots: 0x000001f2cea10000 points into unknown readable memory: 0x0000000000000000 | 00 00 00 00 00 00 00 00
stack at sp + 3 slots: 0x000001f200000000 is an unknown value
stack at sp + 4 slots: 0x0000000000000110 is an unknown value
stack at sp + 5 slots: 0x00007ffe68ad2501 glfw.dll
stack at sp + 6 slots: 0x0000000000000110 is an unknown value
stack at sp + 7 slots: 0x00007ffdc5611f99 jvm.dll


---------------  P R O C E S S  ---------------

Threads class SMR info:
_java_thread_list=0x000001f2f6dee840, length=14, elements={
0x000001f2cea55aa0, 0x000001f2f326b8b0, 0x000001f2f326ee40, 0x000001f2f3279bd0,
0x000001f2f327b800, 0x000001f2f327d8a0, 0x000001f2f62f60e0, 0x000001f2f62fe750,
0x000001f2f6304e70, 0x000001f2f64103f0, 0x000001f2f6451e30, 0x000001f2f6467c40,
0x000001f2f6470a60, 0x000001f2febdbed0
}

Java Threads: ( => current thread )
=>0x000001f2cea55aa0 JavaThread "main"                              [_thread_in_native, id=60752, stack(0x000000cef7a00000,0x000000cef7b00000) (1024K)]
  0x000001f2f326b8b0 JavaThread "Reference Handler"          daemon [_thread_blocked, id=43956, stack(0x000000cef8200000,0x000000cef8300000) (1024K)]
  0x000001f2f326ee40 JavaThread "Finalizer"                  daemon [_thread_blocked, id=46708, stack(0x000000cef8300000,0x000000cef8400000) (1024K)]
  0x000001f2f3279bd0 JavaThread "Signal Dispatcher"          daemon [_thread_blocked, id=57388, stack(0x000000cef8400000,0x000000cef8500000) (1024K)]
  0x000001f2f327b800 JavaThread "Attach Listener"            daemon [_thread_blocked, id=21536, stack(0x000000cef8500000,0x000000cef8600000) (1024K)]
  0x000001f2f327d8a0 JavaThread "Service Thread"             daemon [_thread_blocked, id=31896, stack(0x000000cef8600000,0x000000cef8700000) (1024K)]
  0x000001f2f62f60e0 JavaThread "Monitor Deflation Thread"   daemon [_thread_blocked, id=60512, stack(0x000000cef8700000,0x000000cef8800000) (1024K)]
  0x000001f2f62fe750 JavaThread "C2 CompilerThread0"         daemon [_thread_blocked, id=52472, stack(0x000000cef8800000,0x000000cef8900000) (1024K)]
  0x000001f2f6304e70 JavaThread "C1 CompilerThread0"         daemon [_thread_blocked, id=61124, stack(0x000000cef8900000,0x000000cef8a00000) (1024K)]
  0x000001f2f64103f0 JavaThread "C1 CompilerThread1"         daemon [_thread_blocked, id=23036, stack(0x000000cef8a00000,0x000000cef8b00000) (1024K)]
  0x000001f2f6451e30 JavaThread "C1 CompilerThread2"         daemon [_thread_blocked, id=35080, stack(0x000000cef8b00000,0x000000cef8c00000) (1024K)]
  0x000001f2f6467c40 JavaThread "Notification Thread"        daemon [_thread_blocked, id=55080, stack(0x000000cef8c00000,0x000000cef8d00000) (1024K)]
  0x000001f2f6470a60 JavaThread "Common-Cleaner"             daemon [_thread_blocked, id=59724, stack(0x000000cef8d00000,0x000000cef8e00000) (1024K)]
  0x000001f2febdbed0 JavaThread "C1 CompilerThread3"         daemon [_thread_blocked, id=34792, stack(0x000000cef9600000,0x000000cef9700000) (1024K)]
Total: 14

Other Threads:
  0x000001f2cea23760 VMThread "VM Thread"                           [id=8040, stack(0x000000cef8100000,0x000000cef8200000) (1024K)]
  0x000001f2f323eb60 WatcherThread "VM Periodic Task Thread"        [id=55616, stack(0x000000cef8000000,0x000000cef8100000) (1024K)]
  0x000001f2cea24980 WorkerThread "GC Thread#0"                     [id=46948, stack(0x000000cef7b00000,0x000000cef7c00000) (1024K)]
  0x000001f2f3094080 ConcurrentGCThread "G1 Main Marker"            [id=51588, stack(0x000000cef7c00000,0x000000cef7d00000) (1024K)]
  0x000001f2cea245e0 WorkerThread "G1 Conc#0"                       [id=25516, stack(0x000000cef7d00000,0x000000cef7e00000) (1024K)]
  0x000001f2f3191140 ConcurrentGCThread "G1 Refine#0"               [id=58412, stack(0x000000cef7e00000,0x000000cef7f00000) (1024K)]
  0x000001f2f3194690 ConcurrentGCThread "G1 Service"                [id=47256, stack(0x000000cef7f00000,0x000000cef8000000) (1024K)]
Total: 7

Threads with active compile tasks:
Total: 0

VM state: not at safepoint (normal execution)

VM Mutex/Monitor currently owned by a thread: None

Heap address: 0x0000000604000000, size: 8128 MB, Compressed Oops mode: Zero based, Oop shift amount: 3

CDS archive(s) mapped at: [0x000001f280000000-0x000001f280c80000-0x000001f280c80000), size 13107200, SharedBaseAddress: 0x000001f280000000, ArchiveRelocationMode: 1.
Compressed class space mapped at: 0x000001f281000000-0x000001f2c1000000, reserved size: 1073741824
Narrow klass base: 0x000001f280000000, Narrow klass shift: 0, Narrow klass range: 0x100000000

GC Precious Log:
 CardTable entry size: 512
 Card Set container configuration: InlinePtr #cards 4 size 8 Array Of Cards #cards 32 size 80 Howl #buckets 8 coarsen threshold 7372 Howl Bitmap #cards 1024 size 144 coarsen threshold 921 Card regions per heap region 1 cards per card region 8192
 CPUs: 20 total, 20 available
 Memory: 32509M
 Large Page Support: Disabled
 NUMA Support: Disabled
 Compressed Oops: Enabled (Zero based)
 Heap Region Size: 4M
 Heap Min Capacity: 8M
 Heap Initial Capacity: 508M
 Heap Max Capacity: 8128M
 Pre-touch: Disabled
 Parallel Workers: 15
 Concurrent Workers: 4
 Concurrent Refinement Workers: 15
 Periodic GC: Disabled

Heap:
 garbage-first heap   total 520192K, used 16384K [0x0000000604000000, 0x0000000800000000)
  region size 4096K, 5 young (20480K), 0 survivors (0K)
 Metaspace       used 7430K, committed 7680K, reserved 1114112K
  class space    used 357K, committed 448K, reserved 1048576K

Heap Regions: E=young(eden), S=young(survivor), O=old, HS=humongous(starts), HC=humongous(continues), CS=collection set, F=free, TAMS=top-at-mark-start, PB=parsable bottom
|   0|0x0000000604000000, 0x0000000604000000, 0x0000000604400000|  0%| F|  |TAMS 0x0000000604000000| PB 0x0000000604000000| Untracked 
|   1|0x0000000604400000, 0x0000000604400000, 0x0000000604800000|  0%| F|  |TAMS 0x0000000604400000| PB 0x0000000604400000| Untracked 
|   2|0x0000000604800000, 0x0000000604800000, 0x0000000604c00000|  0%| F|  |TAMS 0x0000000604800000| PB 0x0000000604800000| Untracked 
|   3|0x0000000604c00000, 0x0000000604c00000, 0x0000000605000000|  0%| F|  |TAMS 0x0000000604c00000| PB 0x0000000604c00000| Untracked 
|   4|0x0000000605000000, 0x0000000605000000, 0x0000000605400000|  0%| F|  |TAMS 0x0000000605000000| PB 0x0000000605000000| Untracked 
|   5|0x0000000605400000, 0x0000000605400000, 0x0000000605800000|  0%| F|  |TAMS 0x0000000605400000| PB 0x0000000605400000| Untracked 
|   6|0x0000000605800000, 0x0000000605800000, 0x0000000605c00000|  0%| F|  |TAMS 0x0000000605800000| PB 0x0000000605800000| Untracked 
|   7|0x0000000605c00000, 0x0000000605c00000, 0x0000000606000000|  0%| F|  |TAMS 0x0000000605c00000| PB 0x0000000605c00000| Untracked 
|   8|0x0000000606000000, 0x0000000606000000, 0x0000000606400000|  0%| F|  |TAMS 0x0000000606000000| PB 0x0000000606000000| Untracked 
|   9|0x0000000606400000, 0x0000000606400000, 0x0000000606800000|  0%| F|  |TAMS 0x0000000606400000| PB 0x0000000606400000| Untracked 
|  10|0x0000000606800000, 0x0000000606800000, 0x0000000606c00000|  0%| F|  |TAMS 0x0000000606800000| PB 0x0000000606800000| Untracked 
|  11|0x0000000606c00000, 0x0000000606c00000, 0x0000000607000000|  0%| F|  |TAMS 0x0000000606c00000| PB 0x0000000606c00000| Untracked 
|  12|0x0000000607000000, 0x0000000607000000, 0x0000000607400000|  0%| F|  |TAMS 0x0000000607000000| PB 0x0000000607000000| Untracked 
|  13|0x0000000607400000, 0x0000000607400000, 0x0000000607800000|  0%| F|  |TAMS 0x0000000607400000| PB 0x0000000607400000| Untracked 
|  14|0x0000000607800000, 0x0000000607800000, 0x0000000607c00000|  0%| F|  |TAMS 0x0000000607800000| PB 0x0000000607800000| Untracked 
|  15|0x0000000607c00000, 0x0000000607c00000, 0x0000000608000000|  0%| F|  |TAMS 0x0000000607c00000| PB 0x0000000607c00000| Untracked 
|  16|0x0000000608000000, 0x0000000608000000, 0x0000000608400000|  0%| F|  |TAMS 0x0000000608000000| PB 0x0000000608000000| Untracked 
|  17|0x0000000608400000, 0x0000000608400000, 0x0000000608800000|  0%| F|  |TAMS 0x0000000608400000| PB 0x0000000608400000| Untracked 
|  18|0x0000000608800000, 0x0000000608800000, 0x0000000608c00000|  0%| F|  |TAMS 0x0000000608800000| PB 0x0000000608800000| Untracked 
|  19|0x0000000608c00000, 0x0000000608c00000, 0x0000000609000000|  0%| F|  |TAMS 0x0000000608c00000| PB 0x0000000608c00000| Untracked 
|  20|0x0000000609000000, 0x0000000609000000, 0x0000000609400000|  0%| F|  |TAMS 0x0000000609000000| PB 0x0000000609000000| Untracked 
|  21|0x0000000609400000, 0x0000000609400000, 0x0000000609800000|  0%| F|  |TAMS 0x0000000609400000| PB 0x0000000609400000| Untracked 
|  22|0x0000000609800000, 0x0000000609800000, 0x0000000609c00000|  0%| F|  |TAMS 0x0000000609800000| PB 0x0000000609800000| Untracked 
|  23|0x0000000609c00000, 0x0000000609c00000, 0x000000060a000000|  0%| F|  |TAMS 0x0000000609c00000| PB 0x0000000609c00000| Untracked 
|  24|0x000000060a000000, 0x000000060a000000, 0x000000060a400000|  0%| F|  |TAMS 0x000000060a000000| PB 0x000000060a000000| Untracked 
|  25|0x000000060a400000, 0x000000060a400000, 0x000000060a800000|  0%| F|  |TAMS 0x000000060a400000| PB 0x000000060a400000| Untracked 
|  26|0x000000060a800000, 0x000000060a800000, 0x000000060ac00000|  0%| F|  |TAMS 0x000000060a800000| PB 0x000000060a800000| Untracked 
|  27|0x000000060ac00000, 0x000000060ac00000, 0x000000060b000000|  0%| F|  |TAMS 0x000000060ac00000| PB 0x000000060ac00000| Untracked 
|  28|0x000000060b000000, 0x000000060b000000, 0x000000060b400000|  0%| F|  |TAMS 0x000000060b000000| PB 0x000000060b000000| Untracked 
|  29|0x000000060b400000, 0x000000060b400000, 0x000000060b800000|  0%| F|  |TAMS 0x000000060b400000| PB 0x000000060b400000| Untracked 
|  30|0x000000060b800000, 0x000000060b800000, 0x000000060bc00000|  0%| F|  |TAMS 0x000000060b800000| PB 0x000000060b800000| Untracked 
|  31|0x000000060bc00000, 0x000000060bc00000, 0x000000060c000000|  0%| F|  |TAMS 0x000000060bc00000| PB 0x000000060bc00000| Untracked 
|  32|0x000000060c000000, 0x000000060c000000, 0x000000060c400000|  0%| F|  |TAMS 0x000000060c000000| PB 0x000000060c000000| Untracked 
|  33|0x000000060c400000, 0x000000060c400000, 0x000000060c800000|  0%| F|  |TAMS 0x000000060c400000| PB 0x000000060c400000| Untracked 
|  34|0x000000060c800000, 0x000000060c800000, 0x000000060cc00000|  0%| F|  |TAMS 0x000000060c800000| PB 0x000000060c800000| Untracked 
|  35|0x000000060cc00000, 0x000000060cc00000, 0x000000060d000000|  0%| F|  |TAMS 0x000000060cc00000| PB 0x000000060cc00000| Untracked 
|  36|0x000000060d000000, 0x000000060d000000, 0x000000060d400000|  0%| F|  |TAMS 0x000000060d000000| PB 0x000000060d000000| Untracked 
|  37|0x000000060d400000, 0x000000060d400000, 0x000000060d800000|  0%| F|  |TAMS 0x000000060d400000| PB 0x000000060d400000| Untracked 
|  38|0x000000060d800000, 0x000000060d800000, 0x000000060dc00000|  0%| F|  |TAMS 0x000000060d800000| PB 0x000000060d800000| Untracked 
|  39|0x000000060dc00000, 0x000000060dc00000, 0x000000060e000000|  0%| F|  |TAMS 0x000000060dc00000| PB 0x000000060dc00000| Untracked 
|  40|0x000000060e000000, 0x000000060e000000, 0x000000060e400000|  0%| F|  |TAMS 0x000000060e000000| PB 0x000000060e000000| Untracked 
|  41|0x000000060e400000, 0x000000060e400000, 0x000000060e800000|  0%| F|  |TAMS 0x000000060e400000| PB 0x000000060e400000| Untracked 
|  42|0x000000060e800000, 0x000000060e800000, 0x000000060ec00000|  0%| F|  |TAMS 0x000000060e800000| PB 0x000000060e800000| Untracked 
|  43|0x000000060ec00000, 0x000000060ec00000, 0x000000060f000000|  0%| F|  |TAMS 0x000000060ec00000| PB 0x000000060ec00000| Untracked 
|  44|0x000000060f000000, 0x000000060f000000, 0x000000060f400000|  0%| F|  |TAMS 0x000000060f000000| PB 0x000000060f000000| Untracked 
|  45|0x000000060f400000, 0x000000060f400000, 0x000000060f800000|  0%| F|  |TAMS 0x000000060f400000| PB 0x000000060f400000| Untracked 
|  46|0x000000060f800000, 0x000000060f800000, 0x000000060fc00000|  0%| F|  |TAMS 0x000000060f800000| PB 0x000000060f800000| Untracked 
|  47|0x000000060fc00000, 0x000000060fc00000, 0x0000000610000000|  0%| F|  |TAMS 0x000000060fc00000| PB 0x000000060fc00000| Untracked 
|  48|0x0000000610000000, 0x0000000610000000, 0x0000000610400000|  0%| F|  |TAMS 0x0000000610000000| PB 0x0000000610000000| Untracked 
|  49|0x0000000610400000, 0x0000000610400000, 0x0000000610800000|  0%| F|  |TAMS 0x0000000610400000| PB 0x0000000610400000| Untracked 
|  50|0x0000000610800000, 0x0000000610800000, 0x0000000610c00000|  0%| F|  |TAMS 0x0000000610800000| PB 0x0000000610800000| Untracked 
|  51|0x0000000610c00000, 0x0000000610c00000, 0x0000000611000000|  0%| F|  |TAMS 0x0000000610c00000| PB 0x0000000610c00000| Untracked 
|  52|0x0000000611000000, 0x0000000611000000, 0x0000000611400000|  0%| F|  |TAMS 0x0000000611000000| PB 0x0000000611000000| Untracked 
|  53|0x0000000611400000, 0x0000000611400000, 0x0000000611800000|  0%| F|  |TAMS 0x0000000611400000| PB 0x0000000611400000| Untracked 
|  54|0x0000000611800000, 0x0000000611800000, 0x0000000611c00000|  0%| F|  |TAMS 0x0000000611800000| PB 0x0000000611800000| Untracked 
|  55|0x0000000611c00000, 0x0000000611c00000, 0x0000000612000000|  0%| F|  |TAMS 0x0000000611c00000| PB 0x0000000611c00000| Untracked 
|  56|0x0000000612000000, 0x0000000612000000, 0x0000000612400000|  0%| F|  |TAMS 0x0000000612000000| PB 0x0000000612000000| Untracked 
|  57|0x0000000612400000, 0x0000000612400000, 0x0000000612800000|  0%| F|  |TAMS 0x0000000612400000| PB 0x0000000612400000| Untracked 
|  58|0x0000000612800000, 0x0000000612800000, 0x0000000612c00000|  0%| F|  |TAMS 0x0000000612800000| PB 0x0000000612800000| Untracked 
|  59|0x0000000612c00000, 0x0000000612c00000, 0x0000000613000000|  0%| F|  |TAMS 0x0000000612c00000| PB 0x0000000612c00000| Untracked 
|  60|0x0000000613000000, 0x0000000613000000, 0x0000000613400000|  0%| F|  |TAMS 0x0000000613000000| PB 0x0000000613000000| Untracked 
|  61|0x0000000613400000, 0x0000000613400000, 0x0000000613800000|  0%| F|  |TAMS 0x0000000613400000| PB 0x0000000613400000| Untracked 
|  62|0x0000000613800000, 0x0000000613800000, 0x0000000613c00000|  0%| F|  |TAMS 0x0000000613800000| PB 0x0000000613800000| Untracked 
|  63|0x0000000613c00000, 0x0000000613c00000, 0x0000000614000000|  0%| F|  |TAMS 0x0000000613c00000| PB 0x0000000613c00000| Untracked 
|  64|0x0000000614000000, 0x0000000614000000, 0x0000000614400000|  0%| F|  |TAMS 0x0000000614000000| PB 0x0000000614000000| Untracked 
|  65|0x0000000614400000, 0x0000000614400000, 0x0000000614800000|  0%| F|  |TAMS 0x0000000614400000| PB 0x0000000614400000| Untracked 
|  66|0x0000000614800000, 0x0000000614800000, 0x0000000614c00000|  0%| F|  |TAMS 0x0000000614800000| PB 0x0000000614800000| Untracked 
|  67|0x0000000614c00000, 0x0000000614c00000, 0x0000000615000000|  0%| F|  |TAMS 0x0000000614c00000| PB 0x0000000614c00000| Untracked 
|  68|0x0000000615000000, 0x0000000615000000, 0x0000000615400000|  0%| F|  |TAMS 0x0000000615000000| PB 0x0000000615000000| Untracked 
|  69|0x0000000615400000, 0x0000000615400000, 0x0000000615800000|  0%| F|  |TAMS 0x0000000615400000| PB 0x0000000615400000| Untracked 
|  70|0x0000000615800000, 0x0000000615800000, 0x0000000615c00000|  0%| F|  |TAMS 0x0000000615800000| PB 0x0000000615800000| Untracked 
|  71|0x0000000615c00000, 0x0000000615c00000, 0x0000000616000000|  0%| F|  |TAMS 0x0000000615c00000| PB 0x0000000615c00000| Untracked 
|  72|0x0000000616000000, 0x0000000616000000, 0x0000000616400000|  0%| F|  |TAMS 0x0000000616000000| PB 0x0000000616000000| Untracked 
|  73|0x0000000616400000, 0x0000000616400000, 0x0000000616800000|  0%| F|  |TAMS 0x0000000616400000| PB 0x0000000616400000| Untracked 
|  74|0x0000000616800000, 0x0000000616800000, 0x0000000616c00000|  0%| F|  |TAMS 0x0000000616800000| PB 0x0000000616800000| Untracked 
|  75|0x0000000616c00000, 0x0000000616c00000, 0x0000000617000000|  0%| F|  |TAMS 0x0000000616c00000| PB 0x0000000616c00000| Untracked 
|  76|0x0000000617000000, 0x0000000617000000, 0x0000000617400000|  0%| F|  |TAMS 0x0000000617000000| PB 0x0000000617000000| Untracked 
|  77|0x0000000617400000, 0x0000000617400000, 0x0000000617800000|  0%| F|  |TAMS 0x0000000617400000| PB 0x0000000617400000| Untracked 
|  78|0x0000000617800000, 0x0000000617800000, 0x0000000617c00000|  0%| F|  |TAMS 0x0000000617800000| PB 0x0000000617800000| Untracked 
|  79|0x0000000617c00000, 0x0000000617c00000, 0x0000000618000000|  0%| F|  |TAMS 0x0000000617c00000| PB 0x0000000617c00000| Untracked 
|  80|0x0000000618000000, 0x0000000618000000, 0x0000000618400000|  0%| F|  |TAMS 0x0000000618000000| PB 0x0000000618000000| Untracked 
|  81|0x0000000618400000, 0x0000000618400000, 0x0000000618800000|  0%| F|  |TAMS 0x0000000618400000| PB 0x0000000618400000| Untracked 
|  82|0x0000000618800000, 0x0000000618800000, 0x0000000618c00000|  0%| F|  |TAMS 0x0000000618800000| PB 0x0000000618800000| Untracked 
|  83|0x0000000618c00000, 0x0000000618c00000, 0x0000000619000000|  0%| F|  |TAMS 0x0000000618c00000| PB 0x0000000618c00000| Untracked 
|  84|0x0000000619000000, 0x0000000619000000, 0x0000000619400000|  0%| F|  |TAMS 0x0000000619000000| PB 0x0000000619000000| Untracked 
|  85|0x0000000619400000, 0x0000000619400000, 0x0000000619800000|  0%| F|  |TAMS 0x0000000619400000| PB 0x0000000619400000| Untracked 
|  86|0x0000000619800000, 0x0000000619800000, 0x0000000619c00000|  0%| F|  |TAMS 0x0000000619800000| PB 0x0000000619800000| Untracked 
|  87|0x0000000619c00000, 0x0000000619c00000, 0x000000061a000000|  0%| F|  |TAMS 0x0000000619c00000| PB 0x0000000619c00000| Untracked 
|  88|0x000000061a000000, 0x000000061a000000, 0x000000061a400000|  0%| F|  |TAMS 0x000000061a000000| PB 0x000000061a000000| Untracked 
|  89|0x000000061a400000, 0x000000061a400000, 0x000000061a800000|  0%| F|  |TAMS 0x000000061a400000| PB 0x000000061a400000| Untracked 
|  90|0x000000061a800000, 0x000000061a800000, 0x000000061ac00000|  0%| F|  |TAMS 0x000000061a800000| PB 0x000000061a800000| Untracked 
|  91|0x000000061ac00000, 0x000000061ac00000, 0x000000061b000000|  0%| F|  |TAMS 0x000000061ac00000| PB 0x000000061ac00000| Untracked 
|  92|0x000000061b000000, 0x000000061b000000, 0x000000061b400000|  0%| F|  |TAMS 0x000000061b000000| PB 0x000000061b000000| Untracked 
|  93|0x000000061b400000, 0x000000061b400000, 0x000000061b800000|  0%| F|  |TAMS 0x000000061b400000| PB 0x000000061b400000| Untracked 
|  94|0x000000061b800000, 0x000000061b800000, 0x000000061bc00000|  0%| F|  |TAMS 0x000000061b800000| PB 0x000000061b800000| Untracked 
|  95|0x000000061bc00000, 0x000000061bc00000, 0x000000061c000000|  0%| F|  |TAMS 0x000000061bc00000| PB 0x000000061bc00000| Untracked 
|  96|0x000000061c000000, 0x000000061c000000, 0x000000061c400000|  0%| F|  |TAMS 0x000000061c000000| PB 0x000000061c000000| Untracked 
|  97|0x000000061c400000, 0x000000061c400000, 0x000000061c800000|  0%| F|  |TAMS 0x000000061c400000| PB 0x000000061c400000| Untracked 
|  98|0x000000061c800000, 0x000000061c800000, 0x000000061cc00000|  0%| F|  |TAMS 0x000000061c800000| PB 0x000000061c800000| Untracked 
|  99|0x000000061cc00000, 0x000000061cc00000, 0x000000061d000000|  0%| F|  |TAMS 0x000000061cc00000| PB 0x000000061cc00000| Untracked 
| 100|0x000000061d000000, 0x000000061d000000, 0x000000061d400000|  0%| F|  |TAMS 0x000000061d000000| PB 0x000000061d000000| Untracked 
| 101|0x000000061d400000, 0x000000061d400000, 0x000000061d800000|  0%| F|  |TAMS 0x000000061d400000| PB 0x000000061d400000| Untracked 
| 102|0x000000061d800000, 0x000000061d800000, 0x000000061dc00000|  0%| F|  |TAMS 0x000000061d800000| PB 0x000000061d800000| Untracked 
| 103|0x000000061dc00000, 0x000000061dc00000, 0x000000061e000000|  0%| F|  |TAMS 0x000000061dc00000| PB 0x000000061dc00000| Untracked 
| 104|0x000000061e000000, 0x000000061e000000, 0x000000061e400000|  0%| F|  |TAMS 0x000000061e000000| PB 0x000000061e000000| Untracked 
| 105|0x000000061e400000, 0x000000061e400000, 0x000000061e800000|  0%| F|  |TAMS 0x000000061e400000| PB 0x000000061e400000| Untracked 
| 106|0x000000061e800000, 0x000000061e800000, 0x000000061ec00000|  0%| F|  |TAMS 0x000000061e800000| PB 0x000000061e800000| Untracked 
| 107|0x000000061ec00000, 0x000000061ec00000, 0x000000061f000000|  0%| F|  |TAMS 0x000000061ec00000| PB 0x000000061ec00000| Untracked 
| 108|0x000000061f000000, 0x000000061f000000, 0x000000061f400000|  0%| F|  |TAMS 0x000000061f000000| PB 0x000000061f000000| Untracked 
| 109|0x000000061f400000, 0x000000061f400000, 0x000000061f800000|  0%| F|  |TAMS 0x000000061f400000| PB 0x000000061f400000| Untracked 
| 110|0x000000061f800000, 0x000000061f800000, 0x000000061fc00000|  0%| F|  |TAMS 0x000000061f800000| PB 0x000000061f800000| Untracked 
| 111|0x000000061fc00000, 0x000000061fc00000, 0x0000000620000000|  0%| F|  |TAMS 0x000000061fc00000| PB 0x000000061fc00000| Untracked 
| 112|0x0000000620000000, 0x0000000620000000, 0x0000000620400000|  0%| F|  |TAMS 0x0000000620000000| PB 0x0000000620000000| Untracked 
| 113|0x0000000620400000, 0x0000000620400000, 0x0000000620800000|  0%| F|  |TAMS 0x0000000620400000| PB 0x0000000620400000| Untracked 
| 114|0x0000000620800000, 0x0000000620800000, 0x0000000620c00000|  0%| F|  |TAMS 0x0000000620800000| PB 0x0000000620800000| Untracked 
| 115|0x0000000620c00000, 0x0000000620c00000, 0x0000000621000000|  0%| F|  |TAMS 0x0000000620c00000| PB 0x0000000620c00000| Untracked 
| 116|0x0000000621000000, 0x0000000621000000, 0x0000000621400000|  0%| F|  |TAMS 0x0000000621000000| PB 0x0000000621000000| Untracked 
| 117|0x0000000621400000, 0x0000000621400000, 0x0000000621800000|  0%| F|  |TAMS 0x0000000621400000| PB 0x0000000621400000| Untracked 
| 118|0x0000000621800000, 0x0000000621800000, 0x0000000621c00000|  0%| F|  |TAMS 0x0000000621800000| PB 0x0000000621800000| Untracked 
| 119|0x0000000621c00000, 0x0000000621c00000, 0x0000000622000000|  0%| F|  |TAMS 0x0000000621c00000| PB 0x0000000621c00000| Untracked 
| 120|0x0000000622000000, 0x0000000622000000, 0x0000000622400000|  0%| F|  |TAMS 0x0000000622000000| PB 0x0000000622000000| Untracked 
| 121|0x0000000622400000, 0x0000000622400000, 0x0000000622800000|  0%| F|  |TAMS 0x0000000622400000| PB 0x0000000622400000| Untracked 
| 122|0x0000000622800000, 0x0000000622979a60, 0x0000000622c00000| 36%| E|  |TAMS 0x0000000622800000| PB 0x0000000622800000| Complete 
| 123|0x0000000622c00000, 0x0000000623000000, 0x0000000623000000|100%| E|CS|TAMS 0x0000000622c00000| PB 0x0000000622c00000| Complete 
| 124|0x0000000623000000, 0x0000000623400000, 0x0000000623400000|100%| E|CS|TAMS 0x0000000623000000| PB 0x0000000623000000| Complete 
| 125|0x0000000623400000, 0x0000000623800000, 0x0000000623800000|100%| E|CS|TAMS 0x0000000623400000| PB 0x0000000623400000| Complete 
| 126|0x0000000623800000, 0x0000000623c00000, 0x0000000623c00000|100%| E|CS|TAMS 0x0000000623800000| PB 0x0000000623800000| Complete 

Card table byte_map: [0x000001f2ea090000,0x000001f2eb070000] _byte_map_base: 0x000001f2e7070000

Marking Bits: (CMBitMap*) 0x000001f2d0fce780
 Bits: [0x000001f2eb070000, 0x000001f2f2f70000)

Polling page: 0x000001f2ce9c0000

Metaspace:

Usage:
  Non-class:      6.91 MB used.
      Class:    357.61 KB used.
       Both:      7.26 MB used.

Virtual space:
  Non-class space:       64.00 MB reserved,       7.06 MB ( 11%) committed,  1 nodes.
      Class space:        1.00 GB reserved,     448.00 KB ( <1%) committed,  1 nodes.
             Both:        1.06 GB reserved,       7.50 MB ( <1%) committed. 

Chunk freelists:
   Non-Class:  6.80 MB
       Class:  15.50 MB
        Both:  22.30 MB

MaxMetaspaceSize: unlimited
CompressedClassSpaceSize: 1.00 GB
Initial GC threshold: 21.00 MB
Current GC threshold: 21.00 MB
CDS: on
 - commit_granule_bytes: 65536.
 - commit_granule_words: 8192.
 - virtual_space_node_default_size: 8388608.
 - enlarge_chunks_in_place: 1.
 - use_allocation_guard: 0.


Internal statistics:

num_allocs_failed_limit: 0.
num_arena_births: 104.
num_arena_deaths: 0.
num_vsnodes_births: 2.
num_vsnodes_deaths: 0.
num_space_committed: 118.
num_space_uncommitted: 0.
num_chunks_returned_to_freelist: 0.
num_chunks_taken_from_freelist: 313.
num_chunk_merges: 0.
num_chunk_splits: 234.
num_chunks_enlarged: 184.
num_inconsistent_stats: 0.

CodeHeap 'non-profiled nmethods': size=119168Kb used=323Kb max_used=323Kb free=118844Kb
 bounds [0x000001f2e11a0000, 0x000001f2e1410000, 0x000001f2e8600000]
CodeHeap 'profiled nmethods': size=119104Kb used=1738Kb max_used=1738Kb free=117365Kb
 bounds [0x000001f2d9600000, 0x000001f2d9870000, 0x000001f2e0a50000]
CodeHeap 'non-nmethods': size=7488Kb used=4145Kb max_used=4159Kb free=3342Kb
 bounds [0x000001f2e0a50000, 0x000001f2e0e70000, 0x000001f2e11a0000]
 total_blobs=2455 nmethods=1090 adapters=1267
 compilation: enabled
              stopped_count=0, restarted_count=0
 full_count=0

Compilation events (20 events):
Event: 1.712 Thread 0x000001f2f6451e30 1076       3       org.joml.Vector2f::equals (71 bytes)
Event: 1.712 Thread 0x000001f2febdbed0 1077       1       org.example.Hellena.core.components.SpriteRenderer::isDirty (5 bytes)
Event: 1.712 Thread 0x000001f2f6304e70 1078       3       org.lwjgl.system.MemoryStack::getPointerAddress (15 bytes)
Event: 1.712 Thread 0x000001f2febdbed0 nmethod 1077 0x000001f2e11eec90 code [0x000001f2e11eee20, 0x000001f2e11eeef0]
Event: 1.712 Thread 0x000001f2f6304e70 nmethod 1078 0x000001f2d97b0510 code [0x000001f2d97b06a0, 0x000001f2d97b07c8]
Event: 1.712 Thread 0x000001f2f6451e30 nmethod 1076 0x000001f2d97b0890 code [0x000001f2d97b0ac0, 0x000001f2d97b1500]
Event: 1.724 Thread 0x000001f2f6304e70 1079       1       org.example.Hellena.core.Scenes.Scene::getCamera (5 bytes)
Event: 1.724 Thread 0x000001f2f6304e70 nmethod 1079 0x000001f2e11ef390 code [0x000001f2e11ef520, 0x000001f2e11ef5f0]
Event: 1.724 Thread 0x000001f2f6304e70 1082       3       org.example.Hellena.core.Rendering.Shader::use (20 bytes)
Event: 1.724 Thread 0x000001f2f6304e70 nmethod 1082 0x000001f2d97b1710 code [0x000001f2d97b18c0, 0x000001f2d97b1a98]
Event: 1.737 Thread 0x000001f2f62fe750 1086       4       sun.misc.Unsafe::getLong (9 bytes)
Event: 1.738 Thread 0x000001f2f62fe750 nmethod 1086 0x000001f2e11f0690 code [0x000001f2e11f0820, 0x000001f2e11f08d0]
Event: 1.817 Thread 0x000001f2f62fe750 1087       4       sun.misc.Unsafe::getLong (9 bytes)
Event: 1.818 Thread 0x000001f2f62fe750 nmethod 1087 0x000001f2e11f0990 code [0x000001f2e11f0b20, 0x000001f2e11f0bb0]
Event: 1.996 Thread 0x000001f2f64103f0 1088       3       sun.net.www.protocol.jar.Handler::checkNestedProtocol (18 bytes)
Event: 1.996 Thread 0x000001f2f64103f0 nmethod 1088 0x000001f2d97b1b90 code [0x000001f2d97b1d40, 0x000001f2d97b1f18]
Event: 1.996 Thread 0x000001f2f64103f0 1089       3       java.util.concurrent.ConcurrentHashMap$BaseIterator::<init> (21 bytes)
Event: 1.996 Thread 0x000001f2febdbed0 1090       3       java.util.concurrent.ConcurrentHashMap$Traverser::<init> (36 bytes)
Event: 1.996 Thread 0x000001f2febdbed0 nmethod 1090 0x000001f2d97b2010 code [0x000001f2d97b21c0, 0x000001f2d97b23d0]
Event: 1.996 Thread 0x000001f2f64103f0 nmethod 1089 0x000001f2d97b2490 code [0x000001f2d97b2640, 0x000001f2d97b2820]

GC Heap History (0 events):
No events

Dll operation events (11 events):
Event: 0.005 Loaded shared library C:\Program Files\Eclipse Adoptium\jdk-21.0.7.6-hotspot\bin\java.dll
Event: 0.023 Loaded shared library C:\Program Files\Eclipse Adoptium\jdk-21.0.7.6-hotspot\bin\jsvml.dll
Event: 0.050 Loaded shared library C:\Program Files\Eclipse Adoptium\jdk-21.0.7.6-hotspot\bin\net.dll
Event: 0.051 Loaded shared library C:\Program Files\Eclipse Adoptium\jdk-21.0.7.6-hotspot\bin\nio.dll
Event: 0.054 Loaded shared library C:\Program Files\Eclipse Adoptium\jdk-21.0.7.6-hotspot\bin\zip.dll
Event: 0.098 Loaded shared library C:\Program Files\Eclipse Adoptium\jdk-21.0.7.6-hotspot\bin\jimage.dll
Event: 0.111 Loaded shared library C:\Users\joshu\AppData\Local\Temp\lwjgl_joshu\3.3.4+7\x64\lwjgl.dll
Event: 0.399 Loaded shared library C:\Users\joshu\AppData\Local\Temp\lwjgl_joshu\3.3.4+7\x64\lwjgl_opengl.dll
Event: 0.631 Loaded shared library C:\Users\joshu\AppData\Local\Temp\imgui-java-natives\1.89.0\imgui-java64.dll
Event: 0.663 Loaded shared library C:\Users\joshu\AppData\Local\Temp\lwjgl_joshu\3.3.4+7\x64\lwjgl_stb.dll
Event: 0.666 Loaded shared library C:\Program Files\Eclipse Adoptium\jdk-21.0.7.6-hotspot\bin\verify.dll

Deoptimization events (20 events):
Event: 0.069 Thread 0x000001f2cea55aa0 DEOPT PACKING pc=0x000001f2e11a8ff8 sp=0x000000cef7afd5b0
Event: 0.069 Thread 0x000001f2cea55aa0 DEOPT UNPACKING pc=0x000001f2e0aa46a2 sp=0x000000cef7afd4e8 mode 2
Event: 0.076 Thread 0x000001f2cea55aa0 DEOPT PACKING pc=0x000001f2d961a5cc sp=0x000000cef7afaa10
Event: 0.076 Thread 0x000001f2cea55aa0 DEOPT UNPACKING pc=0x000001f2e0aa4e42 sp=0x000000cef7af9e30 mode 0
Event: 0.092 Thread 0x000001f2cea55aa0 DEOPT PACKING pc=0x000001f2d9608ecc sp=0x000000cef7afa010
Event: 0.092 Thread 0x000001f2cea55aa0 DEOPT UNPACKING pc=0x000001f2e0aa4e42 sp=0x000000cef7af9478 mode 0
Event: 0.106 Thread 0x000001f2cea55aa0 Uncommon trap: trap_request=0xffffff45 fr.pc=0x000001f2e11aaf90 relative=0x0000000000000070
Event: 0.106 Thread 0x000001f2cea55aa0 Uncommon trap: reason=unstable_if action=reinterpret pc=0x000001f2e11aaf90 method=java.io.WinNTFileSystem.isSlash(C)Z @ 9 c2
Event: 0.106 Thread 0x000001f2cea55aa0 DEOPT PACKING pc=0x000001f2e11aaf90 sp=0x000000cef7afb6e0
Event: 0.106 Thread 0x000001f2cea55aa0 DEOPT UNPACKING pc=0x000001f2e0aa46a2 sp=0x000000cef7afb668 mode 2
Event: 0.404 Thread 0x000001f2cea55aa0 Uncommon trap: trap_request=0xffffff54 fr.pc=0x000001f2e11da410 relative=0x0000000000000070
Event: 0.404 Thread 0x000001f2cea55aa0 Uncommon trap: reason=speculate_null_assert action=make_not_entrant pc=0x000001f2e11da410 method=sun.misc.Unsafe.putLong(Ljava/lang/Object;JJ)V @ 7 c2
Event: 0.404 Thread 0x000001f2cea55aa0 DEOPT PACKING pc=0x000001f2e11da410 sp=0x000000cef7afee80
Event: 0.404 Thread 0x000001f2cea55aa0 DEOPT UNPACKING pc=0x000001f2e0aa46a2 sp=0x000000cef7afedf8 mode 2
Event: 0.657 Thread 0x000001f2cea55aa0 DEOPT PACKING pc=0x000001f2d9661945 sp=0x000000cef7afd020
Event: 0.657 Thread 0x000001f2cea55aa0 DEOPT UNPACKING pc=0x000001f2e0aa4e42 sp=0x000000cef7afc470 mode 0
Event: 1.751 Thread 0x000001f2cea55aa0 Uncommon trap: trap_request=0xffffff54 fr.pc=0x000001f2e11f088c relative=0x000000000000006c
Event: 1.751 Thread 0x000001f2cea55aa0 Uncommon trap: reason=speculate_null_assert action=make_not_entrant pc=0x000001f2e11f088c method=sun.misc.Unsafe.getLong(Ljava/lang/Object;J)J @ 5 c2
Event: 1.751 Thread 0x000001f2cea55aa0 DEOPT PACKING pc=0x000001f2e11f088c sp=0x000000cef7afefa0
Event: 1.751 Thread 0x000001f2cea55aa0 DEOPT UNPACKING pc=0x000001f2e0aa46a2 sp=0x000000cef7afef28 mode 2

Classes loaded (20 events):
Event: 0.591 Loading class jdk/internal/foreign/MemorySessionImpl
Event: 0.591 Loading class java/lang/foreign/MemorySegment$Scope
Event: 0.591 Loading class java/lang/foreign/MemorySegment$Scope done
Event: 0.591 Loading class jdk/internal/foreign/MemorySessionImpl done
Event: 0.592 Loading class java/nio/file/StandardCopyOption
Event: 0.592 Loading class java/nio/file/StandardCopyOption done
Event: 0.665 Loading class java/io/Externalizable
Event: 0.665 Loading class java/io/Externalizable done
Event: 0.685 Loading class java/util/ComparableTimSort
Event: 0.685 Loading class java/util/ComparableTimSort done
Event: 0.854 Loading class jdk/internal/module/ModulePatcher$PatchedModuleReader
Event: 0.854 Loading class jdk/internal/module/ModulePatcher$PatchedModuleReader done
Event: 0.854 Loading class sun/net/www/protocol/jrt/Handler
Event: 0.854 Loading class sun/net/www/protocol/jrt/Handler done
Event: 0.856 Loading class sun/text/resources/cldr/FormatData_en
Event: 0.857 Loading class sun/text/resources/cldr/FormatData_en done
Event: 0.857 Loading class sun/text/resources/cldr/FormatData_en_US
Event: 0.857 Loading class sun/text/resources/cldr/FormatData_en_US done
Event: 0.863 Loading class java/lang/SecurityException
Event: 0.863 Loading class java/lang/SecurityException done

Classes unloaded (0 events):
No events

Classes redefined (0 events):
No events

Internal exceptions (20 events):
Event: 0.154 Thread 0x000001f2cea55aa0 Exception <a 'java/lang/NoSuchMethodError'{0x00000006236bb0b8}: 'int java.lang.invoke.DirectMethodHandle$Holder.invokeStaticInit(java.lang.Object, java.lang.Object, long, long)'> (0x00000006236bb0b8) 
thrown [s\src\hotspot\share\interpreter\linkResolver.cpp, line 773]
Event: 0.154 Thread 0x000001f2cea55aa0 Exception <a 'java/lang/NoSuchMethodError'{0x00000006236c0708}: 'java.lang.Object java.lang.invoke.DirectMethodHandle$Holder.newInvokeSpecial(java.lang.Object, java.lang.Object, long)'> (0x00000006236c0708) 
thrown [s\src\hotspot\share\interpreter\linkResolver.cpp, line 773]
Event: 0.155 Thread 0x000001f2cea55aa0 Exception <a 'java/lang/NoSuchMethodError'{0x00000006236c3db0}: 'java.lang.Object java.lang.invoke.Invokers$Holder.linkToTargetMethod(java.lang.Object, long, java.lang.Object)'> (0x00000006236c3db0) 
thrown [s\src\hotspot\share\interpreter\linkResolver.cpp, line 773]
Event: 0.155 Thread 0x000001f2cea55aa0 Exception <a 'java/lang/NoSuchMethodError'{0x00000006236caec8}: 'int java.lang.invoke.DirectMethodHandle$Holder.invokeStaticInit(java.lang.Object, java.lang.Object, java.lang.Object, long)'> (0x00000006236caec8) 
thrown [s\src\hotspot\share\interpreter\linkResolver.cpp, line 773]
Event: 0.169 Thread 0x000001f2cea55aa0 Exception <a 'sun/nio/fs/WindowsException'{0x00000006237812d0}> (0x00000006237812d0) 
thrown [s\src\hotspot\share\prims\jni.cpp, line 520]
Event: 0.169 Thread 0x000001f2cea55aa0 Exception <a 'sun/nio/fs/WindowsException'{0x0000000623781630}> (0x0000000623781630) 
thrown [s\src\hotspot\share\prims\jni.cpp, line 520]
Event: 0.173 Thread 0x000001f2cea55aa0 Exception <a 'java/lang/NoSuchMethodError'{0x000000062379e698}: 'int java.lang.invoke.Invokers$Holder.invokeExact_MT(java.lang.Object, java.lang.Object)'> (0x000000062379e698) 
thrown [s\src\hotspot\share\interpreter\linkResolver.cpp, line 773]
Event: 0.346 Thread 0x000001f2cea55aa0 Exception <a 'java/lang/NoSuchMethodError'{0x00000006237f8e28}: 'void java.lang.invoke.DirectMethodHandle$Holder.invokeStaticInit(java.lang.Object, long, double, double)'> (0x00000006237f8e28) 
thrown [s\src\hotspot\share\interpreter\linkResolver.cpp, line 773]
Event: 0.348 Thread 0x000001f2cea55aa0 Exception <a 'java/lang/NoSuchMethodError'{0x00000006230075d8}: 'void java.lang.invoke.DirectMethodHandle$Holder.invokeStaticInit(java.lang.Object, long, int, int, int)'> (0x00000006230075d8) 
thrown [s\src\hotspot\share\interpreter\linkResolver.cpp, line 773]
Event: 0.351 Thread 0x000001f2cea55aa0 Exception <a 'java/lang/NoSuchMethodError'{0x000000062301fc50}: 'void java.lang.invoke.DirectMethodHandle$Holder.invokeStaticInit(java.lang.Object, long, int, int, int, int)'> (0x000000062301fc50) 
thrown [s\src\hotspot\share\interpreter\linkResolver.cpp, line 773]
Event: 0.393 Thread 0x000001f2cea55aa0 Exception <a 'java/lang/NoSuchMethodError'{0x00000006230423e0}: 'void java.lang.System.load(java.lang.String, java.lang.Class)'> (0x00000006230423e0) 
thrown [s\src\hotspot\share\interpreter\linkResolver.cpp, line 773]
Event: 0.394 Thread 0x000001f2cea55aa0 Exception <a 'java/lang/NoSuchMethodError'{0x0000000623044e50}: 'void java.lang.System.loadLibrary(java.lang.String, java.lang.Class)'> (0x0000000623044e50) 
thrown [s\src\hotspot\share\interpreter\linkResolver.cpp, line 773]
Event: 0.398 Thread 0x000001f2cea55aa0 Exception <a 'sun/nio/fs/WindowsException'{0x00000006230545f0}> (0x00000006230545f0) 
thrown [s\src\hotspot\share\prims\jni.cpp, line 520]
Event: 0.398 Thread 0x000001f2cea55aa0 Exception <a 'sun/nio/fs/WindowsException'{0x0000000623054990}> (0x0000000623054990) 
thrown [s\src\hotspot\share\prims\jni.cpp, line 520]
Event: 0.401 Thread 0x000001f2cea55aa0 Exception <a 'sun/nio/fs/WindowsException'{0x000000062305e8e0}> (0x000000062305e8e0) 
thrown [s\src\hotspot\share\prims\jni.cpp, line 520]
Event: 0.401 Thread 0x000001f2cea55aa0 Exception <a 'sun/nio/fs/WindowsException'{0x000000062305ebb0}> (0x000000062305ebb0) 
thrown [s\src\hotspot\share\prims\jni.cpp, line 520]
Event: 0.657 Thread 0x000001f2cea55aa0 Exception <a 'java/lang/NoSuchMethodError'{0x0000000622d508f0}: 'void java.lang.System.load(java.lang.String, java.lang.Class)'> (0x0000000622d508f0) 
thrown [s\src\hotspot\share\interpreter\linkResolver.cpp, line 773]
Event: 0.658 Thread 0x000001f2cea55aa0 Exception <a 'java/lang/NoSuchMethodError'{0x0000000622d53360}: 'void java.lang.System.loadLibrary(java.lang.String, java.lang.Class)'> (0x0000000622d53360) 
thrown [s\src\hotspot\share\interpreter\linkResolver.cpp, line 773]
Event: 0.662 Thread 0x000001f2cea55aa0 Exception <a 'sun/nio/fs/WindowsException'{0x0000000622d62f58}> (0x0000000622d62f58) 
thrown [s\src\hotspot\share\prims\jni.cpp, line 520]
Event: 0.662 Thread 0x000001f2cea55aa0 Exception <a 'sun/nio/fs/WindowsException'{0x0000000622d632d8}> (0x0000000622d632d8) 
thrown [s\src\hotspot\share\prims\jni.cpp, line 520]

ZGC Phase Switch (0 events):
No events

VM Operations (8 events):
Event: 0.056 Executing VM operation: HandshakeAllThreads (Deoptimize)
Event: 0.056 Executing VM operation: HandshakeAllThreads (Deoptimize) done
Event: 0.106 Executing VM operation: HandshakeAllThreads (Deoptimize)
Event: 0.106 Executing VM operation: HandshakeAllThreads (Deoptimize) done
Event: 0.853 Executing VM operation: HandshakeAllThreads (Deoptimize)
Event: 0.853 Executing VM operation: HandshakeAllThreads (Deoptimize) done
Event: 1.864 Executing VM operation: Cleanup
Event: 1.864 Executing VM operation: Cleanup done

Memory protections (0 events):
No events

Nmethod flushes (0 events):
No events

Events (16 events):
Event: 0.014 Thread 0x000001f2cea55aa0 Thread added: 0x000001f2cea55aa0
Event: 0.022 Thread 0x000001f2cea55aa0 Thread added: 0x000001f2f326b8b0
Event: 0.022 Thread 0x000001f2cea55aa0 Thread added: 0x000001f2f326ee40
Event: 0.022 Thread 0x000001f2cea55aa0 Thread added: 0x000001f2f3279bd0
Event: 0.022 Thread 0x000001f2cea55aa0 Thread added: 0x000001f2f327b800
Event: 0.022 Thread 0x000001f2cea55aa0 Thread added: 0x000001f2f327d8a0
Event: 0.022 Thread 0x000001f2cea55aa0 Thread added: 0x000001f2f62f60e0
Event: 0.022 Thread 0x000001f2cea55aa0 Thread added: 0x000001f2f62fe750
Event: 0.022 Thread 0x000001f2cea55aa0 Thread added: 0x000001f2f6304e70
Event: 0.041 Thread 0x000001f2f6304e70 Thread added: 0x000001f2f64103f0
Event: 0.043 Thread 0x000001f2f6304e70 Thread added: 0x000001f2f6451e30
Event: 0.044 Thread 0x000001f2cea55aa0 Thread added: 0x000001f2f6467c40
Event: 0.045 Thread 0x000001f2cea55aa0 Thread added: 0x000001f2f6470a60
Event: 0.063 Thread 0x000001f2f6451e30 Thread added: 0x000001f2f66c0810
Event: 0.346 Thread 0x000001f2f66c0810 Thread exited: 0x000001f2f66c0810
Event: 0.400 Thread 0x000001f2f6304e70 Thread added: 0x000001f2febdbed0


Dynamic libraries:
0x00007ff7d1f50000 - 0x00007ff7d1f5e000 	C:\Program Files\Eclipse Adoptium\jdk-21.0.7.6-hotspot\bin\java.exe
0x00007ffeae100000 - 0x00007ffeae368000 	C:\WINDOWS\SYSTEM32\ntdll.dll
0x00007ffe737a0000 - 0x00007ffe737c0000 	C:\Program Files\Norton\Suite\aswhook.dll
0x00007ffead840000 - 0x00007ffead909000 	C:\WINDOWS\System32\KERNEL32.DLL
0x00007ffeab570000 - 0x00007ffeab95d000 	C:\WINDOWS\System32\KERNELBASE.dll
0x00007ffeab960000 - 0x00007ffeabaab000 	C:\WINDOWS\System32\ucrtbase.dll
0x00007ffe82560000 - 0x00007ffe82578000 	C:\Program Files\Eclipse Adoptium\jdk-21.0.7.6-hotspot\bin\jli.dll
0x00007ffe82540000 - 0x00007ffe8255e000 	C:\Program Files\Eclipse Adoptium\jdk-21.0.7.6-hotspot\bin\VCRUNTIME140.dll
0x00007ffeac0a0000 - 0x00007ffeac26c000 	C:\WINDOWS\System32\USER32.dll
0x00007ffeab480000 - 0x00007ffeab4a7000 	C:\WINDOWS\System32\win32u.dll
0x00007ffead9b0000 - 0x00007ffead9db000 	C:\WINDOWS\System32\GDI32.dll
0x00007ffe91ec0000 - 0x00007ffe9215a000 	C:\WINDOWS\WinSxS\amd64_microsoft.windows.common-controls_6595b64144ccf1df_6.0.26100.4484_none_3e0e6d4ce32ef3b3\COMCTL32.dll
0x00007ffeabcd0000 - 0x00007ffeabe07000 	C:\WINDOWS\System32\gdi32full.dll
0x00007ffeadd20000 - 0x00007ffeaddc9000 	C:\WINDOWS\System32\msvcrt.dll
0x00007ffeab250000 - 0x00007ffeab2f3000 	C:\WINDOWS\System32\msvcp_win.dll
0x00007ffeadce0000 - 0x00007ffeadd0f000 	C:\WINDOWS\System32\IMM32.DLL
0x00007ffe787d0000 - 0x00007ffe788c2000 	C:\Program Files\Windhawk\Engine\1.6.1\64\windhawk.dll
0x00007ffeabf60000 - 0x00007ffeac014000 	C:\WINDOWS\System32\ADVAPI32.dll
0x00007ffeaded0000 - 0x00007ffeadf76000 	C:\WINDOWS\System32\sechost.dll
0x00007ffeadfa0000 - 0x00007ffeae0b8000 	C:\WINDOWS\System32\RPCRT4.dll
0x00007ffe90a10000 - 0x00007ffe90a1c000 	C:\Program Files\Eclipse Adoptium\jdk-21.0.7.6-hotspot\bin\vcruntime140_1.dll
0x00007ffe767b0000 - 0x00007ffe7683d000 	C:\Program Files\Eclipse Adoptium\jdk-21.0.7.6-hotspot\bin\msvcp140.dll
0x00007ffdc4f90000 - 0x00007ffdc5d20000 	C:\Program Files\Eclipse Adoptium\jdk-21.0.7.6-hotspot\bin\server\jvm.dll
0x00007ffeadc60000 - 0x00007ffeadcd4000 	C:\WINDOWS\System32\WS2_32.dll
0x00007ffeaae70000 - 0x00007ffeaaece000 	C:\WINDOWS\SYSTEM32\POWRPROF.dll
0x00007ffea41d0000 - 0x00007ffea41db000 	C:\WINDOWS\SYSTEM32\VERSION.dll
0x00007ffe9c670000 - 0x00007ffe9c6a5000 	C:\WINDOWS\SYSTEM32\WINMM.dll
0x00007ffeaadd0000 - 0x00007ffeaade4000 	C:\WINDOWS\SYSTEM32\UMPDC.dll
0x00007ffea9fc0000 - 0x00007ffea9fdb000 	C:\WINDOWS\SYSTEM32\kernel.appcore.dll
0x00007ffe82590000 - 0x00007ffe8259a000 	C:\Program Files\Eclipse Adoptium\jdk-21.0.7.6-hotspot\bin\jimage.dll
0x00007ffea8180000 - 0x00007ffea83c1000 	C:\WINDOWS\SYSTEM32\DBGHELP.DLL
0x00007ffeacb90000 - 0x00007ffeacf16000 	C:\WINDOWS\System32\combase.dll
0x00007ffeadae0000 - 0x00007ffeadbc0000 	C:\WINDOWS\System32\OLEAUT32.dll
0x00007ffe9c5d0000 - 0x00007ffe9c613000 	C:\WINDOWS\SYSTEM32\dbgcore.DLL
0x00007ffeabab0000 - 0x00007ffeabb49000 	C:\WINDOWS\System32\bcryptPrimitives.dll
0x00007ffe82400000 - 0x00007ffe8241f000 	C:\Program Files\Eclipse Adoptium\jdk-21.0.7.6-hotspot\bin\java.dll
0x00007ffeacf20000 - 0x00007ffead66a000 	C:\WINDOWS\System32\SHELL32.dll
0x00007ffeab300000 - 0x00007ffeab474000 	C:\WINDOWS\System32\wintypes.dll
0x00007ffea8e70000 - 0x00007ffea96cb000 	C:\WINDOWS\SYSTEM32\windows.storage.dll
0x00007ffeaddd0000 - 0x00007ffeadec5000 	C:\WINDOWS\System32\SHCORE.dll
0x00007ffead940000 - 0x00007ffead9aa000 	C:\WINDOWS\System32\shlwapi.dll
0x00007ffeab160000 - 0x00007ffeab18f000 	C:\WINDOWS\SYSTEM32\profapi.dll
0x00007ffe34920000 - 0x00007ffe349f7000 	C:\Program Files\Eclipse Adoptium\jdk-21.0.7.6-hotspot\bin\jsvml.dll
0x00007ffe823f0000 - 0x00007ffe82400000 	C:\Program Files\Eclipse Adoptium\jdk-21.0.7.6-hotspot\bin\net.dll
0x00007ffea2db0000 - 0x00007ffea2ece000 	C:\WINDOWS\SYSTEM32\WINHTTP.dll
0x00007ffeaa560000 - 0x00007ffeaa5ca000 	C:\WINDOWS\system32\mswsock.dll
0x00007ffe823a0000 - 0x00007ffe823b6000 	C:\Program Files\Eclipse Adoptium\jdk-21.0.7.6-hotspot\bin\nio.dll
0x00007ffe7c350000 - 0x00007ffe7c368000 	C:\Program Files\Eclipse Adoptium\jdk-21.0.7.6-hotspot\bin\zip.dll
0x00007ffe818a0000 - 0x00007ffe8191b000 	C:\Users\joshu\AppData\Local\Temp\lwjgl_joshu\3.3.4+7\x64\lwjgl.dll
0x00007ffe68ad0000 - 0x00007ffe68b55000 	C:\Users\joshu\AppData\Local\Temp\lwjgl_joshu\3.3.4+7\x64\glfw.dll
0x00007ffe380c0000 - 0x00007ffe3810b000 	C:\WINDOWS\SYSTEM32\dinput8.dll
0x00007ffe657b0000 - 0x00007ffe657c2000 	C:\WINDOWS\SYSTEM32\xinput1_4.dll
0x00007ffeaae40000 - 0x00007ffeaae6d000 	C:\WINDOWS\SYSTEM32\DEVOBJ.dll
0x00007ffeaaee0000 - 0x00007ffeaaf37000 	C:\WINDOWS\SYSTEM32\cfgmgr32.dll
0x00007ffea85b0000 - 0x00007ffea85e6000 	C:\WINDOWS\SYSTEM32\dwmapi.dll
0x00007ffe9daf0000 - 0x00007ffe9dcd3000 	C:\WINDOWS\SYSTEM32\inputhost.dll
0x00007ffea6c80000 - 0x00007ffea6da5000 	C:\WINDOWS\SYSTEM32\CoreMessaging.dll
0x00007ffea7f80000 - 0x00007ffea802f000 	C:\WINDOWS\system32\uxtheme.dll
0x00007ffeaa850000 - 0x00007ffeaa85c000 	C:\WINDOWS\SYSTEM32\CRYPTBASE.DLL
0x00007ffead6d0000 - 0x00007ffead830000 	C:\WINDOWS\System32\MSCTF.dll
0x00007ffe7c100000 - 0x00007ffe7c218000 	C:\WINDOWS\SYSTEM32\opengl32.dll
0x00007ffe7bb10000 - 0x00007ffe7bb3d000 	C:\WINDOWS\SYSTEM32\GLU32.dll
0x00007ffea84e0000 - 0x00007ffea852d000 	C:\WINDOWS\SYSTEM32\dxcore.dll
0x00007ffe935d0000 - 0x00007ffe935ea000 	C:\WINDOWS\SYSTEM32\windows.staterepositorycore.dll
0x00007ffdd8290000 - 0x00007ffddab26000 	C:\WINDOWS\System32\DriverStore\FileRepository\nvaki.inf_amd64_638171aa0e8c1799\nvoglv64.dll
0x00007ffeac420000 - 0x00007ffeac8a6000 	C:\WINDOWS\System32\SETUPAPI.dll
0x00007ffeac270000 - 0x00007ffeac40e000 	C:\WINDOWS\System32\ole32.dll
0x00007ffea7420000 - 0x00007ffea7436000 	C:\WINDOWS\SYSTEM32\WTSAPI32.dll
0x00007ffeaa8a0000 - 0x00007ffeaa8b3000 	C:\WINDOWS\SYSTEM32\msasn1.dll
0x00007ffea2110000 - 0x00007ffea214b000 	C:\WINDOWS\SYSTEM32\cryptnet.dll
0x00007ffeabb50000 - 0x00007ffeabcc7000 	C:\WINDOWS\System32\CRYPT32.dll
0x00007ffeaa910000 - 0x00007ffeaa97b000 	C:\WINDOWS\SYSTEM32\wldp.dll
0x00007ffea1f90000 - 0x00007ffea210c000 	C:\WINDOWS\SYSTEM32\drvstore.dll
0x00007ffeabe10000 - 0x00007ffeabe94000 	C:\WINDOWS\System32\WINTRUST.dll
0x00007ffeaa0f0000 - 0x00007ffeaa126000 	C:\WINDOWS\SYSTEM32\ntmarta.dll
0x00007ffead910000 - 0x00007ffead930000 	C:\WINDOWS\System32\imagehlp.dll
0x00007ffeaa830000 - 0x00007ffeaa84b000 	C:\WINDOWS\SYSTEM32\CRYPTSP.dll
0x00007ffea9f20000 - 0x00007ffea9f5b000 	C:\WINDOWS\system32\rsaenh.dll
0x00007ffeab130000 - 0x00007ffeab156000 	C:\WINDOWS\SYSTEM32\bcrypt.dll
0x00007ffe9ddc0000 - 0x00007ffea1873000 	C:\WINDOWS\System32\DriverStore\FileRepository\nvaki.inf_amd64_638171aa0e8c1799\nvgpucomp64.dll
0x00007ffe72e70000 - 0x00007ffe73184000 	C:\WINDOWS\system32\nvspcap64.dll
0x00007ffeaaa10000 - 0x00007ffeaaa77000 	C:\WINDOWS\SYSTEM32\WINSTA.dll
0x00007ffea1d20000 - 0x00007ffea1e70000 	C:\WINDOWS\SYSTEM32\textinputframework.dll
0x00007ffea3430000 - 0x00007ffea3713000 	C:\WINDOWS\SYSTEM32\CoreUIComponents.dll
0x00007ffe91d80000 - 0x00007ffe91dfd000 	C:\WINDOWS\system32\Oleacc.dll
0x00007ffe57480000 - 0x00007ffe574e1000 	C:\Users\joshu\AppData\Local\Temp\lwjgl_joshu\3.3.4+7\x64\lwjgl_opengl.dll
0x00007ffdc2590000 - 0x00007ffdc2d84000 	C:\Users\joshu\AppData\Local\Temp\imgui-java-natives\1.89.0\imgui-java64.dll
0x00007ffe50200000 - 0x00007ffe502a0000 	C:\Users\joshu\AppData\Local\Temp\lwjgl_joshu\3.3.4+7\x64\lwjgl_stb.dll
0x00007ffe81760000 - 0x00007ffe81770000 	C:\Program Files\Eclipse Adoptium\jdk-21.0.7.6-hotspot\bin\verify.dll
0x00007ffeabea0000 - 0x00007ffeabf48000 	C:\WINDOWS\System32\clbcatq.dll
0x00007ffe8c040000 - 0x00007ffe8c09e000 	C:\WINDOWS\system32\ApplicationTargetedFeatureDatabase.dll
0x00007ffe9c390000 - 0x00007ffe9c5c8000 	C:\Windows\System32\twinapi.appcore.dll
0x00007ffe7bbd0000 - 0x00007ffe7c003000 	C:\Windows\System32\uiautomationcore.dll

dbghelp: loaded successfully - version: 4.0.5 - missing functions: none
symbol engine: initialized successfully - sym options: 0x614 - pdb path: .;C:\Program Files\Eclipse Adoptium\jdk-21.0.7.6-hotspot\bin;C:\WINDOWS\SYSTEM32;C:\Program Files\Norton\Suite;C:\WINDOWS\WinSxS\amd64_microsoft.windows.common-controls_6595b64144ccf1df_6.0.26100.4484_none_3e0e6d4ce32ef3b3;C:\Program Files\Windhawk\Engine\1.6.1\64;C:\Program Files\Eclipse Adoptium\jdk-21.0.7.6-hotspot\bin\server;C:\Users\joshu\AppData\Local\Temp\lwjgl_joshu\3.3.4+7\x64;C:\WINDOWS\System32\DriverStore\FileRepository\nvaki.inf_amd64_638171aa0e8c1799;C:\Users\joshu\AppData\Local\Temp\imgui-java-natives\1.89.0

VM Arguments:
jvm_args: -Dfile.encoding=windows-1252 -Duser.country=US -Duser.language=en -Duser.variant -ea 
java_command: org.example.Main
java_class_path (initial): C:\Users\joshu\OneDrive\Desktop\Projects\2D_engine\build\classes\java\main;C:\Users\joshu\OneDrive\Desktop\Projects\2D_engine\build\resources\main;C:\Users\joshu\.gradle\caches\modules-2\files-2.1\io.github.spair\imgui-java-app\1.89.0\b489c73b9762cd339860450dba936a0db5052d86\imgui-java-app-1.89.0.jar;C:\Users\joshu\.gradle\caches\modules-2\files-2.1\io.github.spair\imgui-java-lwjgl3\1.89.0\ecaa154c833084700e8acb1c3a10c68761095516\imgui-java-lwjgl3-1.89.0.jar;C:\Users\joshu\.gradle\caches\modules-2\files-2.1\org.lwjgl\lwjgl-assimp\3.3.4\4651577de25afb21511c4b39e1ee3002ab1cad5d\lwjgl-assimp-3.3.4.jar;C:\Users\joshu\.gradle\caches\modules-2\files-2.1\org.lwjgl\lwjgl-assimp\3.3.4\65a7534e8a97b340c5e9716e15339b2b8964d656\lwjgl-assimp-3.3.4-natives-windows.jar;C:\Users\joshu\.gradle\caches\modules-2\files-2.1\org.lwjgl\lwjgl-glfw\3.3.4\7e46ecdec85db8738053cfde1414352cd62dab74\lwjgl-glfw-3.3.4.jar;C:\Users\joshu\.gradle\caches\modules-2\files-2.1\org.lwjgl\lwjgl-glfw\3.3.4\370ef92d15819a123c643dd2b0fc3a2d40bb263c\lwjgl-glfw-3.3.4-natives-windows.jar;C:\Users\joshu\.gradle\caches\modules-2\files-2.1\org.lwjgl\lwjgl-glfw\3.3.4\91e3d4b56d6d1369ef107b9d7801c9f38125c590\lwjgl-glfw-3.3.4-natives-linux.jar;C:\Users\joshu\.gradle\caches\modules-2\files-2.1\org.lwjgl\lwjgl-glfw\3.3.4\753fa860987242ceefa990a6062a18dff4908a33\lwjgl-glfw-3.3.4-natives-macos.jar;C:\Users\joshu\.gradle\caches\modules-2\files-2.1\org.lwjgl\lwjgl-glfw\3.3.4\4c358e983516fb6318b76c892ac35b79e8f2f8d9\lwjgl-glfw-3.3.4-natives-macos-arm64.jar;C:\Users\joshu\.gradle\caches\modules-2\files-2.1\org.lwjgl\lwjgl-nfd\3.3.4\176827b812b331189e36d4879926f50f4fc37b50\lwjgl-nfd-3.3.4.jar;C:\Users\joshu\.gradle\caches\modules-2\files-2.1\org.lwjgl\lwjgl-nfd\3.3.4\f67e276de66b5666322c6cbc7772786de99634bf\lwjgl-nfd-3.3.4-natives-windows.jar;C:\Users\joshu\.gradle\caches\modules-2\files-2.1\org.lwjgl\lwjgl-openal\3.3.4\9b74d3ea380c83353d42af43ad9659e04dabe84a\lwjgl-openal-3.3.4.jar;C:\Users\joshu\.gradle\caches\modules-2\files-2.1\org.lwjgl\lwjgl-openal\3.3.4\c4de8af803aacda71044418095a71cd63b569a15\lwjgl-openal-3.3.4-natives-windows.jar;C:\Users\joshu\.gradle\caches\modules-2\files-2.1\org.lwjgl\lwjgl-opengl\3.3.4\2852ac7d9f6fc71349f1ce28e2708ff1977f18af\lwjgl-opengl-3.3.4.jar;C:\Users\joshu\.gradle\caches\modules-2\files-2.1\org.lwjgl\lwjgl-opengl\3.3.4\f7ca4e75573a9ce83075bd86bc8a3e49ff106696\lwjgl-opengl-3.3.4-natives-windows.jar;C:\Users\joshu\.gradle\caches\modules-2\files-2.1\org.lwjgl\lwjgl-opengl\3.3.4\789df76d2e3da55349d858dfb81442149af7c7f4\lwjgl-opengl-3.3.4-natives-linux.jar;C:\Users\joshu\.gradle\caches\modules-2\files-2.1\org.lwjgl\lwjgl-opengl\3.3.4\ae0dd9d292744114f54d268a98cf1cd748b9994d\lwjgl-opengl-3.3.4-natives-macos.jar;C:\Users\joshu\.gradle\caches\modules-2\files-2.1\org.lwjgl\lwjgl-opengl\3.3.4\832e7deef981577ee7aeb3b9e1c74bc0e5d26cce\lwjgl-opengl-3.3.4-natives-macos-arm64.jar;C:\Users\joshu\.gradle\caches\modules-2\files-2.1\org.lwjgl\lwjgl-stb\3.3.4\5821735d5ef23f6da8542887344e57eb181b7cac\lwjgl-stb-3.3.4.jar;C:\Users\joshu\.gradle\caches\modules-2\files-2.1\org.lwjgl\lwjgl-stb\3.3.4\8310e565463ec8d369528e8b26a9b1518d079a01\lwjgl-stb-3.3.4-natives-windows.jar;C:\Users\joshu\.gradle\caches\modules-2\files-2.1\org.lwjgl\lwjgl\3.3.4\b86c3e4832426e8a6b466013b7cb34b40e9ce956\lwjgl-3.3.4.jar;C:\Users\joshu\.gradle\caches\modules-2\files-2.1\org.lwjgl\lwjgl\3.3.4\dd0927c1348cdcd9573fa24b7278ec1ac2bb0a76\lwjgl-3.3.4-natives-windows.jar;C:\Users\joshu\.gradle\caches\modules-2\files-2.1\org.lwjgl\lwjgl\3.3.4\a7ccba1d3f2fef214943e74335a80cc65d04e49\lwjgl-3.3.4-natives-linux.jar;C:\Users\joshu\.gradle\caches\modules-2\files-2.1\org.lwjgl\lwjgl\3.3.4\f952bb0894c946445942431de2e311feee635c00\lwjgl-3.3.4-natives-macos.jar;C:\Users\joshu\.gradle\caches\modules-2\files-2.1\org.lwjgl\lwjgl\3.3.4\d12785da7cdca4921603b5dd83f712f5cdba3fc4\lwjgl-3.3.4-natives-macos-arm64.jar;C:\Users\joshu\.gradle\caches\modules-2\files-2.1\org.joml\joml\1.10.8\fc0a71dad90a2cf41d82a76156a0e700af8e4f8d\joml-1.10.8.jar;C:\Users\joshu\.gradle\caches\modules-2\files-2.1\org.jetbrains.kotlin\kotlin-stdlib-jdk8\1.8.20\73576ddf378c5b4f1f6b449fe6b119b8183fc078\kotlin-stdlib-jdk8-1.8.20.jar;C:\Users\joshu\.gradle\caches\modules-2\files-2.1\io.github.spair\imgui-java-binding\1.89.0\97c691effb5cf18f918546df7e770cdee19a2fa2\imgui-java-binding-1.89.0.jar;C:\Users\joshu\.gradle\caches\modules-2\files-2.1\org.jetbrains.kotlin\kotlin-stdlib-jdk7\1.8.20\3aa51faf20aae8b31e1a4bc54f8370673d7b7df4\kotlin-stdlib-jdk7-1.8.20.jar;C:\Users\joshu\.gradle\caches\modules-2\files-2.1\org.jetbrains.kotlin\kotlin-stdlib\1.8.20\e72fc5e03ec6c064c678a6bd0d955c88d55b0c4a\kotlin-stdlib-1.8.20.jar;C:\Users\joshu\.gradle\caches\modules-2\files-2.1\org.jetbrains.kotlin\kotlin-stdlib-common\1.8.20\5eddaaf234c8c49d03eebeb6a14feb7f90faca71\kotlin-stdlib-common-1.8.20.jar;C:\Users\joshu\.gradle\caches\modules-2\files-2.1\org.jetbrains\annotations\13.0\919f0dfe192fb4e063e7dacadee7f8bb9a2672a9\annotations-13.0.jar
Launcher Type: SUN_STANDARD

[Global flags]
     intx CICompilerCount                          = 12                                        {product} {ergonomic}
     uint ConcGCThreads                            = 4                                         {product} {ergonomic}
     uint G1ConcRefinementThreads                  = 15                                        {product} {ergonomic}
   size_t G1HeapRegionSize                         = 4194304                                   {product} {ergonomic}
    uintx GCDrainStackTargetSize                   = 64                                        {product} {ergonomic}
   size_t InitialHeapSize                          = 532676608                                 {product} {ergonomic}
   size_t MarkStackSize                            = 4194304                                   {product} {ergonomic}
   size_t MaxHeapSize                              = 8522825728                                {product} {ergonomic}
   size_t MaxNewSize                               = 5112856576                                {product} {ergonomic}
   size_t MinHeapDeltaBytes                        = 4194304                                   {product} {ergonomic}
   size_t MinHeapSize                              = 8388608                                   {product} {ergonomic}
    uintx NonNMethodCodeHeapSize                   = 7602480                                {pd product} {ergonomic}
    uintx NonProfiledCodeHeapSize                  = 122027880                              {pd product} {ergonomic}
    uintx ProfiledCodeHeapSize                     = 122027880                              {pd product} {ergonomic}
    uintx ReservedCodeCacheSize                    = 251658240                              {pd product} {ergonomic}
     bool SegmentedCodeCache                       = true                                      {product} {ergonomic}
   size_t SoftMaxHeapSize                          = 8522825728                             {manageable} {ergonomic}
     bool UseCompressedOops                        = true                           {product lp64_product} {ergonomic}
     bool UseG1GC                                  = true                                      {product} {ergonomic}
     bool UseLargePagesIndividualAllocation        = false                                  {pd product} {ergonomic}

Logging:
Log output configuration:
 #0: stdout all=warning uptime,level,tags foldmultilines=false
 #1: stderr all=off uptime,level,tags foldmultilines=false

Environment Variables:
JAVA_HOME=C:\Program Files\Eclipse Adoptium\jdk-21.0.7.6-hotspot\
PATH=C:\Program Files\PlasticSCM5\server;C:\Program Files\PlasticSCM5\client;C:\Program Files\Eclipse Adoptium\jdk-21.0.7.6-hotspot\bin;C:\Program Files (x86)\Common Files\Oracle\Java\java8path;C:\Program Files (x86)\Common Files\Oracle\Java\javapath;C:\Program Files\Eclipse Adoptium\jdk-17.0.11.9-hotspot\bin;C:\Python312\Scripts\;C:\Python312\;C:\Program Files (x86)\Eclipse Adoptium\jdk-8.0.382.5-hotspot\bin;C:\Program Files\Oculus\Support\oculus-runtime;C:\Windows\system32;C:\Windows;C:\Windows\System32\Wbem;C:\Windows\System32\WindowsPowerShell\v1.0\;C:\Windows\System32\OpenSSH\;C:\Program Files (x86)\NVIDIA Corporation\PhysX\Common;C:\WINDOWS\system32;C:\WINDOWS;C:\WINDOWS\System32\Wbem;C:\WINDOWS\System32\WindowsPowerShell\v1.0\;C:\WINDOWS\System32\OpenSSH\;C:\Program Files\FFmpeg;C:\HaxeToolkit\haxe;C:\HaxeToolkit\neko;C:\ProgramData\chocolatey\bin;C:\Program Files\dotnet\;C:\Program Files\nodejs\;C:\Program Files\Git\cmd;C:\WINDOWS\system32;C:\WINDOWS;C:\WINDOWS\System32\Wbem;C:\WINDOWS\System32\WindowsPowerShell\v1.0\;C:\WINDOWS\System32\OpenSSH\;C:\Program Files (x86)\Windows Kits\10\Windows Performance Toolkit\;C:\Program Files\NVIDIA Corporation\NVIDIA App\NvDLISR;C:\Users\joshu\AppData\Local\Programs\Python\Python36\Scripts\;C:\Users\joshu\AppData\Local\Programs\Python\Python36\;C:\Users\joshu\.cargo\bin;C:\Users\joshu\AppData\Local\Microsoft\WindowsApps;C:\Users\joshu\AppData\Local\Programs\Microsoft VS Code\bin;C:\Users\joshu\AppData\Local\GitHubDesktop\bin;C:\Users\joshu\AppData\Local\JetBrains\Toolbox\scripts;C:\msys64\ucrt64\bin;C:\Users\joshu\AppData\Roaming\npm;C:\Users\joshu\AppData\Local\spicetify;C:\Users\joshu\.dotnet\tools;;%USERPROFILE%\AppData\Local\Microsoft\WindowsApps;C:\Users\joshu\.aftman\bin
USERNAME=joshu
OS=Windows_NT
PROCESSOR_IDENTIFIER=Intel64 Family 6 Model 151 Stepping 2, GenuineIntel
TMP=C:\Users\joshu\AppData\Local\Temp
TEMP=C:\Users\joshu\AppData\Local\Temp




Periodic native trim disabled

---------------  S Y S T E M  ---------------

OS:
 Windows 11 , 64 bit Build 26100 (10.0.26100.4484)
OS uptime: 5 days 5:16 hours
Hyper-V role detected

CPU: total 20 (initial active 20) (10 cores per cpu, 2 threads per core) family 6 model 151 stepping 2 microcode 0x34, cx8, cmov, fxsr, ht, mmx, 3dnowpref, sse, sse2, sse3, ssse3, sse4.1, sse4.2, popcnt, lzcnt, tsc, tscinvbit, avx, avx2, aes, erms, clmul, bmi1, bmi2, adx, sha, fma, vzeroupper, clflush, clflushopt, clwb, hv, serialize, rdtscp, rdpid, fsrm, f16c, cet_ibt, cet_ss
Processor Information for processor 0
  Max Mhz: 2100, Current Mhz: 2100, Mhz Limit: 2100
Processor Information for processor 1
  Max Mhz: 2100, Current Mhz: 2100, Mhz Limit: 2100
Processor Information for processor 2
  Max Mhz: 2100, Current Mhz: 2100, Mhz Limit: 2100
Processor Information for processor 3
  Max Mhz: 2100, Current Mhz: 2100, Mhz Limit: 2100
Processor Information for processor 4
  Max Mhz: 2100, Current Mhz: 2100, Mhz Limit: 2100
Processor Information for processor 5
  Max Mhz: 2100, Current Mhz: 2100, Mhz Limit: 2100
Processor Information for processor 6
  Max Mhz: 2100, Current Mhz: 2100, Mhz Limit: 2100
Processor Information for processor 7
  Max Mhz: 2100, Current Mhz: 2100, Mhz Limit: 2100
Processor Information for processor 8
  Max Mhz: 2100, Current Mhz: 2100, Mhz Limit: 2100
Processor Information for processor 9
  Max Mhz: 2100, Current Mhz: 2100, Mhz Limit: 2100
Processor Information for processor 10
  Max Mhz: 2100, Current Mhz: 2100, Mhz Limit: 2100
Processor Information for processor 11
  Max Mhz: 2100, Current Mhz: 2100, Mhz Limit: 2100
Processor Information for processor 12
  Max Mhz: 2100, Current Mhz: 2100, Mhz Limit: 2100
Processor Information for processor 13
  Max Mhz: 2100, Current Mhz: 2100, Mhz Limit: 2100
Processor Information for processor 14
  Max Mhz: 2100, Current Mhz: 2100, Mhz Limit: 2100
Processor Information for processor 15
  Max Mhz: 2100, Current Mhz: 2100, Mhz Limit: 2100
Processor Information for processor 16
  Max Mhz: 2100, Current Mhz: 1600, Mhz Limit: 1596
Processor Information for processor 17
  Max Mhz: 2100, Current Mhz: 1600, Mhz Limit: 1596
Processor Information for processor 18
  Max Mhz: 2100, Current Mhz: 1600, Mhz Limit: 1596
Processor Information for processor 19
  Max Mhz: 2100, Current Mhz: 1600, Mhz Limit: 1596

Memory: 4k page, system-wide physical 32509M (11120M free)
TotalPageFile size 46343M (AvailPageFile size 8740M)
current process WorkingSet (physical memory assigned to process): 127M, peak: 129M
current process commit charge ("private bytes"): 728M, peak: 732M

vm_info: OpenJDK 64-Bit Server VM (21.0.7+6-LTS) for windows-amd64 JRE (21.0.7+6-LTS), built on 2025-04-15T00:00:00Z by "admin" with MS VC++ 17.7 (VS2022)

END.
