#
# A fatal error has been detected by the Java Runtime Environment:
#
#  EXCEPTION_ACCESS_VIOLATION (0xc0000005) at pc=0x00007ffe39b07391, pid=44968, tid=61900
#
# JRE version: OpenJDK Runtime Environment Temurin-21.0.7+6 (21.0.7+6) (build 21.0.7+6-LTS)
# Java VM: OpenJDK 64-Bit Server VM Temurin-21.0.7+6 (21.0.7+6-LTS, mixed mode, sharing, tiered, compressed oops, compressed class ptrs, g1 gc, windows-amd64)
# Problematic frame:
# C  [glfw.dll+0x7391]
#
# No core dump will be written. Minidumps are not enabled by default on client versions of Windows
#
# If you would like to submit a bug report, please visit:
#   https://github.com/adoptium/adoptium-support/issues
# The crash happened outside the Java Virtual Machine in native code.
# See problematic frame for where to report the bug.
#

---------------  S U M M A R Y ------------

Command Line: -Dfile.encoding=windows-1252 -Duser.country=US -Duser.language=en -Duser.variant -ea org.example.Main

Host: 12th Gen Intel(R) Core(TM) i7-12700, 20 cores, 31G,  Windows 11 , 64 bit Build 26100 (10.0.26100.4484)
Time: Fri Aug  8 20:47:04 2025 Pacific Daylight Time elapsed time: 2.483249 seconds (0d 0h 0m 2s)

---------------  T H R E A D  ---------------

Current thread (0x000001b2565217c0):  JavaThread "main"             [_thread_in_native, id=61900, stack(0x0000005638000000,0x0000005638100000) (1024K)]

Stack: [0x0000005638000000,0x0000005638100000],  sp=0x00000056380ff400,  free space=1021k
Native frames: (J=compiled Java code, j=interpreted, Vv=VM code, C=native code)
C  [glfw.dll+0x7391]

Java frames: (J=compiled Java code, j=interpreted, Vv=VM code)
j  org.lwjgl.system.JNI.invokeV(J)V+0
j  org.lwjgl.glfw.GLFW.glfwTerminate()V+5
j  org.example.Hellena.Window.run()V+36
j  org.example.Main.main([Ljava/lang/String;)V+5
v  ~StubRoutines::call_stub 0x000001b26862100d

siginfo: EXCEPTION_ACCESS_VIOLATION (0xc0000005), writing address 0x00000000000007c8


Registers:
RAX=0x00007ffe50221330, RBX=0x000001b2414c1f40, RCX=0x0000000000000400, RDX=0x00000056380ff4f8
RSP=0x00000056380ff400, RBP=0x00000056380ff4e8, RSI=0x0000000000000400, RDI=0x000001b268628860
R8 =0x00007ffe39b02660, R9 =0x0000000623746290, R10=0x000001b26862ce1c, R11=0x00000006237716f8
R12=0x0000000000000000, R13=0x000001b2414c1f40, R14=0x00000056380ff510, R15=0x000001b2565217c0
RIP=0x00007ffe39b07391, EFLAGS=0x0000000000010206

XMM[0]=0x0000000000000000 0x0000000000000000
XMM[1]=0x0000000000000000 0x0000000000000000
XMM[2]=0x0000000000000000 0x0000000000000000
XMM[3]=0x0000000000000000 0x0000000000000000
XMM[4]=0x0000000000000000 0x0000000000000000
XMM[5]=0x0000000000000000 0x0000000000000000
XMM[6]=0x0000000000000000 0x9a9b3b9c00152048
XMM[7]=0x0000000000000000 0xccc2034ac1bee3a4
XMM[8]=0x0000000000000000 0x501ed801ce1b2369
XMM[9]=0x0000000000000000 0x34564134259ec05f
XMM[10]=0x0000000000000000 0x00000000f1487f2b
XMM[11]=0x0000000000000000 0x13ae434e394d03ad
XMM[12]=0x0000000000000000 0x00000000259ec05f
XMM[13]=0x0000000000000000 0x0000000000000000
XMM[14]=0x0000000000000000 0x0000000000000000
XMM[15]=0x0000000000000000 0x0000000000000000
  MXCSR=0x00001fa0


Register to memory mapping:

RAX=0x00007ffe50221330 lwjgl.dll
RBX={method} {0x000001b2414c1f48} 'invokeV' '(J)V' in 'org/lwjgl/system/JNI'
RCX=0x0000000000000400 is an unknown value
RDX=0x00000056380ff4f8 is pointing into the stack for thread: 0x000001b2565217c0
RSP=0x00000056380ff400 is pointing into the stack for thread: 0x000001b2565217c0
RBP=0x00000056380ff4e8 is pointing into the stack for thread: 0x000001b2565217c0
RSI=0x0000000000000400 is an unknown value
RDI=0x000001b268628860 is at code_begin+1184 in an Interpreter codelet
return entry points  [0x000001b2686283c0, 0x000001b268628f60]  2976 bytes
R8 =0x00007ffe39b02660 glfw.dll
R9 =0x0000000623746290 is an oop: java.lang.Class 
{0x0000000623746290} - klass: 'java/lang/Class'
 - ---- fields (total size 139 words):
 - private volatile transient 'classRedefinedCount' 'I' @12  0 (0x00000000)
 - injected 'klass' 'J' @16  1864032681248 (0x000001b201017d20)
 - injected 'array_klass' 'J' @24  0 (0x0000000000000000)
 - injected 'oop_size' 'I' @32  139 (0x0000008b)
 - injected 'static_oop_field_count' 'I' @36  0 (0x00000000)
 - private volatile transient 'cachedConstructor' 'Ljava/lang/reflect/Constructor;' @40  null (0x00000000)
 - private transient 'name' 'Ljava/lang/String;' @44  "org.lwjgl.glfw.GLFW$Functions"{0x00000006237466f8} (0xc46e8cdf)
 - private transient 'module' 'Ljava/lang/Module;' @48  a 'java/lang/Module'{0x00000006238747a8} (0xc470e8f5)
 - private final 'classLoader' 'Ljava/lang/ClassLoader;' @52  a 'jdk/internal/loader/ClassLoaders$AppClassLoader'{0x00000006238745e8} (0xc470e8bd)
 - private transient 'classData' 'Ljava/lang/Object;' @56  null (0x00000000)
 - private transient 'packageName' 'Ljava/lang/String;' @60  "org.lwjgl.glfw"{0x0000000623bf6600} (0xc477ecc0)
 - private final 'componentType' 'Ljava/lang/Class;' @64  null (0x00000000)
 - private volatile transient 'reflectionData' 'Ljava/lang/ref/SoftReference;' @68  null (0x00000000)
 - private volatile transient 'genericInfo' 'Lsun/reflect/generics/repository/ClassRepository;' @72  null (0x00000000)
 - private volatile transient 'enumConstants' '[Ljava/lang/Object;' @76  null (0x00000000)
 - private volatile transient 'enumConstantDirectory' 'Ljava/util/Map;' @80  null (0x00000000)
 - private volatile transient 'annotationData' 'Ljava/lang/Class$AnnotationData;' @84  null (0x00000000)
 - private volatile transient 'annotationType' 'Lsun/reflect/annotation/AnnotationType;' @88  null (0x00000000)
 - transient 'classValueMap' 'Ljava/lang/ClassValue$ClassValueMap;' @92  null (0x00000000)
 - injected 'protection_domain' 'Ljava/lang/Object;' @96  a 'java/security/ProtectionDomain'{0x0000000623bfae48} (0xc477f5c9)
 - injected 'signers_name' 'Ljava/lang/Object;' @100  null (0x00000000)
 - injected 'source_file' 'Ljava/lang/Object;' @104  null (0x00000000)
 - injected '<init_lock>' 'Ljava/lang/Object;' @108  null (0x00000000)
 - signature: Lorg/lwjgl/glfw/GLFW$Functions;
 - ---- static fields (0):
 - public static final 'Init' 'J' @112  140729866265440 (0x00007ffe39b02360)
 - public static final 'Terminate' 'J' @120  140729866266208 (0x00007ffe39b02660)
 - public static final 'InitHint' 'J' @128  140729866266224 (0x00007ffe39b02670)
 - public static final 'InitAllocator' 'J' @136  140729866266432 (0x00007ffe39b02740)
 - public static final 'GetVersion' 'J' @144  140729866266544 (0x00007ffe39b027b0)
 - public static final 'GetVersionString' 'J' @152  140729866282960 (0x00007ffe39b067d0)
 - public static final 'GetError' 'J' @160  140729866266592 (0x00007ffe39b027e0)
 - public static final 'SetErrorCallback' 'J' @168  140729866266688 (0x00007ffe39b02840)
 - public static final 'GetPlatform' 'J' @176  140729866282848 (0x00007ffe39b06760)
 - public static final 'PlatformSupported' 'J' @184  140729866282896 (0x00007ffe39b06790)
 - public static final 'GetMonitors' 'J' @192  140729866280976 (0x00007ffe39b06010)
 - public static final 'GetPrimaryMonitor' 'J' @200  140729866281040 (0x00007ffe39b06050)
 - public static final 'GetMonitorPos' 'J' @208  140729866281104 (0x00007ffe39b06090)
 - public static final 'GetMonitorWorkarea' 'J' @216  140729866281184 (0x00007ffe39b060e0)
 - public static final 'GetMonitorPhysicalSize' 'J' @224  140729866281280 (0x00007ffe39b06140)
 - public static final 'GetMonitorContentScale' 'J' @232  140729866281376 (0x00007ffe39b061a0)
 - public static final 'GetMonitorName' 'J' @240  140729866281456 (0x00007ffe39b061f0)
 - public static final 'SetMonitorUserPointer' 'J' @248  140729866281504 (0x00007ffe39b06220)
 - public static final 'GetMonitorUserPointer' 'J' @256  140729866281552 (0x00007ffe39b06250)
 - public static final 'SetMonitorCallback' 'J' @264  140729866281600 (0x00007ffe39b06280)
 - public static final 'GetVideoModes' 'J' @272  140729866281664 (0x00007ffe39b062c0)
 - public static final 'GetVideoMode' 'J' @280  140729866281856 (0x00007ffe39b06380)
 - public static final 'SetGamma' 'J' @288  140729866281936 (0x00007ffe39b063d0)
 - public static final 'GetGammaRamp' 'J' @296  140729866282464 (0x00007ffe39b065e0)
 - public static final 'SetGammaRamp' 'J' @304  140729866282592 (0x00007ffe39b06660)
 - public static final 'DefaultWindowHints' 'J' @312  140729866286176 (0x00007ffe39b07460)
 - public static final 'WindowHint' 'J' @320  140729866286432 (0x00007ffe39b07560)
 - public static final 'WindowHintString' 'J' @328  140729866287312 (0x00007ffe39b078d0)
 - public static final 'CreateWindow' 'J' @336  140729866285344 (0x00007ffe39b07120)
 - public static final 'DestroyWindow' 'J' @344  140729866285936 (0x00007ffe39b07370)
 - public static final 'WindowShouldClose' 'J' @352  140729866287472 (0x00007ffe39b07970)
 - public static final 'SetWindowShouldClose' 'J' @360  140729866287520 (0x00007ffe39b079a0)
 - public static final 'GetWindowTitle' 'J' @368  140729866287568 (0x00007ffe39b079d0)
 - public static final 'SetWindowTitle' 'J' @376  140729866287616 (0x00007ffe39b07a00)
 - public static final 'SetWindowIcon' 'J' @384  140729866287712 (0x00007ffe39b07a60)
 - public static final 'GetWindowPos' 'J' @392  140729866287824 (0x00007ffe39b07ad0)
 - public static final 'SetWindowPos' 'J' @400  140729866287904 (0x00007ffe39b07b20)
 - public static final 'GetWindowSize' 'J' @408  140729866287968 (0x00007ffe39b07b60)
 - public static final 'SetWindowSizeLimits' 'J' @416  140729866288112 (0x00007ffe39b07bf0)
 - public static final 'SetWindowAspectRatio' 'J' @424  140729866288304 (0x00007ffe39b07cb0)
 - public static final 'SetWindowSize' 'J' @432  140729866288048 (0x00007ffe39b07bb0)
 - public static final 'GetFramebufferSize' 'J' @440  140729866288432 (0x00007ffe39b07d30)
 - public static final 'GetWindowFrameSize' 'J' @448  140729866288512 (0x00007ffe39b07d80)
 - public static final 'GetWindowContentScale' 'J' @456  140729866288608 (0x00007ffe39b07de0)
 - public static final 'GetWindowOpacity' 'J' @464  140729866288688 (0x00007ffe39b07e30)
 - public static final 'SetWindowOpacity' 'J' @472  140729866288736 (0x00007ffe39b07e60)
 - public static final 'IconifyWindow' 'J' @480  140729866288832 (0x00007ffe39b07ec0)
 - public static final 'RestoreWindow' 'J' @488  140729866288880 (0x00007ffe39b07ef0)
 - public static final 'MaximizeWindow' 'J' @496  140729866288928 (0x00007ffe39b07f20)
 - public static final 'ShowWindow' 'J' @504  140729866288992 (0x00007ffe39b07f60)
 - public static final 'HideWindow' 'J' @512  140729866289120 (0x00007ffe39b07fe0)
 - public static final 'FocusWindow' 'J' @520  140729866289184 (0x00007ffe39b08020)
 - public static final 'RequestWindowAttention' 'J' @528  140729866289072 (0x00007ffe39b07fb0)
 - public static final 'GetWindowMonitor' 'J' @536  140729866289792 (0x00007ffe39b08280)
 - public static final 'SetWindowMonitor' 'J' @544  140729866289840 (0x00007ffe39b082b0)
 - public static final 'GetWindowAttrib' 'J' @552  140729866289232 (0x00007ffe39b08050)
 - public static final 'SetWindowAttrib' 'J' @560  140729866289600 (0x00007ffe39b081c0)
 - public static final 'SetWindowUserPointer' 'J' @568  140729866289984 (0x00007ffe39b08340)
 - public static final 'GetWindowUserPointer' 'J' @576  140729866290032 (0x00007ffe39b08370)
 - public static final 'SetWindowPosCallback' 'J' @584  140729866290080 (0x00007ffe39b083a0)
 - public static final 'SetWindowSizeCallback' 'J' @592  140729866290144 (0x00007ffe39b083e0)
 - public static final 'SetWindowCloseCallback' 'J' @600  140729866290208 (0x00007ffe39b08420)
 - public static final 'SetWindowRefreshCallback' 'J' @608  140729866290272 (0x00007ffe39b08460)
 - public static final 'SetWindowFocusCallback' 'J' @616  140729866290336 (0x00007ffe39b084a0)
 - public static final 'SetWindowIconifyCallback' 'J' @624  140729866290400 (0x00007ffe39b084e0)
 - public static final 'SetWindowMaximizeCallback' 'J' @632  140729866290464 (0x00007ffe39b08520)
 - public static final 'SetFramebufferSizeCallback' 'J' @640  140729866290528 (0x00007ffe39b08560)
 - public static final 'SetWindowContentScaleCallback' 'J' @648  140729866290592 (0x00007ffe39b085a0)
 - public static final 'PollEvents' 'J' @656  140729866290656 (0x00007ffe39b085e0)
 - public static final 'WaitEvents' 'J' @664  140729866290704 (0x00007ffe39b08610)
 - public static final 'WaitEventsTimeout' 'J' @672  140729866290752 (0x00007ffe39b08640)
 - public static final 'PostEmptyEvent' 'J' @680  140729866290848 (0x00007ffe39b086a0)
 - public static final 'GetInputMode' 'J' @688  140729866270944 (0x00007ffe39b038e0)
 - public static final 'SetInputMode' 'J' @696  140729866271104 (0x00007ffe39b03980)
 - public static final 'RawMouseMotionSupported' 'J' @704  140729866273056 (0x00007ffe39b04120)
 - public static final 'GetKeyName' 'J' @712  140729866273104 (0x00007ffe39b04150)
 - public static final 'GetKeyScancode' 'J' @720  140729866273248 (0x00007ffe39b041e0)
 - public static final 'GetKey' 'J' @728  140729866273344 (0x00007ffe39b04240)
 - public static final 'GetMouseButton' 'J' @736  140729866273456 (0x00007ffe39b042b0)
 - public static final 'GetCursorPos' 'J' @744  140729866273552 (0x00007ffe39b04310)
 - public static final 'SetCursorPos' 'J' @752  140729866273680 (0x00007ffe39b04390)
 - public static final 'CreateCursor' 'J' @760  140729866273920 (0x00007ffe39b04480)
 - public static final 'CreateStandardCursor' 'J' @768  140729866274400 (0x00007ffe39b04660)
 - public static final 'DestroyCursor' 'J' @776  140729866274208 (0x00007ffe39b045a0)
 - public static final 'SetCursor' 'J' @784  140729866274688 (0x00007ffe39b04780)
 - public static final 'GetPreeditCursorRectangle' 'J' @792  140729866274752 (0x00007ffe39b047c0)
 - public static final 'SetPreeditCursorRectangle' 'J' @800  140729866274816 (0x00007ffe39b04800)
 - public static final 'ResetPreeditText' 'J' @808  140729866274896 (0x00007ffe39b04850)
 - public static final 'GetPreeditCandidate' 'J' @816  140729866274912 (0x00007ffe39b04860)
 - public static final 'SetKeyCallback' 'J' @824  140729866274976 (0x00007ffe39b048a0)
 - public static final 'SetCharCallback' 'J' @832  140729866275040 (0x00007ffe39b048e0)
 - public static final 'SetCharModsCallback' 'J' @840  140729866275104 (0x00007ffe39b04920)
 - public static final 'SetPreeditCallback' 'J' @848  140729866275168 (0x00007ffe39b04960)
 - public static final 'SetIMEStatusCallback' 'J' @856  140729866275232 (0x00007ffe39b049a0)
 - public static final 'SetPreeditCandidateCallback' 'J' @864  140729866275296 (0x00007ffe39b049e0)
 - public static final 'SetMouseButtonCallback' 'J' @872  140729866275360 (0x00007ffe39b04a20)
 - public static final 'SetCursorPosCallback' 'J' @880  140729866275424 (0x00007ffe39b04a60)
 - public static final 'SetCursorEnterCallback' 'J' @888  140729866275488 (0x00007ffe39b04aa0)
 - public static final 'SetScrollCallback' 'J' @896  140729866275552 (0x00007ffe39b04ae0)
 - public static final 'SetDropCallback' 'J' @904  140729866275616 (0x00007ffe39b04b20)
 - public static final 'JoystickPresent' 'J' @912  140729866275680 (0x00007ffe39b04b60)
 - public static final 'GetJoystickAxes' 'J' @920  140729866275840 (0x00007ffe39b04c00)
 - public static final 'GetJoystickButtons' 'J' @928  140729866276032 (0x00007ffe39b04cc0)
 - public static final 'GetJoystickHats' 'J' @936  140729866276256 (0x00007ffe39b04da0)
 - public static final 'GetJoystickName' 'J' @944  140729866276448 (0x00007ffe39b04e60)
 - public static final 'GetJoystickGUID' 'J' @952  140729866276624 (0x00007ffe39b04f10)
 - public static final 'SetJoystickUserPointer' 'J' @960  140729866276800 (0x00007ffe39b04fc0)
 - public static final 'GetJoystickUserPointer' 'J' @968  140729866276880 (0x00007ffe39b05010)
 - public static final 'JoystickIsGamepad' 'J' @976  140729866277776 (0x00007ffe39b05390)
 - public static final 'SetJoystickCallback' 'J' @984  140729866276960 (0x00007ffe39b05060)
 - public static final 'UpdateGamepadMappings' 'J' @992  140729866277072 (0x00007ffe39b050d0)
 - public static final 'GetGamepadName' 'J' @1000  140729866277968 (0x00007ffe39b05450)
 - public static final 'GetGamepadState' 'J' @1008  140729866278144 (0x00007ffe39b05500)
 - public static final 'SetClipboardString' 'J' @1016  140729866278864 (0x00007ffe39b057d0)
 - public static final 'GetClipboardString' 'J' @1024  140729866278912 (0x00007ffe39b05800)
 - public static final 'GetTime' 'J' @1032  140729866278960 (0x00007ffe39b05830)
 - public static final 'SetTime' 'J' @1040  140729866279136 (0x00007ffe39b058e0)
 - public static final 'GetTimerValue' 'J' @1048  140729866279328 (0x00007ffe39b059a0)
 - public static final 'GetTimerFrequency' 'J' @1056  140729866279376 (0x00007ffe39b059d0)
 - public static final 'MakeContextCurrent' 'J' @1064  140729866262896 (0x00007ffe39b01970)
 - public static final 'GetCurrentContext' 'J' @1072  140729866263728 (0x00007ffe39b01cb0)
 - public static final 'SwapBuffers' 'J' @1080  140729866263776 (0x00007ffe39b01ce0)
 - public static final 'SwapInterval' 'J' @1088  140729866263856 (0x00007ffe39b01d30)
 - public static final 'ExtensionSupported' 'J' @1096  140729866263168 (0x00007ffe39b01a80)
 - public static final 'GetProcAddress' 'J' @1104  140729866263936 (0x00007ffe39b01d80)
R10=0x000001b26862ce1c is at code_begin+1020 in an Interpreter codelet
native method entry point (kind = native)  [0x000001b26862ca20, 0x000001b26862d548]  2856 bytes
R11=0x00000006237716f8 is an oop: java.lang.Class 
{0x00000006237716f8} - klass: 'java/lang/Class'
 - ---- fields (total size 14 words):
 - private volatile transient 'classRedefinedCount' 'I' @12  0 (0x00000000)
 - injected 'klass' 'J' @16  1864032661504 (0x000001b201013000)
 - injected 'array_klass' 'J' @24  0 (0x0000000000000000)
 - injected 'oop_size' 'I' @32  14 (0x0000000e)
 - injected 'static_oop_field_count' 'I' @36  0 (0x00000000)
 - private volatile transient 'cachedConstructor' 'Ljava/lang/reflect/Constructor;' @40  null (0x00000000)
 - private transient 'name' 'Ljava/lang/String;' @44  "org.lwjgl.system.JNI"{0x0000000623771778} (0xc46ee2ef)
 - private transient 'module' 'Ljava/lang/Module;' @48  a 'java/lang/Module'{0x00000006238747a8} (0xc470e8f5)
 - private final 'classLoader' 'Ljava/lang/ClassLoader;' @52  a 'jdk/internal/loader/ClassLoaders$AppClassLoader'{0x00000006238745e8} (0xc470e8bd)
 - private transient 'classData' 'Ljava/lang/Object;' @56  null (0x00000000)
 - private transient 'packageName' 'Ljava/lang/String;' @60  "org.lwjgl.system"{0x0000000623bff390} (0xc477fe72)
 - private final 'componentType' 'Ljava/lang/Class;' @64  null (0x00000000)
 - private volatile transient 'reflectionData' 'Ljava/lang/ref/SoftReference;' @68  null (0x00000000)
 - private volatile transient 'genericInfo' 'Lsun/reflect/generics/repository/ClassRepository;' @72  null (0x00000000)
 - private volatile transient 'enumConstants' '[Ljava/lang/Object;' @76  null (0x00000000)
 - private volatile transient 'enumConstantDirectory' 'Ljava/util/Map;' @80  null (0x00000000)
 - private volatile transient 'annotationData' 'Ljava/lang/Class$AnnotationData;' @84  null (0x00000000)
 - private volatile transient 'annotationType' 'Lsun/reflect/annotation/AnnotationType;' @88  null (0x00000000)
 - transient 'classValueMap' 'Ljava/lang/ClassValue$ClassValueMap;' @92  null (0x00000000)
 - injected 'protection_domain' 'Ljava/lang/Object;' @96  a 'java/security/ProtectionDomain'{0x0000000623baf960} (0xc4775f2c)
 - injected 'signers_name' 'Ljava/lang/Object;' @100  null (0x00000000)
 - injected 'source_file' 'Ljava/lang/Object;' @104  null (0x00000000)
 - injected '<init_lock>' 'Ljava/lang/Object;' @108  null (0x00000000)
 - signature: Lorg/lwjgl/system/JNI;
 - ---- static fields (0):
R12=0x0 is null
R13={method} {0x000001b2414c1f48} 'invokeV' '(J)V' in 'org/lwjgl/system/JNI'
R14=0x00000056380ff510 is pointing into the stack for thread: 0x000001b2565217c0
R15=0x000001b2565217c0 is a thread

Top of Stack: (sp=0x00000056380ff400)
0x00000056380ff400:   0000000000000006 00007ffe39b24728
0x00000056380ff410:   000001b2564e0000 000001b200000000
0x00000056380ff420:   0000000000000110 00007ffe39b02501
0x00000056380ff430:   0000000000000110 00007ffdc5611f99
0x00000056380ff440:   00000056380ff578 00007ffdc5611ee8
0x00000056380ff450:   00000056380ff4a0 000001b268628860
0x00000056380ff460:   0000000000000110 000001b26862ce4b
0x00000056380ff470:   000001b268628860 00007ffdc560b47f
0x00000056380ff480:   3ff0000000000000 000001b2565217c0
0x00000056380ff490:   0000000000000110 000001b2414f9990
0x00000056380ff4a0:   00000056380ff4a0 0000000000000000
0x00000056380ff4b0:   0000000000000005 000001b2414f9990
0x00000056380ff4c0:   0000000000000000 00000006237716f8
0x00000056380ff4d0:   000001b2414c1f40 0000000000000000
0x00000056380ff4e0:   00000056380ff508 00000056380ff560
0x00000056380ff4f0:   000001b268628860 00000006237716f8
0x00000056380ff500:   000001b26862a3d7 00007ffe39b02660
0x00000056380ff510:   0000000000000000 00000056380ff518
0x00000056380ff520:   000001b2414941c5 0000000000000003
0x00000056380ff530:   000001b2414a31a8 0000000000000000
0x00000056380ff540:   00000006236dcce8 000001b2414941e0
0x00000056380ff550:   00000056380ff508 00000056380ff580
0x00000056380ff560:   00000056380ff5c8 000001b268628860
0x00000056380ff570:   00007ffe39b02660 0000000000000000
0x00000056380ff580:   00000056380ff580 000001b2414014cc
0x00000056380ff590:   0000000000000002 000001b241403240
0x00000056380ff5a0:   0000000000000000 0000000623a18ba0
0x00000056380ff5b0:   000001b2414014f0 00000056380ff580
0x00000056380ff5c0:   00000056380ff5d8 00000056380ff628
0x00000056380ff5d0:   000001b268628860 0000000623a1cee0
0x00000056380ff5e0:   00000056380ff5e0 000001b241400285
0x00000056380ff5f0:   0000000000000003 000001b241400320 

Instructions: (pc=0x00007ffe39b07391)
0x00007ffe39b07291:   84 24 dc 00 00 00 89 43 14 8b 84 24 e8 00 00 00
0x00007ffe39b072a1:   89 43 18 8b 84 24 ec 00 00 00 89 43 1c c7 83 90
0x00007ffe39b072b1:   00 00 00 01 40 03 00 8b 84 24 98 00 00 00 89 43
0x00007ffe39b072c1:   30 66 0f 76 c0 f3 0f 7f 43 68 48 c7 43 78 ff ff
0x00007ffe39b072d1:   ff ff 48 89 f9 e8 25 ac ff ff 48 89 43 60 c7 83
0x00007ffe39b072e1:   08 03 00 00 00 00 00 00 89 b3 0c 03 00 00 48 c7
0x00007ffe39b072f1:   83 10 03 00 00 00 00 00 00 48 8d 94 24 b0 00 00
0x00007ffe39b07301:   00 4c 8d 44 24 20 4c 8d 4c 24 60 48 89 d9 ff 15
0x00007ffe39b07311:   e3 04 07 00 85 c0 75 33 48 89 d9 e8 4f 00 00 00
0x00007ffe39b07321:   eb 27 31 db b9 01 00 01 00 31 d2 e8 5f ac ff ff
0x00007ffe39b07331:   eb 19 48 8d 15 8a 4b 06 00 b9 04 00 01 00 41 89
0x00007ffe39b07341:   e8 41 89 f1 e8 46 ac ff ff 31 db 48 8b 8c 24 08
0x00007ffe39b07351:   05 00 00 48 31 e1 e8 c4 ed 00 00 48 89 d8 48 81
0x00007ffe39b07361:   c4 10 05 00 00 5b 5d 5f 5e 41 5e c3 cc cc cc 56
0x00007ffe39b07371:   48 83 ec 20 83 3d 4c 03 07 00 00 0f 84 c7 00 00
0x00007ffe39b07381:   00 48 89 ce 48 85 c9 0f 84 c7 00 00 00 0f 57 c0
0x00007ffe39b07391:   0f 11 86 c8 03 00 00 0f 11 86 b8 03 00 00 0f 11
0x00007ffe39b073a1:   86 a8 03 00 00 0f 11 86 98 03 00 00 0f 11 86 88
0x00007ffe39b073b1:   03 00 00 0f 11 86 78 03 00 00 0f 11 86 68 03 00
0x00007ffe39b073c1:   00 0f 11 86 58 03 00 00 0f 11 86 48 03 00 00 0f
0x00007ffe39b073d1:   11 86 38 03 00 00 48 8d 0d be 1c 07 00 e8 2d 40
0x00007ffe39b073e1:   00 00 48 39 f0 75 07 31 c9 e8 81 a5 ff ff 48 89
0x00007ffe39b073f1:   f1 ff 15 08 04 07 00 48 8d 0d 71 0a 07 00 90 48
0x00007ffe39b07401:   89 c8 48 8b 09 48 39 f1 75 f5 48 8b 0e 48 89 08
0x00007ffe39b07411:   48 8b 8e e0 02 00 00 48 85 c9 74 05 e8 1e af ff
0x00007ffe39b07421:   ff 48 8b 8e f0 02 00 00 48 85 c9 74 05 e8 0d af
0x00007ffe39b07431:   ff ff 48 8b 4e 60 e8 04 af ff ff 48 89 f1 48 83
0x00007ffe39b07441:   c4 20 5e e9 f7 ae ff ff b9 01 00 01 00 31 d2 e8
0x00007ffe39b07451:   3b ab ff ff 90 48 83 c4 20 5e c3 cc cc cc cc 48
0x00007ffe39b07461:   83 ec 38 0f 29 74 24 20 83 3d 58 02 07 00 00 0f
0x00007ffe39b07471:   84 cc 00 00 00 0f 57 f6 0f 11 35 c0 09 07 00 0f
0x00007ffe39b07481:   11 35 a9 09 07 00 48 c7 05 be 09 07 00 00 00 00 


Stack slot to memory mapping:

stack at sp + 0 slots: 0x0000000000000006 is an unknown value
stack at sp + 1 slots: 0x00007ffe39b24728 glfw.dll
stack at sp + 2 slots: 0x000001b2564e0000 points into unknown readable memory: 0x0000000000000000 | 00 00 00 00 00 00 00 00
stack at sp + 3 slots: 0x000001b200000000 is pointing into metadata
stack at sp + 4 slots: 0x0000000000000110 is an unknown value
stack at sp + 5 slots: 0x00007ffe39b02501 glfw.dll
stack at sp + 6 slots: 0x0000000000000110 is an unknown value
stack at sp + 7 slots: 0x00007ffdc5611f99 jvm.dll


---------------  P R O C E S S  ---------------

Threads class SMR info:
_java_thread_list=0x000001b27e58f530, length=14, elements={
0x000001b2565217c0, 0x000001b27ac02f30, 0x000001b27ac03b80, 0x000001b27ac09760,
0x000001b27ac0b420, 0x000001b27ac0c280, 0x000001b27ac157e0, 0x000001b27dcc1f40,
0x000001b27ac25950, 0x000001b27ac26dc0, 0x000001b27de492a0, 0x000001b27de50cc0,
0x000001b27ac26020, 0x000001b27ac266f0
}

Java Threads: ( => current thread )
=>0x000001b2565217c0 JavaThread "main"                              [_thread_in_native, id=61900, stack(0x0000005638000000,0x0000005638100000) (1024K)]
  0x000001b27ac02f30 JavaThread "Reference Handler"          daemon [_thread_blocked, id=22728, stack(0x0000005638800000,0x0000005638900000) (1024K)]
  0x000001b27ac03b80 JavaThread "Finalizer"                  daemon [_thread_blocked, id=59608, stack(0x0000005638900000,0x0000005638a00000) (1024K)]
  0x000001b27ac09760 JavaThread "Signal Dispatcher"          daemon [_thread_blocked, id=5360, stack(0x0000005638a00000,0x0000005638b00000) (1024K)]
  0x000001b27ac0b420 JavaThread "Attach Listener"            daemon [_thread_blocked, id=58192, stack(0x0000005638b00000,0x0000005638c00000) (1024K)]
  0x000001b27ac0c280 JavaThread "Service Thread"             daemon [_thread_blocked, id=48916, stack(0x0000005638c00000,0x0000005638d00000) (1024K)]
  0x000001b27ac157e0 JavaThread "Monitor Deflation Thread"   daemon [_thread_blocked, id=45068, stack(0x0000005638d00000,0x0000005638e00000) (1024K)]
  0x000001b27dcc1f40 JavaThread "C2 CompilerThread0"         daemon [_thread_blocked, id=25132, stack(0x0000005638e00000,0x0000005638f00000) (1024K)]
  0x000001b27ac25950 JavaThread "C1 CompilerThread0"         daemon [_thread_blocked, id=35252, stack(0x0000005638f00000,0x0000005639000000) (1024K)]
  0x000001b27ac26dc0 JavaThread "C1 CompilerThread1"         daemon [_thread_blocked, id=32680, stack(0x0000005639000000,0x0000005639100000) (1024K)]
  0x000001b27de492a0 JavaThread "Notification Thread"        daemon [_thread_blocked, id=52368, stack(0x0000005639100000,0x0000005639200000) (1024K)]
  0x000001b27de50cc0 JavaThread "Common-Cleaner"             daemon [_thread_blocked, id=52000, stack(0x0000005639200000,0x0000005639300000) (1024K)]
  0x000001b27ac26020 JavaThread "C1 CompilerThread2"         daemon [_thread_blocked, id=55544, stack(0x0000005639b00000,0x0000005639c00000) (1024K)]
  0x000001b27ac266f0 JavaThread "C1 CompilerThread3"         daemon [_thread_blocked, id=9524, stack(0x0000005639c00000,0x0000005639d00000) (1024K)]
Total: 14

Other Threads:
  0x000001b27abe7960 VMThread "VM Thread"                           [id=58424, stack(0x0000005638700000,0x0000005638800000) (1024K)]
  0x000001b27abd74d0 WatcherThread "VM Periodic Task Thread"        [id=23752, stack(0x0000005638600000,0x0000005638700000) (1024K)]
  0x000001b27aa34010 WorkerThread "GC Thread#0"                     [id=48896, stack(0x0000005638100000,0x0000005638200000) (1024K)]
  0x000001b258b9cef0 ConcurrentGCThread "G1 Main Marker"            [id=34436, stack(0x0000005638200000,0x0000005638300000) (1024K)]
  0x000001b258b9d9f0 WorkerThread "G1 Conc#0"                       [id=56460, stack(0x0000005638300000,0x0000005638400000) (1024K)]
  0x000001b27ab2b8a0 ConcurrentGCThread "G1 Refine#0"               [id=55960, stack(0x0000005638400000,0x0000005638500000) (1024K)]
  0x000001b27ab2d2c0 ConcurrentGCThread "G1 Service"                [id=61024, stack(0x0000005638500000,0x0000005638600000) (1024K)]
Total: 7

Threads with active compile tasks:
Total: 0

VM state: not at safepoint (normal execution)

VM Mutex/Monitor currently owned by a thread: None

Heap address: 0x0000000604000000, size: 8128 MB, Compressed Oops mode: Zero based, Oop shift amount: 3

CDS archive(s) mapped at: [0x000001b200000000-0x000001b200c80000-0x000001b200c80000), size 13107200, SharedBaseAddress: 0x000001b200000000, ArchiveRelocationMode: 1.
Compressed class space mapped at: 0x000001b201000000-0x000001b241000000, reserved size: 1073741824
Narrow klass base: 0x000001b200000000, Narrow klass shift: 0, Narrow klass range: 0x100000000

GC Precious Log:
 CardTable entry size: 512
 Card Set container configuration: InlinePtr #cards 4 size 8 Array Of Cards #cards 32 size 80 Howl #buckets 8 coarsen threshold 7372 Howl Bitmap #cards 1024 size 144 coarsen threshold 921 Card regions per heap region 1 cards per card region 8192
 CPUs: 20 total, 20 available
 Memory: 32509M
 Large Page Support: Disabled
 NUMA Support: Disabled
 Compressed Oops: Enabled (Zero based)
 Heap Region Size: 4M
 Heap Min Capacity: 8M
 Heap Initial Capacity: 508M
 Heap Max Capacity: 8128M
 Pre-touch: Disabled
 Parallel Workers: 15
 Concurrent Workers: 4
 Concurrent Refinement Workers: 15
 Periodic GC: Disabled

Heap:
 garbage-first heap   total 520192K, used 16384K [0x0000000604000000, 0x0000000800000000)
  region size 4096K, 5 young (20480K), 0 survivors (0K)
 Metaspace       used 7169K, committed 7360K, reserved 1114112K
  class space    used 328K, committed 448K, reserved 1048576K

Heap Regions: E=young(eden), S=young(survivor), O=old, HS=humongous(starts), HC=humongous(continues), CS=collection set, F=free, TAMS=top-at-mark-start, PB=parsable bottom
|   0|0x0000000604000000, 0x0000000604000000, 0x0000000604400000|  0%| F|  |TAMS 0x0000000604000000| PB 0x0000000604000000| Untracked 
|   1|0x0000000604400000, 0x0000000604400000, 0x0000000604800000|  0%| F|  |TAMS 0x0000000604400000| PB 0x0000000604400000| Untracked 
|   2|0x0000000604800000, 0x0000000604800000, 0x0000000604c00000|  0%| F|  |TAMS 0x0000000604800000| PB 0x0000000604800000| Untracked 
|   3|0x0000000604c00000, 0x0000000604c00000, 0x0000000605000000|  0%| F|  |TAMS 0x0000000604c00000| PB 0x0000000604c00000| Untracked 
|   4|0x0000000605000000, 0x0000000605000000, 0x0000000605400000|  0%| F|  |TAMS 0x0000000605000000| PB 0x0000000605000000| Untracked 
|   5|0x0000000605400000, 0x0000000605400000, 0x0000000605800000|  0%| F|  |TAMS 0x0000000605400000| PB 0x0000000605400000| Untracked 
|   6|0x0000000605800000, 0x0000000605800000, 0x0000000605c00000|  0%| F|  |TAMS 0x0000000605800000| PB 0x0000000605800000| Untracked 
|   7|0x0000000605c00000, 0x0000000605c00000, 0x0000000606000000|  0%| F|  |TAMS 0x0000000605c00000| PB 0x0000000605c00000| Untracked 
|   8|0x0000000606000000, 0x0000000606000000, 0x0000000606400000|  0%| F|  |TAMS 0x0000000606000000| PB 0x0000000606000000| Untracked 
|   9|0x0000000606400000, 0x0000000606400000, 0x0000000606800000|  0%| F|  |TAMS 0x0000000606400000| PB 0x0000000606400000| Untracked 
|  10|0x0000000606800000, 0x0000000606800000, 0x0000000606c00000|  0%| F|  |TAMS 0x0000000606800000| PB 0x0000000606800000| Untracked 
|  11|0x0000000606c00000, 0x0000000606c00000, 0x0000000607000000|  0%| F|  |TAMS 0x0000000606c00000| PB 0x0000000606c00000| Untracked 
|  12|0x0000000607000000, 0x0000000607000000, 0x0000000607400000|  0%| F|  |TAMS 0x0000000607000000| PB 0x0000000607000000| Untracked 
|  13|0x0000000607400000, 0x0000000607400000, 0x0000000607800000|  0%| F|  |TAMS 0x0000000607400000| PB 0x0000000607400000| Untracked 
|  14|0x0000000607800000, 0x0000000607800000, 0x0000000607c00000|  0%| F|  |TAMS 0x0000000607800000| PB 0x0000000607800000| Untracked 
|  15|0x0000000607c00000, 0x0000000607c00000, 0x0000000608000000|  0%| F|  |TAMS 0x0000000607c00000| PB 0x0000000607c00000| Untracked 
|  16|0x0000000608000000, 0x0000000608000000, 0x0000000608400000|  0%| F|  |TAMS 0x0000000608000000| PB 0x0000000608000000| Untracked 
|  17|0x0000000608400000, 0x0000000608400000, 0x0000000608800000|  0%| F|  |TAMS 0x0000000608400000| PB 0x0000000608400000| Untracked 
|  18|0x0000000608800000, 0x0000000608800000, 0x0000000608c00000|  0%| F|  |TAMS 0x0000000608800000| PB 0x0000000608800000| Untracked 
|  19|0x0000000608c00000, 0x0000000608c00000, 0x0000000609000000|  0%| F|  |TAMS 0x0000000608c00000| PB 0x0000000608c00000| Untracked 
|  20|0x0000000609000000, 0x0000000609000000, 0x0000000609400000|  0%| F|  |TAMS 0x0000000609000000| PB 0x0000000609000000| Untracked 
|  21|0x0000000609400000, 0x0000000609400000, 0x0000000609800000|  0%| F|  |TAMS 0x0000000609400000| PB 0x0000000609400000| Untracked 
|  22|0x0000000609800000, 0x0000000609800000, 0x0000000609c00000|  0%| F|  |TAMS 0x0000000609800000| PB 0x0000000609800000| Untracked 
|  23|0x0000000609c00000, 0x0000000609c00000, 0x000000060a000000|  0%| F|  |TAMS 0x0000000609c00000| PB 0x0000000609c00000| Untracked 
|  24|0x000000060a000000, 0x000000060a000000, 0x000000060a400000|  0%| F|  |TAMS 0x000000060a000000| PB 0x000000060a000000| Untracked 
|  25|0x000000060a400000, 0x000000060a400000, 0x000000060a800000|  0%| F|  |TAMS 0x000000060a400000| PB 0x000000060a400000| Untracked 
|  26|0x000000060a800000, 0x000000060a800000, 0x000000060ac00000|  0%| F|  |TAMS 0x000000060a800000| PB 0x000000060a800000| Untracked 
|  27|0x000000060ac00000, 0x000000060ac00000, 0x000000060b000000|  0%| F|  |TAMS 0x000000060ac00000| PB 0x000000060ac00000| Untracked 
|  28|0x000000060b000000, 0x000000060b000000, 0x000000060b400000|  0%| F|  |TAMS 0x000000060b000000| PB 0x000000060b000000| Untracked 
|  29|0x000000060b400000, 0x000000060b400000, 0x000000060b800000|  0%| F|  |TAMS 0x000000060b400000| PB 0x000000060b400000| Untracked 
|  30|0x000000060b800000, 0x000000060b800000, 0x000000060bc00000|  0%| F|  |TAMS 0x000000060b800000| PB 0x000000060b800000| Untracked 
|  31|0x000000060bc00000, 0x000000060bc00000, 0x000000060c000000|  0%| F|  |TAMS 0x000000060bc00000| PB 0x000000060bc00000| Untracked 
|  32|0x000000060c000000, 0x000000060c000000, 0x000000060c400000|  0%| F|  |TAMS 0x000000060c000000| PB 0x000000060c000000| Untracked 
|  33|0x000000060c400000, 0x000000060c400000, 0x000000060c800000|  0%| F|  |TAMS 0x000000060c400000| PB 0x000000060c400000| Untracked 
|  34|0x000000060c800000, 0x000000060c800000, 0x000000060cc00000|  0%| F|  |TAMS 0x000000060c800000| PB 0x000000060c800000| Untracked 
|  35|0x000000060cc00000, 0x000000060cc00000, 0x000000060d000000|  0%| F|  |TAMS 0x000000060cc00000| PB 0x000000060cc00000| Untracked 
|  36|0x000000060d000000, 0x000000060d000000, 0x000000060d400000|  0%| F|  |TAMS 0x000000060d000000| PB 0x000000060d000000| Untracked 
|  37|0x000000060d400000, 0x000000060d400000, 0x000000060d800000|  0%| F|  |TAMS 0x000000060d400000| PB 0x000000060d400000| Untracked 
|  38|0x000000060d800000, 0x000000060d800000, 0x000000060dc00000|  0%| F|  |TAMS 0x000000060d800000| PB 0x000000060d800000| Untracked 
|  39|0x000000060dc00000, 0x000000060dc00000, 0x000000060e000000|  0%| F|  |TAMS 0x000000060dc00000| PB 0x000000060dc00000| Untracked 
|  40|0x000000060e000000, 0x000000060e000000, 0x000000060e400000|  0%| F|  |TAMS 0x000000060e000000| PB 0x000000060e000000| Untracked 
|  41|0x000000060e400000, 0x000000060e400000, 0x000000060e800000|  0%| F|  |TAMS 0x000000060e400000| PB 0x000000060e400000| Untracked 
|  42|0x000000060e800000, 0x000000060e800000, 0x000000060ec00000|  0%| F|  |TAMS 0x000000060e800000| PB 0x000000060e800000| Untracked 
|  43|0x000000060ec00000, 0x000000060ec00000, 0x000000060f000000|  0%| F|  |TAMS 0x000000060ec00000| PB 0x000000060ec00000| Untracked 
|  44|0x000000060f000000, 0x000000060f000000, 0x000000060f400000|  0%| F|  |TAMS 0x000000060f000000| PB 0x000000060f000000| Untracked 
|  45|0x000000060f400000, 0x000000060f400000, 0x000000060f800000|  0%| F|  |TAMS 0x000000060f400000| PB 0x000000060f400000| Untracked 
|  46|0x000000060f800000, 0x000000060f800000, 0x000000060fc00000|  0%| F|  |TAMS 0x000000060f800000| PB 0x000000060f800000| Untracked 
|  47|0x000000060fc00000, 0x000000060fc00000, 0x0000000610000000|  0%| F|  |TAMS 0x000000060fc00000| PB 0x000000060fc00000| Untracked 
|  48|0x0000000610000000, 0x0000000610000000, 0x0000000610400000|  0%| F|  |TAMS 0x0000000610000000| PB 0x0000000610000000| Untracked 
|  49|0x0000000610400000, 0x0000000610400000, 0x0000000610800000|  0%| F|  |TAMS 0x0000000610400000| PB 0x0000000610400000| Untracked 
|  50|0x0000000610800000, 0x0000000610800000, 0x0000000610c00000|  0%| F|  |TAMS 0x0000000610800000| PB 0x0000000610800000| Untracked 
|  51|0x0000000610c00000, 0x0000000610c00000, 0x0000000611000000|  0%| F|  |TAMS 0x0000000610c00000| PB 0x0000000610c00000| Untracked 
|  52|0x0000000611000000, 0x0000000611000000, 0x0000000611400000|  0%| F|  |TAMS 0x0000000611000000| PB 0x0000000611000000| Untracked 
|  53|0x0000000611400000, 0x0000000611400000, 0x0000000611800000|  0%| F|  |TAMS 0x0000000611400000| PB 0x0000000611400000| Untracked 
|  54|0x0000000611800000, 0x0000000611800000, 0x0000000611c00000|  0%| F|  |TAMS 0x0000000611800000| PB 0x0000000611800000| Untracked 
|  55|0x0000000611c00000, 0x0000000611c00000, 0x0000000612000000|  0%| F|  |TAMS 0x0000000611c00000| PB 0x0000000611c00000| Untracked 
|  56|0x0000000612000000, 0x0000000612000000, 0x0000000612400000|  0%| F|  |TAMS 0x0000000612000000| PB 0x0000000612000000| Untracked 
|  57|0x0000000612400000, 0x0000000612400000, 0x0000000612800000|  0%| F|  |TAMS 0x0000000612400000| PB 0x0000000612400000| Untracked 
|  58|0x0000000612800000, 0x0000000612800000, 0x0000000612c00000|  0%| F|  |TAMS 0x0000000612800000| PB 0x0000000612800000| Untracked 
|  59|0x0000000612c00000, 0x0000000612c00000, 0x0000000613000000|  0%| F|  |TAMS 0x0000000612c00000| PB 0x0000000612c00000| Untracked 
|  60|0x0000000613000000, 0x0000000613000000, 0x0000000613400000|  0%| F|  |TAMS 0x0000000613000000| PB 0x0000000613000000| Untracked 
|  61|0x0000000613400000, 0x0000000613400000, 0x0000000613800000|  0%| F|  |TAMS 0x0000000613400000| PB 0x0000000613400000| Untracked 
|  62|0x0000000613800000, 0x0000000613800000, 0x0000000613c00000|  0%| F|  |TAMS 0x0000000613800000| PB 0x0000000613800000| Untracked 
|  63|0x0000000613c00000, 0x0000000613c00000, 0x0000000614000000|  0%| F|  |TAMS 0x0000000613c00000| PB 0x0000000613c00000| Untracked 
|  64|0x0000000614000000, 0x0000000614000000, 0x0000000614400000|  0%| F|  |TAMS 0x0000000614000000| PB 0x0000000614000000| Untracked 
|  65|0x0000000614400000, 0x0000000614400000, 0x0000000614800000|  0%| F|  |TAMS 0x0000000614400000| PB 0x0000000614400000| Untracked 
|  66|0x0000000614800000, 0x0000000614800000, 0x0000000614c00000|  0%| F|  |TAMS 0x0000000614800000| PB 0x0000000614800000| Untracked 
|  67|0x0000000614c00000, 0x0000000614c00000, 0x0000000615000000|  0%| F|  |TAMS 0x0000000614c00000| PB 0x0000000614c00000| Untracked 
|  68|0x0000000615000000, 0x0000000615000000, 0x0000000615400000|  0%| F|  |TAMS 0x0000000615000000| PB 0x0000000615000000| Untracked 
|  69|0x0000000615400000, 0x0000000615400000, 0x0000000615800000|  0%| F|  |TAMS 0x0000000615400000| PB 0x0000000615400000| Untracked 
|  70|0x0000000615800000, 0x0000000615800000, 0x0000000615c00000|  0%| F|  |TAMS 0x0000000615800000| PB 0x0000000615800000| Untracked 
|  71|0x0000000615c00000, 0x0000000615c00000, 0x0000000616000000|  0%| F|  |TAMS 0x0000000615c00000| PB 0x0000000615c00000| Untracked 
|  72|0x0000000616000000, 0x0000000616000000, 0x0000000616400000|  0%| F|  |TAMS 0x0000000616000000| PB 0x0000000616000000| Untracked 
|  73|0x0000000616400000, 0x0000000616400000, 0x0000000616800000|  0%| F|  |TAMS 0x0000000616400000| PB 0x0000000616400000| Untracked 
|  74|0x0000000616800000, 0x0000000616800000, 0x0000000616c00000|  0%| F|  |TAMS 0x0000000616800000| PB 0x0000000616800000| Untracked 
|  75|0x0000000616c00000, 0x0000000616c00000, 0x0000000617000000|  0%| F|  |TAMS 0x0000000616c00000| PB 0x0000000616c00000| Untracked 
|  76|0x0000000617000000, 0x0000000617000000, 0x0000000617400000|  0%| F|  |TAMS 0x0000000617000000| PB 0x0000000617000000| Untracked 
|  77|0x0000000617400000, 0x0000000617400000, 0x0000000617800000|  0%| F|  |TAMS 0x0000000617400000| PB 0x0000000617400000| Untracked 
|  78|0x0000000617800000, 0x0000000617800000, 0x0000000617c00000|  0%| F|  |TAMS 0x0000000617800000| PB 0x0000000617800000| Untracked 
|  79|0x0000000617c00000, 0x0000000617c00000, 0x0000000618000000|  0%| F|  |TAMS 0x0000000617c00000| PB 0x0000000617c00000| Untracked 
|  80|0x0000000618000000, 0x0000000618000000, 0x0000000618400000|  0%| F|  |TAMS 0x0000000618000000| PB 0x0000000618000000| Untracked 
|  81|0x0000000618400000, 0x0000000618400000, 0x0000000618800000|  0%| F|  |TAMS 0x0000000618400000| PB 0x0000000618400000| Untracked 
|  82|0x0000000618800000, 0x0000000618800000, 0x0000000618c00000|  0%| F|  |TAMS 0x0000000618800000| PB 0x0000000618800000| Untracked 
|  83|0x0000000618c00000, 0x0000000618c00000, 0x0000000619000000|  0%| F|  |TAMS 0x0000000618c00000| PB 0x0000000618c00000| Untracked 
|  84|0x0000000619000000, 0x0000000619000000, 0x0000000619400000|  0%| F|  |TAMS 0x0000000619000000| PB 0x0000000619000000| Untracked 
|  85|0x0000000619400000, 0x0000000619400000, 0x0000000619800000|  0%| F|  |TAMS 0x0000000619400000| PB 0x0000000619400000| Untracked 
|  86|0x0000000619800000, 0x0000000619800000, 0x0000000619c00000|  0%| F|  |TAMS 0x0000000619800000| PB 0x0000000619800000| Untracked 
|  87|0x0000000619c00000, 0x0000000619c00000, 0x000000061a000000|  0%| F|  |TAMS 0x0000000619c00000| PB 0x0000000619c00000| Untracked 
|  88|0x000000061a000000, 0x000000061a000000, 0x000000061a400000|  0%| F|  |TAMS 0x000000061a000000| PB 0x000000061a000000| Untracked 
|  89|0x000000061a400000, 0x000000061a400000, 0x000000061a800000|  0%| F|  |TAMS 0x000000061a400000| PB 0x000000061a400000| Untracked 
|  90|0x000000061a800000, 0x000000061a800000, 0x000000061ac00000|  0%| F|  |TAMS 0x000000061a800000| PB 0x000000061a800000| Untracked 
|  91|0x000000061ac00000, 0x000000061ac00000, 0x000000061b000000|  0%| F|  |TAMS 0x000000061ac00000| PB 0x000000061ac00000| Untracked 
|  92|0x000000061b000000, 0x000000061b000000, 0x000000061b400000|  0%| F|  |TAMS 0x000000061b000000| PB 0x000000061b000000| Untracked 
|  93|0x000000061b400000, 0x000000061b400000, 0x000000061b800000|  0%| F|  |TAMS 0x000000061b400000| PB 0x000000061b400000| Untracked 
|  94|0x000000061b800000, 0x000000061b800000, 0x000000061bc00000|  0%| F|  |TAMS 0x000000061b800000| PB 0x000000061b800000| Untracked 
|  95|0x000000061bc00000, 0x000000061bc00000, 0x000000061c000000|  0%| F|  |TAMS 0x000000061bc00000| PB 0x000000061bc00000| Untracked 
|  96|0x000000061c000000, 0x000000061c000000, 0x000000061c400000|  0%| F|  |TAMS 0x000000061c000000| PB 0x000000061c000000| Untracked 
|  97|0x000000061c400000, 0x000000061c400000, 0x000000061c800000|  0%| F|  |TAMS 0x000000061c400000| PB 0x000000061c400000| Untracked 
|  98|0x000000061c800000, 0x000000061c800000, 0x000000061cc00000|  0%| F|  |TAMS 0x000000061c800000| PB 0x000000061c800000| Untracked 
|  99|0x000000061cc00000, 0x000000061cc00000, 0x000000061d000000|  0%| F|  |TAMS 0x000000061cc00000| PB 0x000000061cc00000| Untracked 
| 100|0x000000061d000000, 0x000000061d000000, 0x000000061d400000|  0%| F|  |TAMS 0x000000061d000000| PB 0x000000061d000000| Untracked 
| 101|0x000000061d400000, 0x000000061d400000, 0x000000061d800000|  0%| F|  |TAMS 0x000000061d400000| PB 0x000000061d400000| Untracked 
| 102|0x000000061d800000, 0x000000061d800000, 0x000000061dc00000|  0%| F|  |TAMS 0x000000061d800000| PB 0x000000061d800000| Untracked 
| 103|0x000000061dc00000, 0x000000061dc00000, 0x000000061e000000|  0%| F|  |TAMS 0x000000061dc00000| PB 0x000000061dc00000| Untracked 
| 104|0x000000061e000000, 0x000000061e000000, 0x000000061e400000|  0%| F|  |TAMS 0x000000061e000000| PB 0x000000061e000000| Untracked 
| 105|0x000000061e400000, 0x000000061e400000, 0x000000061e800000|  0%| F|  |TAMS 0x000000061e400000| PB 0x000000061e400000| Untracked 
| 106|0x000000061e800000, 0x000000061e800000, 0x000000061ec00000|  0%| F|  |TAMS 0x000000061e800000| PB 0x000000061e800000| Untracked 
| 107|0x000000061ec00000, 0x000000061ec00000, 0x000000061f000000|  0%| F|  |TAMS 0x000000061ec00000| PB 0x000000061ec00000| Untracked 
| 108|0x000000061f000000, 0x000000061f000000, 0x000000061f400000|  0%| F|  |TAMS 0x000000061f000000| PB 0x000000061f000000| Untracked 
| 109|0x000000061f400000, 0x000000061f400000, 0x000000061f800000|  0%| F|  |TAMS 0x000000061f400000| PB 0x000000061f400000| Untracked 
| 110|0x000000061f800000, 0x000000061f800000, 0x000000061fc00000|  0%| F|  |TAMS 0x000000061f800000| PB 0x000000061f800000| Untracked 
| 111|0x000000061fc00000, 0x000000061fc00000, 0x0000000620000000|  0%| F|  |TAMS 0x000000061fc00000| PB 0x000000061fc00000| Untracked 
| 112|0x0000000620000000, 0x0000000620000000, 0x0000000620400000|  0%| F|  |TAMS 0x0000000620000000| PB 0x0000000620000000| Untracked 
| 113|0x0000000620400000, 0x0000000620400000, 0x0000000620800000|  0%| F|  |TAMS 0x0000000620400000| PB 0x0000000620400000| Untracked 
| 114|0x0000000620800000, 0x0000000620800000, 0x0000000620c00000|  0%| F|  |TAMS 0x0000000620800000| PB 0x0000000620800000| Untracked 
| 115|0x0000000620c00000, 0x0000000620c00000, 0x0000000621000000|  0%| F|  |TAMS 0x0000000620c00000| PB 0x0000000620c00000| Untracked 
| 116|0x0000000621000000, 0x0000000621000000, 0x0000000621400000|  0%| F|  |TAMS 0x0000000621000000| PB 0x0000000621000000| Untracked 
| 117|0x0000000621400000, 0x0000000621400000, 0x0000000621800000|  0%| F|  |TAMS 0x0000000621400000| PB 0x0000000621400000| Untracked 
| 118|0x0000000621800000, 0x0000000621800000, 0x0000000621c00000|  0%| F|  |TAMS 0x0000000621800000| PB 0x0000000621800000| Untracked 
| 119|0x0000000621c00000, 0x0000000621c00000, 0x0000000622000000|  0%| F|  |TAMS 0x0000000621c00000| PB 0x0000000621c00000| Untracked 
| 120|0x0000000622000000, 0x0000000622000000, 0x0000000622400000|  0%| F|  |TAMS 0x0000000622000000| PB 0x0000000622000000| Untracked 
| 121|0x0000000622400000, 0x0000000622400000, 0x0000000622800000|  0%| F|  |TAMS 0x0000000622400000| PB 0x0000000622400000| Untracked 
| 122|0x0000000622800000, 0x0000000622910f98, 0x0000000622c00000| 26%| E|  |TAMS 0x0000000622800000| PB 0x0000000622800000| Complete 
| 123|0x0000000622c00000, 0x0000000623000000, 0x0000000623000000|100%| E|CS|TAMS 0x0000000622c00000| PB 0x0000000622c00000| Complete 
| 124|0x0000000623000000, 0x0000000623400000, 0x0000000623400000|100%| E|CS|TAMS 0x0000000623000000| PB 0x0000000623000000| Complete 
| 125|0x0000000623400000, 0x0000000623800000, 0x0000000623800000|100%| E|CS|TAMS 0x0000000623400000| PB 0x0000000623400000| Complete 
| 126|0x0000000623800000, 0x0000000623c00000, 0x0000000623c00000|100%| E|CS|TAMS 0x0000000623800000| PB 0x0000000623800000| Complete 

Card table byte_map: [0x000001b271a40000,0x000001b272a20000] _byte_map_base: 0x000001b26ea20000

Marking Bits: (CMBitMap*) 0x000001b27aa34710
 Bits: [0x000001b272a20000, 0x000001b27a920000)

Polling page: 0x000001b256490000

Metaspace:

Usage:
  Non-class:      6.68 MB used.
      Class:    328.68 KB used.
       Both:      7.00 MB used.

Virtual space:
  Non-class space:       64.00 MB reserved,       6.75 MB ( 11%) committed,  1 nodes.
      Class space:        1.00 GB reserved,     448.00 KB ( <1%) committed,  1 nodes.
             Both:        1.06 GB reserved,       7.19 MB ( <1%) committed. 

Chunk freelists:
   Non-Class:  7.00 MB
       Class:  15.53 MB
        Both:  22.53 MB

MaxMetaspaceSize: unlimited
CompressedClassSpaceSize: 1.00 GB
Initial GC threshold: 21.00 MB
Current GC threshold: 21.00 MB
CDS: on
 - commit_granule_bytes: 65536.
 - commit_granule_words: 8192.
 - virtual_space_node_default_size: 8388608.
 - enlarge_chunks_in_place: 1.
 - use_allocation_guard: 0.


Internal statistics:

num_allocs_failed_limit: 0.
num_arena_births: 96.
num_arena_deaths: 0.
num_vsnodes_births: 2.
num_vsnodes_deaths: 0.
num_space_committed: 113.
num_space_uncommitted: 0.
num_chunks_returned_to_freelist: 0.
num_chunks_taken_from_freelist: 296.
num_chunk_merges: 0.
num_chunk_splits: 220.
num_chunks_enlarged: 175.
num_inconsistent_stats: 0.

CodeHeap 'non-profiled nmethods': size=119168Kb used=313Kb max_used=313Kb free=118854Kb
 bounds [0x000001b268d70000, 0x000001b268fe0000, 0x000001b2701d0000]
CodeHeap 'profiled nmethods': size=119104Kb used=1622Kb max_used=1622Kb free=117481Kb
 bounds [0x000001b2611d0000, 0x000001b261440000, 0x000001b268620000]
CodeHeap 'non-nmethods': size=7488Kb used=4140Kb max_used=4154Kb free=3347Kb
 bounds [0x000001b268620000, 0x000001b268a40000, 0x000001b268d70000]
 total_blobs=2388 nmethods=1028 adapters=1262
 compilation: enabled
              stopped_count=0, restarted_count=0
 full_count=0

Compilation events (20 events):
Event: 1.728 Thread 0x000001b27ac25950 nmethod 1014 0x000001b261361010 code [0x000001b2613611a0, 0x000001b2613612c8]
Event: 1.728 Thread 0x000001b27ac26dc0 nmethod 1012 0x000001b261361390 code [0x000001b2613615c0, 0x000001b261362000]
Event: 1.740 Thread 0x000001b27ac25950 1015       1       org.example.Hellena.core.Scenes.Scene::getCamera (5 bytes)
Event: 1.740 Thread 0x000001b27ac25950 nmethod 1015 0x000001b268dbd310 code [0x000001b268dbd4a0, 0x000001b268dbd570]
Event: 1.740 Thread 0x000001b27ac25950 1018       3       org.example.Hellena.core.Rendering.Shader::use (20 bytes)
Event: 1.740 Thread 0x000001b27ac25950 nmethod 1018 0x000001b261362210 code [0x000001b2613623c0, 0x000001b261362598]
Event: 2.021 Thread 0x000001b27ac26020 1022       3       org.lwjgl.opengl.GL20::glGetUniformLocation (6 bytes)
Event: 2.021 Thread 0x000001b27ac266f0 1023   !   3       org.lwjgl.opengl.GL20C::glGetUniformLocation (48 bytes)
Event: 2.021 Thread 0x000001b27ac26dc0 1024       3       org.lwjgl.system.MemoryStack::nASCII (20 bytes)
Event: 2.021 Thread 0x000001b27ac26020 nmethod 1022 0x000001b261362690 code [0x000001b261362840, 0x000001b261362958]
Event: 2.021 Thread 0x000001b27ac26dc0 nmethod 1024 0x000001b261362a10 code [0x000001b261362c00, 0x000001b2613630a8]
Event: 2.021 Thread 0x000001b27ac266f0 nmethod 1023 0x000001b261363290 code [0x000001b2613634e0, 0x000001b261364030]
Event: 2.033 Thread 0x000001b27ac266f0 1025       3       org.joml.Vector3f::<init> (20 bytes)
Event: 2.033 Thread 0x000001b27ac266f0 nmethod 1025 0x000001b261364410 code [0x000001b2613645c0, 0x000001b261364738]
Event: 2.061 Thread 0x000001b27dcc1f40 1026       4       java.lang.ThreadLocal::get (35 bytes)
Event: 2.062 Thread 0x000001b27dcc1f40 nmethod 1026 0x000001b268dbe210 code [0x000001b268dbe3c0, 0x000001b268dbe590]
Event: 2.180 Thread 0x000001b27ac26dc0 1027       3       org.lwjgl.system.MemoryUtil::memLengthUTF8 (117 bytes)
Event: 2.180 Thread 0x000001b27ac26dc0 nmethod 1027 0x000001b261364810 code [0x000001b261364a20, 0x000001b2613651b0]
Event: 2.286 Thread 0x000001b27ac26dc0 1028       3       java.nio.ByteBuffer::<init> (47 bytes)
Event: 2.287 Thread 0x000001b27ac26dc0 nmethod 1028 0x000001b261365410 code [0x000001b2613655c0, 0x000001b2613657f0]

GC Heap History (0 events):
No events

Dll operation events (11 events):
Event: 0.006 Loaded shared library C:\Program Files\Eclipse Adoptium\jdk-21.0.7.6-hotspot\bin\java.dll
Event: 0.027 Loaded shared library C:\Program Files\Eclipse Adoptium\jdk-21.0.7.6-hotspot\bin\jsvml.dll
Event: 0.058 Loaded shared library C:\Program Files\Eclipse Adoptium\jdk-21.0.7.6-hotspot\bin\net.dll
Event: 0.059 Loaded shared library C:\Program Files\Eclipse Adoptium\jdk-21.0.7.6-hotspot\bin\nio.dll
Event: 0.062 Loaded shared library C:\Program Files\Eclipse Adoptium\jdk-21.0.7.6-hotspot\bin\zip.dll
Event: 0.110 Loaded shared library C:\Program Files\Eclipse Adoptium\jdk-21.0.7.6-hotspot\bin\jimage.dll
Event: 0.124 Loaded shared library C:\Users\joshu\AppData\Local\Temp\lwjgl_joshu\3.3.4+7\x64\lwjgl.dll
Event: 0.414 Loaded shared library C:\Users\joshu\AppData\Local\Temp\lwjgl_joshu\3.3.4+7\x64\lwjgl_opengl.dll
Event: 0.639 Loaded shared library C:\Users\joshu\AppData\Local\Temp\imgui-java-natives\1.89.0\imgui-java64.dll
Event: 0.669 Loaded shared library C:\Users\joshu\AppData\Local\Temp\lwjgl_joshu\3.3.4+7\x64\lwjgl_stb.dll
Event: 0.672 Loaded shared library C:\Program Files\Eclipse Adoptium\jdk-21.0.7.6-hotspot\bin\verify.dll

Deoptimization events (16 events):
Event: 0.050 Thread 0x000001b2565217c0 Uncommon trap: trap_request=0xffffff45 fr.pc=0x000001b268d72164 relative=0x00000000000000c4
Event: 0.050 Thread 0x000001b2565217c0 Uncommon trap: reason=unstable_if action=reinterpret pc=0x000001b268d72164 method=java.lang.String.isLatin1()Z @ 10 c2
Event: 0.050 Thread 0x000001b2565217c0 DEOPT PACKING pc=0x000001b268d72164 sp=0x00000056380ff120
Event: 0.050 Thread 0x000001b2565217c0 DEOPT UNPACKING pc=0x000001b2686746a2 sp=0x00000056380ff060 mode 2
Event: 0.088 Thread 0x000001b2565217c0 DEOPT PACKING pc=0x000001b2611ed64c sp=0x00000056380fac60
Event: 0.088 Thread 0x000001b2565217c0 DEOPT UNPACKING pc=0x000001b268674e42 sp=0x00000056380fa080 mode 0
Event: 0.104 Thread 0x000001b2565217c0 DEOPT PACKING pc=0x000001b2611d89cc sp=0x00000056380fa200
Event: 0.104 Thread 0x000001b2565217c0 DEOPT UNPACKING pc=0x000001b268674e42 sp=0x00000056380f9668 mode 0
Event: 0.119 Thread 0x000001b2565217c0 Uncommon trap: trap_request=0xffffff45 fr.pc=0x000001b268d79b90 relative=0x0000000000000070
Event: 0.119 Thread 0x000001b2565217c0 Uncommon trap: reason=unstable_if action=reinterpret pc=0x000001b268d79b90 method=java.io.WinNTFileSystem.isSlash(C)Z @ 9 c2
Event: 0.119 Thread 0x000001b2565217c0 DEOPT PACKING pc=0x000001b268d79b90 sp=0x00000056380fb930
Event: 0.119 Thread 0x000001b2565217c0 DEOPT UNPACKING pc=0x000001b2686746a2 sp=0x00000056380fb8b8 mode 2
Event: 0.918 Thread 0x000001b2565217c0 Uncommon trap: trap_request=0xffffff54 fr.pc=0x000001b268daba0c relative=0x000000000000006c
Event: 0.918 Thread 0x000001b2565217c0 Uncommon trap: reason=speculate_null_assert action=make_not_entrant pc=0x000001b268daba0c method=sun.misc.Unsafe.getLong(Ljava/lang/Object;J)J @ 5 c2
Event: 0.918 Thread 0x000001b2565217c0 DEOPT PACKING pc=0x000001b268daba0c sp=0x00000056380ff1f0
Event: 0.918 Thread 0x000001b2565217c0 DEOPT UNPACKING pc=0x000001b2686746a2 sp=0x00000056380ff178 mode 2

Classes loaded (20 events):
Event: 0.599 Loading class java/nio/file/FileAlreadyExistsException
Event: 0.599 Loading class java/nio/file/FileAlreadyExistsException done
Event: 0.599 Loading class java/nio/file/Path$1
Event: 0.599 Loading class java/nio/file/Path$1 done
Event: 0.599 Loading class java/nio/file/StandardCopyOption
Event: 0.599 Loading class java/nio/file/StandardCopyOption done
Event: 0.671 Loading class java/io/Externalizable
Event: 0.671 Loading class java/io/Externalizable done
Event: 0.694 Loading class java/util/ComparableTimSort
Event: 0.694 Loading class java/util/ComparableTimSort done
Event: 0.871 Loading class jdk/internal/module/ModulePatcher$PatchedModuleReader
Event: 0.871 Loading class jdk/internal/module/ModulePatcher$PatchedModuleReader done
Event: 0.871 Loading class sun/net/www/protocol/jrt/Handler
Event: 0.871 Loading class sun/net/www/protocol/jrt/Handler done
Event: 0.874 Loading class sun/text/resources/cldr/FormatData_en
Event: 0.874 Loading class sun/text/resources/cldr/FormatData_en done
Event: 0.874 Loading class sun/text/resources/cldr/FormatData_en_US
Event: 0.874 Loading class sun/text/resources/cldr/FormatData_en_US done
Event: 0.880 Loading class java/lang/SecurityException
Event: 0.880 Loading class java/lang/SecurityException done

Classes unloaded (0 events):
No events

Classes redefined (0 events):
No events

Internal exceptions (20 events):
Event: 0.185 Thread 0x000001b2565217c0 Exception <a 'sun/nio/fs/WindowsException'{0x0000000623704698}> (0x0000000623704698) 
thrown [s\src\hotspot\share\prims\jni.cpp, line 520]
Event: 0.185 Thread 0x000001b2565217c0 Exception <a 'sun/nio/fs/WindowsException'{0x00000006237049f8}> (0x00000006237049f8) 
thrown [s\src\hotspot\share\prims\jni.cpp, line 520]
Event: 0.191 Thread 0x000001b2565217c0 Exception <a 'java/lang/NoSuchMethodError'{0x0000000623721a60}: 'int java.lang.invoke.Invokers$Holder.invokeExact_MT(java.lang.Object, java.lang.Object)'> (0x0000000623721a60) 
thrown [s\src\hotspot\share\interpreter\linkResolver.cpp, line 773]
Event: 0.366 Thread 0x000001b2565217c0 Exception <a 'java/lang/NoSuchMethodError'{0x000000062377bf30}: 'void java.lang.invoke.DirectMethodHandle$Holder.invokeStaticInit(java.lang.Object, long, double, double)'> (0x000000062377bf30) 
thrown [s\src\hotspot\share\interpreter\linkResolver.cpp, line 773]
Event: 0.368 Thread 0x000001b2565217c0 Exception <a 'java/lang/NoSuchMethodError'{0x000000062378a498}: 'void java.lang.invoke.DirectMethodHandle$Holder.invokeStaticInit(java.lang.Object, long, int, int, int)'> (0x000000062378a498) 
thrown [s\src\hotspot\share\interpreter\linkResolver.cpp, line 773]
Event: 0.371 Thread 0x000001b2565217c0 Exception <a 'java/lang/NoSuchMethodError'{0x00000006237a2b10}: 'void java.lang.invoke.DirectMethodHandle$Holder.invokeStaticInit(java.lang.Object, long, int, int, int, int)'> (0x00000006237a2b10) 
thrown [s\src\hotspot\share\interpreter\linkResolver.cpp, line 773]
Event: 0.410 Thread 0x000001b2565217c0 Exception <a 'java/lang/NoSuchMethodError'{0x00000006237c5028}: 'void java.lang.System.load(java.lang.String, java.lang.Class)'> (0x00000006237c5028) 
thrown [s\src\hotspot\share\interpreter\linkResolver.cpp, line 773]
Event: 0.410 Thread 0x000001b2565217c0 Exception <a 'java/lang/NoSuchMethodError'{0x00000006237c7a98}: 'void java.lang.System.loadLibrary(java.lang.String, java.lang.Class)'> (0x00000006237c7a98) 
thrown [s\src\hotspot\share\interpreter\linkResolver.cpp, line 773]
Event: 0.413 Thread 0x000001b2565217c0 Exception <a 'sun/nio/fs/WindowsException'{0x00000006237d7238}> (0x00000006237d7238) 
thrown [s\src\hotspot\share\prims\jni.cpp, line 520]
Event: 0.413 Thread 0x000001b2565217c0 Exception <a 'sun/nio/fs/WindowsException'{0x00000006237d75d8}> (0x00000006237d75d8) 
thrown [s\src\hotspot\share\prims\jni.cpp, line 520]
Event: 0.416 Thread 0x000001b2565217c0 Exception <a 'sun/nio/fs/WindowsException'{0x00000006237e1768}> (0x00000006237e1768) 
thrown [s\src\hotspot\share\prims\jni.cpp, line 520]
Event: 0.416 Thread 0x000001b2565217c0 Exception <a 'sun/nio/fs/WindowsException'{0x00000006237e1a38}> (0x00000006237e1a38) 
thrown [s\src\hotspot\share\prims\jni.cpp, line 520]
Event: 0.598 Thread 0x000001b2565217c0 Exception <a 'sun/nio/fs/WindowsException'{0x000000062324a5b8}> (0x000000062324a5b8) 
thrown [s\src\hotspot\share\prims\jni.cpp, line 520]
Event: 0.599 Thread 0x000001b2565217c0 Exception <a 'sun/nio/fs/WindowsException'{0x000000062324aa30}> (0x000000062324aa30) 
thrown [s\src\hotspot\share\prims\jni.cpp, line 520]
Event: 0.599 Thread 0x000001b2565217c0 Exception <a 'sun/nio/fs/WindowsException'{0x000000062324aed8}> (0x000000062324aed8) 
thrown [s\src\hotspot\share\prims\jni.cpp, line 520]
Event: 0.600 Thread 0x000001b2565217c0 Exception <a 'sun/nio/fs/WindowsException'{0x000000062324c8e8}> (0x000000062324c8e8) 
thrown [s\src\hotspot\share\prims\jni.cpp, line 520]
Event: 0.662 Thread 0x000001b2565217c0 Exception <a 'java/lang/NoSuchMethodError'{0x0000000622c77a28}: 'void java.lang.System.load(java.lang.String, java.lang.Class)'> (0x0000000622c77a28) 
thrown [s\src\hotspot\share\interpreter\linkResolver.cpp, line 773]
Event: 0.663 Thread 0x000001b2565217c0 Exception <a 'java/lang/NoSuchMethodError'{0x0000000622c7a498}: 'void java.lang.System.loadLibrary(java.lang.String, java.lang.Class)'> (0x0000000622c7a498) 
thrown [s\src\hotspot\share\interpreter\linkResolver.cpp, line 773]
Event: 0.668 Thread 0x000001b2565217c0 Exception <a 'sun/nio/fs/WindowsException'{0x0000000622c8af08}> (0x0000000622c8af08) 
thrown [s\src\hotspot\share\prims\jni.cpp, line 520]
Event: 0.668 Thread 0x000001b2565217c0 Exception <a 'sun/nio/fs/WindowsException'{0x0000000622c8b288}> (0x0000000622c8b288) 
thrown [s\src\hotspot\share\prims\jni.cpp, line 520]

ZGC Phase Switch (0 events):
No events

VM Operations (8 events):
Event: 0.063 Executing VM operation: HandshakeAllThreads (Deoptimize)
Event: 0.064 Executing VM operation: HandshakeAllThreads (Deoptimize) done
Event: 0.119 Executing VM operation: HandshakeAllThreads (Deoptimize)
Event: 0.119 Executing VM operation: HandshakeAllThreads (Deoptimize) done
Event: 0.870 Executing VM operation: HandshakeAllThreads (Deoptimize)
Event: 0.870 Executing VM operation: HandshakeAllThreads (Deoptimize) done
Event: 1.875 Executing VM operation: Cleanup
Event: 1.875 Executing VM operation: Cleanup done

Memory protections (0 events):
No events

Nmethod flushes (0 events):
No events

Events (16 events):
Event: 0.015 Thread 0x000001b2565217c0 Thread added: 0x000001b2565217c0
Event: 0.025 Thread 0x000001b2565217c0 Thread added: 0x000001b27ac02f30
Event: 0.025 Thread 0x000001b2565217c0 Thread added: 0x000001b27ac03b80
Event: 0.026 Thread 0x000001b2565217c0 Thread added: 0x000001b27ac09760
Event: 0.026 Thread 0x000001b2565217c0 Thread added: 0x000001b27ac0b420
Event: 0.026 Thread 0x000001b2565217c0 Thread added: 0x000001b27ac0c280
Event: 0.026 Thread 0x000001b2565217c0 Thread added: 0x000001b27ac157e0
Event: 0.026 Thread 0x000001b2565217c0 Thread added: 0x000001b27dcc1f40
Event: 0.026 Thread 0x000001b2565217c0 Thread added: 0x000001b27ac25950
Event: 0.028 Thread 0x000001b27ac25950 Thread added: 0x000001b27ac26dc0
Event: 0.050 Thread 0x000001b2565217c0 Thread added: 0x000001b27de492a0
Event: 0.052 Thread 0x000001b2565217c0 Thread added: 0x000001b27de50cc0
Event: 0.073 Thread 0x000001b27ac26dc0 Thread added: 0x000001b27ac26020
Event: 0.366 Thread 0x000001b27ac26020 Thread exited: 0x000001b27ac26020
Event: 0.415 Thread 0x000001b27ac25950 Thread added: 0x000001b27ac26020
Event: 0.415 Thread 0x000001b27ac25950 Thread added: 0x000001b27ac266f0


Dynamic libraries:
0x00007ff7d1f50000 - 0x00007ff7d1f5e000 	C:\Program Files\Eclipse Adoptium\jdk-21.0.7.6-hotspot\bin\java.exe
0x00007ffeae100000 - 0x00007ffeae368000 	C:\WINDOWS\SYSTEM32\ntdll.dll
0x00007ffe737a0000 - 0x00007ffe737c0000 	C:\Program Files\Norton\Suite\aswhook.dll
0x00007ffead840000 - 0x00007ffead909000 	C:\WINDOWS\System32\KERNEL32.DLL
0x00007ffeab570000 - 0x00007ffeab95d000 	C:\WINDOWS\System32\KERNELBASE.dll
0x00007ffeab960000 - 0x00007ffeabaab000 	C:\WINDOWS\System32\ucrtbase.dll
0x00007ffe82560000 - 0x00007ffe82578000 	C:\Program Files\Eclipse Adoptium\jdk-21.0.7.6-hotspot\bin\jli.dll
0x00007ffe82540000 - 0x00007ffe8255e000 	C:\Program Files\Eclipse Adoptium\jdk-21.0.7.6-hotspot\bin\VCRUNTIME140.dll
0x00007ffeac0a0000 - 0x00007ffeac26c000 	C:\WINDOWS\System32\USER32.dll
0x00007ffeab480000 - 0x00007ffeab4a7000 	C:\WINDOWS\System32\win32u.dll
0x00007ffe91ec0000 - 0x00007ffe9215a000 	C:\WINDOWS\WinSxS\amd64_microsoft.windows.common-controls_6595b64144ccf1df_6.0.26100.4484_none_3e0e6d4ce32ef3b3\COMCTL32.dll
0x00007ffead9b0000 - 0x00007ffead9db000 	C:\WINDOWS\System32\GDI32.dll
0x00007ffeadd20000 - 0x00007ffeaddc9000 	C:\WINDOWS\System32\msvcrt.dll
0x00007ffeabcd0000 - 0x00007ffeabe07000 	C:\WINDOWS\System32\gdi32full.dll
0x00007ffeab250000 - 0x00007ffeab2f3000 	C:\WINDOWS\System32\msvcp_win.dll
0x00007ffeadce0000 - 0x00007ffeadd0f000 	C:\WINDOWS\System32\IMM32.DLL
0x00007ffe787d0000 - 0x00007ffe788c2000 	C:\Program Files\Windhawk\Engine\1.6.1\64\windhawk.dll
0x00007ffeabf60000 - 0x00007ffeac014000 	C:\WINDOWS\System32\ADVAPI32.dll
0x00007ffeaded0000 - 0x00007ffeadf76000 	C:\WINDOWS\System32\sechost.dll
0x00007ffeadfa0000 - 0x00007ffeae0b8000 	C:\WINDOWS\System32\RPCRT4.dll
0x00007ffe90a10000 - 0x00007ffe90a1c000 	C:\Program Files\Eclipse Adoptium\jdk-21.0.7.6-hotspot\bin\vcruntime140_1.dll
0x00007ffe767b0000 - 0x00007ffe7683d000 	C:\Program Files\Eclipse Adoptium\jdk-21.0.7.6-hotspot\bin\msvcp140.dll
0x00007ffdc4f90000 - 0x00007ffdc5d20000 	C:\Program Files\Eclipse Adoptium\jdk-21.0.7.6-hotspot\bin\server\jvm.dll
0x00007ffeadc60000 - 0x00007ffeadcd4000 	C:\WINDOWS\System32\WS2_32.dll
0x00007ffeaae70000 - 0x00007ffeaaece000 	C:\WINDOWS\SYSTEM32\POWRPROF.dll
0x00007ffea41d0000 - 0x00007ffea41db000 	C:\WINDOWS\SYSTEM32\VERSION.dll
0x00007ffe9c670000 - 0x00007ffe9c6a5000 	C:\WINDOWS\SYSTEM32\WINMM.dll
0x00007ffeaadd0000 - 0x00007ffeaade4000 	C:\WINDOWS\SYSTEM32\UMPDC.dll
0x00007ffea9fc0000 - 0x00007ffea9fdb000 	C:\WINDOWS\SYSTEM32\kernel.appcore.dll
0x00007ffe82590000 - 0x00007ffe8259a000 	C:\Program Files\Eclipse Adoptium\jdk-21.0.7.6-hotspot\bin\jimage.dll
0x00007ffea8180000 - 0x00007ffea83c1000 	C:\WINDOWS\SYSTEM32\DBGHELP.DLL
0x00007ffeacb90000 - 0x00007ffeacf16000 	C:\WINDOWS\System32\combase.dll
0x00007ffeadae0000 - 0x00007ffeadbc0000 	C:\WINDOWS\System32\OLEAUT32.dll
0x00007ffe9c5d0000 - 0x00007ffe9c613000 	C:\WINDOWS\SYSTEM32\dbgcore.DLL
0x00007ffeabab0000 - 0x00007ffeabb49000 	C:\WINDOWS\System32\bcryptPrimitives.dll
0x00007ffe82400000 - 0x00007ffe8241f000 	C:\Program Files\Eclipse Adoptium\jdk-21.0.7.6-hotspot\bin\java.dll
0x00007ffeacf20000 - 0x00007ffead66a000 	C:\WINDOWS\System32\SHELL32.dll
0x00007ffeab300000 - 0x00007ffeab474000 	C:\WINDOWS\System32\wintypes.dll
0x00007ffea8e70000 - 0x00007ffea96cb000 	C:\WINDOWS\SYSTEM32\windows.storage.dll
0x00007ffeaddd0000 - 0x00007ffeadec5000 	C:\WINDOWS\System32\SHCORE.dll
0x00007ffead940000 - 0x00007ffead9aa000 	C:\WINDOWS\System32\shlwapi.dll
0x00007ffeab160000 - 0x00007ffeab18f000 	C:\WINDOWS\SYSTEM32\profapi.dll
0x00007ffe34920000 - 0x00007ffe349f7000 	C:\Program Files\Eclipse Adoptium\jdk-21.0.7.6-hotspot\bin\jsvml.dll
0x00007ffe823f0000 - 0x00007ffe82400000 	C:\Program Files\Eclipse Adoptium\jdk-21.0.7.6-hotspot\bin\net.dll
0x00007ffea2db0000 - 0x00007ffea2ece000 	C:\WINDOWS\SYSTEM32\WINHTTP.dll
0x00007ffeaa560000 - 0x00007ffeaa5ca000 	C:\WINDOWS\system32\mswsock.dll
0x00007ffe823a0000 - 0x00007ffe823b6000 	C:\Program Files\Eclipse Adoptium\jdk-21.0.7.6-hotspot\bin\nio.dll
0x00007ffe7c350000 - 0x00007ffe7c368000 	C:\Program Files\Eclipse Adoptium\jdk-21.0.7.6-hotspot\bin\zip.dll
0x00007ffe50220000 - 0x00007ffe5029b000 	C:\Users\joshu\AppData\Local\Temp\lwjgl_joshu\3.3.4+7\x64\lwjgl.dll
0x00007ffe39b00000 - 0x00007ffe39b85000 	C:\Users\joshu\AppData\Local\Temp\lwjgl_joshu\3.3.4+7\x64\glfw.dll
0x00007ffe380c0000 - 0x00007ffe3810b000 	C:\WINDOWS\SYSTEM32\dinput8.dll
0x00007ffe657b0000 - 0x00007ffe657c2000 	C:\WINDOWS\SYSTEM32\xinput1_4.dll
0x00007ffeaaee0000 - 0x00007ffeaaf37000 	C:\WINDOWS\SYSTEM32\cfgmgr32.dll
0x00007ffeaae40000 - 0x00007ffeaae6d000 	C:\WINDOWS\SYSTEM32\DEVOBJ.dll
0x00007ffea85b0000 - 0x00007ffea85e6000 	C:\WINDOWS\SYSTEM32\dwmapi.dll
0x00007ffe9daf0000 - 0x00007ffe9dcd3000 	C:\WINDOWS\SYSTEM32\inputhost.dll
0x00007ffea6c80000 - 0x00007ffea6da5000 	C:\WINDOWS\SYSTEM32\CoreMessaging.dll
0x00007ffea7f80000 - 0x00007ffea802f000 	C:\WINDOWS\system32\uxtheme.dll
0x00007ffeaa850000 - 0x00007ffeaa85c000 	C:\WINDOWS\SYSTEM32\CRYPTBASE.DLL
0x00007ffead6d0000 - 0x00007ffead830000 	C:\WINDOWS\System32\MSCTF.dll
0x00007ffe7c100000 - 0x00007ffe7c218000 	C:\WINDOWS\SYSTEM32\opengl32.dll
0x00007ffe7bb10000 - 0x00007ffe7bb3d000 	C:\WINDOWS\SYSTEM32\GLU32.dll
0x00007ffea84e0000 - 0x00007ffea852d000 	C:\WINDOWS\SYSTEM32\dxcore.dll
0x00007ffe935d0000 - 0x00007ffe935ea000 	C:\WINDOWS\SYSTEM32\windows.staterepositorycore.dll
0x00007ffdd8290000 - 0x00007ffddab26000 	C:\WINDOWS\System32\DriverStore\FileRepository\nvaki.inf_amd64_638171aa0e8c1799\nvoglv64.dll
0x00007ffeac420000 - 0x00007ffeac8a6000 	C:\WINDOWS\System32\SETUPAPI.dll
0x00007ffeac270000 - 0x00007ffeac40e000 	C:\WINDOWS\System32\ole32.dll
0x00007ffea7420000 - 0x00007ffea7436000 	C:\WINDOWS\SYSTEM32\WTSAPI32.dll
0x00007ffeaa8a0000 - 0x00007ffeaa8b3000 	C:\WINDOWS\SYSTEM32\msasn1.dll
0x00007ffea2110000 - 0x00007ffea214b000 	C:\WINDOWS\SYSTEM32\cryptnet.dll
0x00007ffeabb50000 - 0x00007ffeabcc7000 	C:\WINDOWS\System32\CRYPT32.dll
0x00007ffeaa910000 - 0x00007ffeaa97b000 	C:\WINDOWS\SYSTEM32\wldp.dll
0x00007ffea1f90000 - 0x00007ffea210c000 	C:\WINDOWS\SYSTEM32\drvstore.dll
0x00007ffeabe10000 - 0x00007ffeabe94000 	C:\WINDOWS\System32\WINTRUST.dll
0x00007ffeaa0f0000 - 0x00007ffeaa126000 	C:\WINDOWS\SYSTEM32\ntmarta.dll
0x00007ffead910000 - 0x00007ffead930000 	C:\WINDOWS\System32\imagehlp.dll
0x00007ffeaa830000 - 0x00007ffeaa84b000 	C:\WINDOWS\SYSTEM32\CRYPTSP.dll
0x00007ffea9f20000 - 0x00007ffea9f5b000 	C:\WINDOWS\system32\rsaenh.dll
0x00007ffeab130000 - 0x00007ffeab156000 	C:\WINDOWS\SYSTEM32\bcrypt.dll
0x00007ffe9ddc0000 - 0x00007ffea1873000 	C:\WINDOWS\System32\DriverStore\FileRepository\nvaki.inf_amd64_638171aa0e8c1799\nvgpucomp64.dll
0x00007ffe72e70000 - 0x00007ffe73184000 	C:\WINDOWS\system32\nvspcap64.dll
0x00007ffeaaa10000 - 0x00007ffeaaa77000 	C:\WINDOWS\SYSTEM32\WINSTA.dll
0x00007ffea1d20000 - 0x00007ffea1e70000 	C:\WINDOWS\SYSTEM32\textinputframework.dll
0x00007ffea3430000 - 0x00007ffea3713000 	C:\WINDOWS\SYSTEM32\CoreUIComponents.dll
0x00007ffe91d80000 - 0x00007ffe91dfd000 	C:\WINDOWS\system32\Oleacc.dll
0x00007ffe51350000 - 0x00007ffe513b1000 	C:\Users\joshu\AppData\Local\Temp\lwjgl_joshu\3.3.4+7\x64\lwjgl_opengl.dll
0x00007ffdc2590000 - 0x00007ffdc2d84000 	C:\Users\joshu\AppData\Local\Temp\imgui-java-natives\1.89.0\imgui-java64.dll
0x00007ffe19290000 - 0x00007ffe19330000 	C:\Users\joshu\AppData\Local\Temp\lwjgl_joshu\3.3.4+7\x64\lwjgl_stb.dll
0x00007ffe81760000 - 0x00007ffe81770000 	C:\Program Files\Eclipse Adoptium\jdk-21.0.7.6-hotspot\bin\verify.dll
0x00007ffeabea0000 - 0x00007ffeabf48000 	C:\WINDOWS\System32\clbcatq.dll
0x00007ffe8c040000 - 0x00007ffe8c09e000 	C:\WINDOWS\system32\ApplicationTargetedFeatureDatabase.dll
0x00007ffe9c390000 - 0x00007ffe9c5c8000 	C:\Windows\System32\twinapi.appcore.dll
0x00007ffe7bbd0000 - 0x00007ffe7c003000 	C:\Windows\System32\uiautomationcore.dll

dbghelp: loaded successfully - version: 4.0.5 - missing functions: none
symbol engine: initialized successfully - sym options: 0x614 - pdb path: .;C:\Program Files\Eclipse Adoptium\jdk-21.0.7.6-hotspot\bin;C:\WINDOWS\SYSTEM32;C:\Program Files\Norton\Suite;C:\WINDOWS\WinSxS\amd64_microsoft.windows.common-controls_6595b64144ccf1df_6.0.26100.4484_none_3e0e6d4ce32ef3b3;C:\Program Files\Windhawk\Engine\1.6.1\64;C:\Program Files\Eclipse Adoptium\jdk-21.0.7.6-hotspot\bin\server;C:\Users\joshu\AppData\Local\Temp\lwjgl_joshu\3.3.4+7\x64;C:\WINDOWS\System32\DriverStore\FileRepository\nvaki.inf_amd64_638171aa0e8c1799;C:\Users\joshu\AppData\Local\Temp\imgui-java-natives\1.89.0

VM Arguments:
jvm_args: -Dfile.encoding=windows-1252 -Duser.country=US -Duser.language=en -Duser.variant -ea 
java_command: org.example.Main
java_class_path (initial): C:\Users\joshu\OneDrive\Desktop\Projects\2D_engine\build\classes\java\main;C:\Users\joshu\OneDrive\Desktop\Projects\2D_engine\build\resources\main;C:\Users\joshu\.gradle\caches\modules-2\files-2.1\io.github.spair\imgui-java-app\1.89.0\b489c73b9762cd339860450dba936a0db5052d86\imgui-java-app-1.89.0.jar;C:\Users\joshu\.gradle\caches\modules-2\files-2.1\io.github.spair\imgui-java-lwjgl3\1.89.0\ecaa154c833084700e8acb1c3a10c68761095516\imgui-java-lwjgl3-1.89.0.jar;C:\Users\joshu\.gradle\caches\modules-2\files-2.1\org.lwjgl\lwjgl-assimp\3.3.4\4651577de25afb21511c4b39e1ee3002ab1cad5d\lwjgl-assimp-3.3.4.jar;C:\Users\joshu\.gradle\caches\modules-2\files-2.1\org.lwjgl\lwjgl-assimp\3.3.4\65a7534e8a97b340c5e9716e15339b2b8964d656\lwjgl-assimp-3.3.4-natives-windows.jar;C:\Users\joshu\.gradle\caches\modules-2\files-2.1\org.lwjgl\lwjgl-glfw\3.3.4\7e46ecdec85db8738053cfde1414352cd62dab74\lwjgl-glfw-3.3.4.jar;C:\Users\joshu\.gradle\caches\modules-2\files-2.1\org.lwjgl\lwjgl-glfw\3.3.4\370ef92d15819a123c643dd2b0fc3a2d40bb263c\lwjgl-glfw-3.3.4-natives-windows.jar;C:\Users\joshu\.gradle\caches\modules-2\files-2.1\org.lwjgl\lwjgl-glfw\3.3.4\91e3d4b56d6d1369ef107b9d7801c9f38125c590\lwjgl-glfw-3.3.4-natives-linux.jar;C:\Users\joshu\.gradle\caches\modules-2\files-2.1\org.lwjgl\lwjgl-glfw\3.3.4\753fa860987242ceefa990a6062a18dff4908a33\lwjgl-glfw-3.3.4-natives-macos.jar;C:\Users\joshu\.gradle\caches\modules-2\files-2.1\org.lwjgl\lwjgl-glfw\3.3.4\4c358e983516fb6318b76c892ac35b79e8f2f8d9\lwjgl-glfw-3.3.4-natives-macos-arm64.jar;C:\Users\joshu\.gradle\caches\modules-2\files-2.1\org.lwjgl\lwjgl-nfd\3.3.4\176827b812b331189e36d4879926f50f4fc37b50\lwjgl-nfd-3.3.4.jar;C:\Users\joshu\.gradle\caches\modules-2\files-2.1\org.lwjgl\lwjgl-nfd\3.3.4\f67e276de66b5666322c6cbc7772786de99634bf\lwjgl-nfd-3.3.4-natives-windows.jar;C:\Users\joshu\.gradle\caches\modules-2\files-2.1\org.lwjgl\lwjgl-openal\3.3.4\9b74d3ea380c83353d42af43ad9659e04dabe84a\lwjgl-openal-3.3.4.jar;C:\Users\joshu\.gradle\caches\modules-2\files-2.1\org.lwjgl\lwjgl-openal\3.3.4\c4de8af803aacda71044418095a71cd63b569a15\lwjgl-openal-3.3.4-natives-windows.jar;C:\Users\joshu\.gradle\caches\modules-2\files-2.1\org.lwjgl\lwjgl-opengl\3.3.4\2852ac7d9f6fc71349f1ce28e2708ff1977f18af\lwjgl-opengl-3.3.4.jar;C:\Users\joshu\.gradle\caches\modules-2\files-2.1\org.lwjgl\lwjgl-opengl\3.3.4\f7ca4e75573a9ce83075bd86bc8a3e49ff106696\lwjgl-opengl-3.3.4-natives-windows.jar;C:\Users\joshu\.gradle\caches\modules-2\files-2.1\org.lwjgl\lwjgl-opengl\3.3.4\789df76d2e3da55349d858dfb81442149af7c7f4\lwjgl-opengl-3.3.4-natives-linux.jar;C:\Users\joshu\.gradle\caches\modules-2\files-2.1\org.lwjgl\lwjgl-opengl\3.3.4\ae0dd9d292744114f54d268a98cf1cd748b9994d\lwjgl-opengl-3.3.4-natives-macos.jar;C:\Users\joshu\.gradle\caches\modules-2\files-2.1\org.lwjgl\lwjgl-opengl\3.3.4\832e7deef981577ee7aeb3b9e1c74bc0e5d26cce\lwjgl-opengl-3.3.4-natives-macos-arm64.jar;C:\Users\joshu\.gradle\caches\modules-2\files-2.1\org.lwjgl\lwjgl-stb\3.3.4\5821735d5ef23f6da8542887344e57eb181b7cac\lwjgl-stb-3.3.4.jar;C:\Users\joshu\.gradle\caches\modules-2\files-2.1\org.lwjgl\lwjgl-stb\3.3.4\8310e565463ec8d369528e8b26a9b1518d079a01\lwjgl-stb-3.3.4-natives-windows.jar;C:\Users\joshu\.gradle\caches\modules-2\files-2.1\org.lwjgl\lwjgl\3.3.4\b86c3e4832426e8a6b466013b7cb34b40e9ce956\lwjgl-3.3.4.jar;C:\Users\joshu\.gradle\caches\modules-2\files-2.1\org.lwjgl\lwjgl\3.3.4\dd0927c1348cdcd9573fa24b7278ec1ac2bb0a76\lwjgl-3.3.4-natives-windows.jar;C:\Users\joshu\.gradle\caches\modules-2\files-2.1\org.lwjgl\lwjgl\3.3.4\a7ccba1d3f2fef214943e74335a80cc65d04e49\lwjgl-3.3.4-natives-linux.jar;C:\Users\joshu\.gradle\caches\modules-2\files-2.1\org.lwjgl\lwjgl\3.3.4\f952bb0894c946445942431de2e311feee635c00\lwjgl-3.3.4-natives-macos.jar;C:\Users\joshu\.gradle\caches\modules-2\files-2.1\org.lwjgl\lwjgl\3.3.4\d12785da7cdca4921603b5dd83f712f5cdba3fc4\lwjgl-3.3.4-natives-macos-arm64.jar;C:\Users\joshu\.gradle\caches\modules-2\files-2.1\org.joml\joml\1.10.8\fc0a71dad90a2cf41d82a76156a0e700af8e4f8d\joml-1.10.8.jar;C:\Users\joshu\.gradle\caches\modules-2\files-2.1\org.jetbrains.kotlin\kotlin-stdlib-jdk8\1.8.20\73576ddf378c5b4f1f6b449fe6b119b8183fc078\kotlin-stdlib-jdk8-1.8.20.jar;C:\Users\joshu\.gradle\caches\modules-2\files-2.1\io.github.spair\imgui-java-binding\1.89.0\97c691effb5cf18f918546df7e770cdee19a2fa2\imgui-java-binding-1.89.0.jar;C:\Users\joshu\.gradle\caches\modules-2\files-2.1\org.jetbrains.kotlin\kotlin-stdlib-jdk7\1.8.20\3aa51faf20aae8b31e1a4bc54f8370673d7b7df4\kotlin-stdlib-jdk7-1.8.20.jar;C:\Users\joshu\.gradle\caches\modules-2\files-2.1\org.jetbrains.kotlin\kotlin-stdlib\1.8.20\e72fc5e03ec6c064c678a6bd0d955c88d55b0c4a\kotlin-stdlib-1.8.20.jar;C:\Users\joshu\.gradle\caches\modules-2\files-2.1\org.jetbrains.kotlin\kotlin-stdlib-common\1.8.20\5eddaaf234c8c49d03eebeb6a14feb7f90faca71\kotlin-stdlib-common-1.8.20.jar;C:\Users\joshu\.gradle\caches\modules-2\files-2.1\org.jetbrains\annotations\13.0\919f0dfe192fb4e063e7dacadee7f8bb9a2672a9\annotations-13.0.jar
Launcher Type: SUN_STANDARD

[Global flags]
     intx CICompilerCount                          = 12                                        {product} {ergonomic}
     uint ConcGCThreads                            = 4                                         {product} {ergonomic}
     uint G1ConcRefinementThreads                  = 15                                        {product} {ergonomic}
   size_t G1HeapRegionSize                         = 4194304                                   {product} {ergonomic}
    uintx GCDrainStackTargetSize                   = 64                                        {product} {ergonomic}
   size_t InitialHeapSize                          = 532676608                                 {product} {ergonomic}
   size_t MarkStackSize                            = 4194304                                   {product} {ergonomic}
   size_t MaxHeapSize                              = 8522825728                                {product} {ergonomic}
   size_t MaxNewSize                               = 5112856576                                {product} {ergonomic}
   size_t MinHeapDeltaBytes                        = 4194304                                   {product} {ergonomic}
   size_t MinHeapSize                              = 8388608                                   {product} {ergonomic}
    uintx NonNMethodCodeHeapSize                   = 7602480                                {pd product} {ergonomic}
    uintx NonProfiledCodeHeapSize                  = 122027880                              {pd product} {ergonomic}
    uintx ProfiledCodeHeapSize                     = 122027880                              {pd product} {ergonomic}
    uintx ReservedCodeCacheSize                    = 251658240                              {pd product} {ergonomic}
     bool SegmentedCodeCache                       = true                                      {product} {ergonomic}
   size_t SoftMaxHeapSize                          = 8522825728                             {manageable} {ergonomic}
     bool UseCompressedOops                        = true                           {product lp64_product} {ergonomic}
     bool UseG1GC                                  = true                                      {product} {ergonomic}
     bool UseLargePagesIndividualAllocation        = false                                  {pd product} {ergonomic}

Logging:
Log output configuration:
 #0: stdout all=warning uptime,level,tags foldmultilines=false
 #1: stderr all=off uptime,level,tags foldmultilines=false

Environment Variables:
JAVA_HOME=C:\Program Files\Eclipse Adoptium\jdk-21.0.7.6-hotspot\
PATH=C:\Program Files\PlasticSCM5\server;C:\Program Files\PlasticSCM5\client;C:\Program Files\Eclipse Adoptium\jdk-21.0.7.6-hotspot\bin;C:\Program Files (x86)\Common Files\Oracle\Java\java8path;C:\Program Files (x86)\Common Files\Oracle\Java\javapath;C:\Program Files\Eclipse Adoptium\jdk-17.0.11.9-hotspot\bin;C:\Python312\Scripts\;C:\Python312\;C:\Program Files (x86)\Eclipse Adoptium\jdk-8.0.382.5-hotspot\bin;C:\Program Files\Oculus\Support\oculus-runtime;C:\Windows\system32;C:\Windows;C:\Windows\System32\Wbem;C:\Windows\System32\WindowsPowerShell\v1.0\;C:\Windows\System32\OpenSSH\;C:\Program Files (x86)\NVIDIA Corporation\PhysX\Common;C:\WINDOWS\system32;C:\WINDOWS;C:\WINDOWS\System32\Wbem;C:\WINDOWS\System32\WindowsPowerShell\v1.0\;C:\WINDOWS\System32\OpenSSH\;C:\Program Files\FFmpeg;C:\HaxeToolkit\haxe;C:\HaxeToolkit\neko;C:\ProgramData\chocolatey\bin;C:\Program Files\dotnet\;C:\Program Files\nodejs\;C:\Program Files\Git\cmd;C:\WINDOWS\system32;C:\WINDOWS;C:\WINDOWS\System32\Wbem;C:\WINDOWS\System32\WindowsPowerShell\v1.0\;C:\WINDOWS\System32\OpenSSH\;C:\Program Files (x86)\Windows Kits\10\Windows Performance Toolkit\;C:\Program Files\NVIDIA Corporation\NVIDIA App\NvDLISR;C:\Users\joshu\AppData\Local\Programs\Python\Python36\Scripts\;C:\Users\joshu\AppData\Local\Programs\Python\Python36\;C:\Users\joshu\.cargo\bin;C:\Users\joshu\AppData\Local\Microsoft\WindowsApps;C:\Users\joshu\AppData\Local\Programs\Microsoft VS Code\bin;C:\Users\joshu\AppData\Local\GitHubDesktop\bin;C:\Users\joshu\AppData\Local\JetBrains\Toolbox\scripts;C:\msys64\ucrt64\bin;C:\Users\joshu\AppData\Roaming\npm;C:\Users\joshu\AppData\Local\spicetify;C:\Users\joshu\.dotnet\tools;;%USERPROFILE%\AppData\Local\Microsoft\WindowsApps;C:\Users\joshu\.aftman\bin
USERNAME=joshu
OS=Windows_NT
PROCESSOR_IDENTIFIER=Intel64 Family 6 Model 151 Stepping 2, GenuineIntel
TMP=C:\Users\joshu\AppData\Local\Temp
TEMP=C:\Users\joshu\AppData\Local\Temp




Periodic native trim disabled

---------------  S Y S T E M  ---------------

OS:
 Windows 11 , 64 bit Build 26100 (10.0.26100.4484)
OS uptime: 5 days 4:57 hours
Hyper-V role detected

CPU: total 20 (initial active 20) (10 cores per cpu, 2 threads per core) family 6 model 151 stepping 2 microcode 0x34, cx8, cmov, fxsr, ht, mmx, 3dnowpref, sse, sse2, sse3, ssse3, sse4.1, sse4.2, popcnt, lzcnt, tsc, tscinvbit, avx, avx2, aes, erms, clmul, bmi1, bmi2, adx, sha, fma, vzeroupper, clflush, clflushopt, clwb, hv, serialize, rdtscp, rdpid, fsrm, f16c, cet_ibt, cet_ss
Processor Information for processor 0
  Max Mhz: 2100, Current Mhz: 2100, Mhz Limit: 2100
Processor Information for processor 1
  Max Mhz: 2100, Current Mhz: 2100, Mhz Limit: 2100
Processor Information for processor 2
  Max Mhz: 2100, Current Mhz: 2100, Mhz Limit: 2100
Processor Information for processor 3
  Max Mhz: 2100, Current Mhz: 2100, Mhz Limit: 2100
Processor Information for processor 4
  Max Mhz: 2100, Current Mhz: 2100, Mhz Limit: 2100
Processor Information for processor 5
  Max Mhz: 2100, Current Mhz: 2100, Mhz Limit: 2100
Processor Information for processor 6
  Max Mhz: 2100, Current Mhz: 2100, Mhz Limit: 2100
Processor Information for processor 7
  Max Mhz: 2100, Current Mhz: 2100, Mhz Limit: 2100
Processor Information for processor 8
  Max Mhz: 2100, Current Mhz: 2100, Mhz Limit: 2100
Processor Information for processor 9
  Max Mhz: 2100, Current Mhz: 2100, Mhz Limit: 2100
Processor Information for processor 10
  Max Mhz: 2100, Current Mhz: 2100, Mhz Limit: 2100
Processor Information for processor 11
  Max Mhz: 2100, Current Mhz: 2100, Mhz Limit: 2100
Processor Information for processor 12
  Max Mhz: 2100, Current Mhz: 2100, Mhz Limit: 2100
Processor Information for processor 13
  Max Mhz: 2100, Current Mhz: 2100, Mhz Limit: 2100
Processor Information for processor 14
  Max Mhz: 2100, Current Mhz: 2100, Mhz Limit: 2100
Processor Information for processor 15
  Max Mhz: 2100, Current Mhz: 2100, Mhz Limit: 2100
Processor Information for processor 16
  Max Mhz: 2100, Current Mhz: 1600, Mhz Limit: 1596
Processor Information for processor 17
  Max Mhz: 2100, Current Mhz: 1600, Mhz Limit: 1596
Processor Information for processor 18
  Max Mhz: 2100, Current Mhz: 1600, Mhz Limit: 1596
Processor Information for processor 19
  Max Mhz: 2100, Current Mhz: 1600, Mhz Limit: 1596

Memory: 4k page, system-wide physical 32509M (10807M free)
TotalPageFile size 46343M (AvailPageFile size 8296M)
current process WorkingSet (physical memory assigned to process): 126M, peak: 127M
current process commit charge ("private bytes"): 728M, peak: 732M

vm_info: OpenJDK 64-Bit Server VM (21.0.7+6-LTS) for windows-amd64 JRE (21.0.7+6-LTS), built on 2025-04-15T00:00:00Z by "admin" with MS VC++ 17.7 (VS2022)

END.
