#
# A fatal error has been detected by the Java Runtime Environment:
#
#  EXCEPTION_ACCESS_VIOLATION (0xc0000005) at pc=0x00007ffe502145eb, pid=45068, tid=26660
#
# JRE version: OpenJDK Runtime Environment Temurin-21.0.7+6 (21.0.7+6) (build 21.0.7+6-LTS)
# Java VM: OpenJDK 64-Bit Server VM Temurin-21.0.7+6 (21.0.7+6-LTS, mixed mode, sharing, tiered, compressed oops, compressed class ptrs, g1 gc, windows-amd64)
# Problematic frame:
# C  [glfw.dll+0x45eb]
#
# No core dump will be written. Minidumps are not enabled by default on client versions of Windows
#
# If you would like to submit a bug report, please visit:
#   https://github.com/adoptium/adoptium-support/issues
# The crash happened outside the Java Virtual Machine in native code.
# See problematic frame for where to report the bug.
#

---------------  S U M M A R Y ------------

Command Line: -Dfile.encoding=windows-1252 -Duser.country=US -Duser.language=en -Duser.variant -ea org.example.Main

Host: 12th Gen Intel(R) Core(TM) i7-12700, 20 cores, 31G,  Windows 11 , 64 bit Build 26100 (10.0.26100.4484)
Time: Fri Aug  8 21:29:38 2025 Pacific Daylight Time elapsed time: 4.443361 seconds (0d 0h 0m 4s)

---------------  T H R E A D  ---------------

Current thread (0x0000017e7bf67550):  JavaThread "main"             [_thread_in_native, id=26660, stack(0x00000047e4600000,0x00000047e4700000) (1024K)]

Stack: [0x00000047e4600000,0x00000047e4700000],  sp=0x00000047e46ff450,  free space=1021k
Native frames: (J=compiled Java code, j=interpreted, Vv=VM code, C=native code)
C  [glfw.dll+0x45eb]

Java frames: (J=compiled Java code, j=interpreted, Vv=VM code)
J 1129  org.lwjgl.system.JNI.invokePV(JJ)V (0 bytes) @ 0x0000017e1022549c [0x0000017e10225440+0x000000000000005c]
j  org.lwjgl.glfw.GLFW.glfwDestroyCursor(J)V+17
j  imgui.glfw.ImGuiImplGlfw.shutdown()V+46
j  org.example.Hellena.core.util.ImGuiLayer.update()V+21
j  org.example.Hellena.Window.loop()V+83
j  org.example.Hellena.Window.run()V+19
j  org.example.Main.main([Ljava/lang/String;)V+5
v  ~StubRoutines::call_stub 0x0000017e0fa8100d

siginfo: EXCEPTION_ACCESS_VIOLATION (0xc0000005), reading address 0x0000000000000458


Registers:
RAX=0x0000000000000000, RBX=0x0000017e634c28a0, RCX=0x40e60ffba56d0000, RDX=0x0000000000000000
RSP=0x00000047e46ff450, RBP=0x00000047e46ff4f0, RSI=0x0000017e6d094c30, RDI=0x0000000000000400
R8 =0x0000000000000780, R9 =0x0000000000000000, R10=0x0000000000000000, R11=0x0000000000000246
R12=0x0000000000000000, R13=0x00000047e46ff500, R14=0x00000047e46ff4e0, R15=0x0000017e7bf67550
RIP=0x00007ffe502145eb, EFLAGS=0x0000000000010206

XMM[0]=0x000003f100000780 0x0000000000000000
XMM[1]=0x0000000000000000 0x0000000000000000
XMM[2]=0x0000000000000000 0x0000000000000000
XMM[3]=0x0000000000000000 0x0000000000000000
XMM[4]=0x0000000000000000 0x0000000000000000
XMM[5]=0x0000000000000000 0x0000000000000000
XMM[6]=0x0000000000000000 0x9a9b3b9c00152048
XMM[7]=0x0000000000000000 0xccc2034ac1bee3a4
XMM[8]=0x0000000000000000 0x501ed801ce1b2369
XMM[9]=0x0000000000000000 0x34564134259ec05f
XMM[10]=0x0000000000000000 0x00000000f1487f2b
XMM[11]=0x0000000000000000 0x13ae434e394d03ad
XMM[12]=0x0000000000000000 0x00000000259ec05f
XMM[13]=0x0000000000000000 0x0000000000000000
XMM[14]=0x0000000000000000 0x0000000000000000
XMM[15]=0x0000000000000000 0x0000000000000000
  MXCSR=0x00001fa2


Register to memory mapping:

RAX=0x0 is null
RBX={method} {0x0000017e634c28a8} 'invokePV' '(JJ)V' in 'org/lwjgl/system/JNI'
RCX=0x40e60ffba56d0000 is an unknown value
RDX=0x0 is null
RSP=0x00000047e46ff450 is pointing into the stack for thread: 0x0000017e7bf67550
RBP=0x00000047e46ff4f0 is pointing into the stack for thread: 0x0000017e7bf67550
RSI=0x0000017e6d094c30 points into unknown readable memory: 0x0000000000000000 | 00 00 00 00 00 00 00 00
RDI=0x0000000000000400 is an unknown value
R8 =0x0000000000000780 is an unknown value
R9 =0x0 is null
R10=0x0 is null
R11=0x0000000000000246 is an unknown value
R12=0x0 is null
R13=0x00000047e46ff500 is pointing into the stack for thread: 0x0000017e7bf67550
R14=0x00000047e46ff4e0 is pointing into the stack for thread: 0x0000017e7bf67550
R15=0x0000017e7bf67550 is a thread

Top of Stack: (sp=0x00000047e46ff450)
0x00000047e46ff450:   00000047e46ff4a0 0000017e639581f0
0x00000047e46ff460:   0000000000000000 0000017e6340d634
0x00000047e46ff470:   0000017e0fa88860 0000000000002216
0x00000047e46ff480:   0000000000000110 0000017e10225537
0x00000047e46ff490:   0000000000000110 0000000000000000
0x00000047e46ff4a0:   0000017e6349bcd0 0000017e7bf67550
0x00000047e46ff4b0:   0000017e7bf67550 00007ffdc53651b1
0x00000047e46ff4c0:   00000047e46ff4c0 0000017e635c338d
0x00000047e46ff4d0:   00000047e46ff590 0000017e0fa88860
0x00000047e46ff4e0:   00000006230672d0 0000017e0fa9773c
0x00000047e46ff4f0:   00000047e46ff568 0000017e0fa88860
0x00000047e46ff500:   00007ffe502145a0 0000000000000000
0x00000047e46ff510:   0000017e6d094c30 0000000000000000
0x00000047e46ff520:   00000047e46ff520 0000017e6349bca1
0x00000047e46ff530:   0000000000000005 0000017e634a31a8
0x00000047e46ff540:   0000000000000000 00000006237d28c8
0x00000047e46ff550:   0000017e6349bcd0 00000047e46ff500
0x00000047e46ff560:   00000047e46ff588 00000047e46ff5e0
0x00000047e46ff570:   0000017e0fa88860 00007ffe502145a0
0x00000047e46ff580:   0000000000000000 0000017e6d094c30
0x00000047e46ff590:   0000000000000000 00000047e46ff598
0x00000047e46ff5a0:   0000017e635c36c6 0000000000000004
0x00000047e46ff5b0:   0000017e635d1dc8 0000000000000000
0x00000047e46ff5c0:   0000000623255d58 0000017e635c3718
0x00000047e46ff5d0:   00000047e46ff588 00000047e46ff600
0x00000047e46ff5e0:   00000047e46ff650 0000017e0fa88860
0x00000047e46ff5f0:   0000000000000000 00000006233aa060
0x00000047e46ff600:   00000006232a5e98 00000047e46ff608
0x00000047e46ff610:   0000017e635be095 0000000000000002
0x00000047e46ff620:   0000017e635be198 0000000000000000
0x00000047e46ff630:   000000062323dab8 0000017e635be100
0x00000047e46ff640:   00000047e46ff600 00000047e46ff660 

Instructions: (pc=0x00007ffe502145eb)
0x00007ffe502144eb:   81 39 07 00 48 85 ff 75 57 eb 78 31 f6 b9 01 00
0x00007ffe502144fb:   01 00 31 d2 e8 8c da ff ff eb 13 48 8d 15 97 70
0x00007ffe5021450b:   06 00 b9 04 00 01 00 e8 79 da ff ff 31 f6 48 89
0x00007ffe5021451b:   f0 48 83 c4 28 5b 5f 5e 41 5e c3 66 2e 0f 1f 84
0x00007ffe5021452b:   00 00 00 00 00 48 c7 47 58 00 00 00 00 48 89 f9
0x00007ffe5021453b:   31 d2 ff 15 05 32 07 00 48 8b 3f 48 85 ff 74 23
0x00007ffe5021454b:   48 39 77 58 75 f2 83 3d 70 31 07 00 00 75 d6 b9
0x00007ffe5021455b:   01 00 01 00 31 d2 e8 2a da ff ff 48 8b 3f 48 85
0x00007ffe5021456b:   ff 75 dd 48 89 f1 ff 15 c9 31 07 00 48 8d 0d ea
0x00007ffe5021457b:   38 07 00 66 90 48 89 c8 48 8b 09 48 39 f1 75 f5
0x00007ffe5021458b:   48 8b 0e 48 89 08 48 89 f1 e8 a7 dd ff ff e9 79
0x00007ffe5021459b:   ff ff ff cc cc 56 57 48 83 ec 28 83 3d 1b 31 07
0x00007ffe502145ab:   00 00 0f 84 8c 00 00 00 48 89 ce 48 85 c9 0f 84
0x00007ffe502145bb:   8c 00 00 00 48 8b 3d aa 38 07 00 48 85 ff 75 20
0x00007ffe502145cb:   eb 41 0f 1f 00 48 c7 47 58 00 00 00 00 48 89 f9
0x00007ffe502145db:   31 d2 ff 15 65 31 07 00 48 8b 3f 48 85 ff 74 23
0x00007ffe502145eb:   48 39 77 58 75 f2 83 3d d0 30 07 00 00 75 d6 b9
0x00007ffe502145fb:   01 00 01 00 31 d2 e8 8a d9 ff ff 48 8b 3f 48 85
0x00007ffe5021460b:   ff 75 dd 48 89 f1 ff 15 29 31 07 00 48 8d 0d 4a
0x00007ffe5021461b:   38 07 00 66 90 48 89 c8 48 8b 09 48 39 f1 75 f5
0x00007ffe5021462b:   48 8b 0e 48 89 08 48 89 f1 48 83 c4 28 5f 5e e9
0x00007ffe5021463b:   01 dd ff ff b9 01 00 01 00 31 d2 e8 45 d9 ff ff
0x00007ffe5021464b:   90 48 83 c4 28 5f 5e c3 cc cc cc cc cc cc cc cc
0x00007ffe5021465b:   cc cc cc cc cc 56 57 48 83 ec 28 83 3d 5b 30 07
0x00007ffe5021466b:   00 00 74 73 89 cf 8d 87 f5 9f fc ff 83 f8 f5 77
0x00007ffe5021467b:   19 48 8d 15 a5 89 06 00 b9 03 00 01 00 41 89 f8
0x00007ffe5021468b:   e8 00 d9 ff ff e9 d4 00 00 00 b9 01 00 00 00 ba
0x00007ffe5021469b:   10 00 00 00 e8 4c d7 ff ff 48 89 c6 48 8b 05 ba
0x00007ffe502146ab:   37 07 00 48 89 06 48 89 35 b0 37 07 00 48 89 f1
0x00007ffe502146bb:   89 fa ff 15 75 30 07 00 85 c0 0f 85 a0 00 00 00
0x00007ffe502146cb:   83 3d f6 2f 07 00 00 74 0e 48 8b 3d 95 37 07 00
0x00007ffe502146db:   48 85 ff 75 3b eb 5c 31 f6 b9 01 00 01 00 31 d2 


Stack slot to memory mapping:

stack at sp + 0 slots: 0x00000047e46ff4a0 is pointing into the stack for thread: 0x0000017e7bf67550
stack at sp + 1 slots: 0x0000017e639581f0 is pointing into metadata
stack at sp + 2 slots: 0x0 is null
stack at sp + 3 slots: 0x0000017e6340d634 is pointing into metadata
stack at sp + 4 slots: 0x0000017e0fa88860 is at code_begin+1184 in an Interpreter codelet
return entry points  [0x0000017e0fa883c0, 0x0000017e0fa88f60]  2976 bytes
stack at sp + 5 slots: 0x0000000000002216 is an unknown value
stack at sp + 6 slots: 0x0000000000000110 is an unknown value
stack at sp + 7 slots: 0x0000017e10225537 is at entry_point+247 in (nmethod*)0x0000017e10225290
Compiled method (n/a) 4480 1129     n 0       org.lwjgl.system.JNI::invokePV (native)
 total in heap  [0x0000017e10225290,0x0000017e10225668] = 984
 relocation     [0x0000017e102253f0,0x0000017e10225428] = 56
 main code      [0x0000017e10225440,0x0000017e1022565b] = 539
 stub code      [0x0000017e1022565b,0x0000017e10225660] = 5
 oops           [0x0000017e10225660,0x0000017e10225668] = 8


Compiled method (n/a) 4481 1129     n 0       org.lwjgl.system.JNI::invokePV (native)
 total in heap  [0x0000017e10225290,0x0000017e10225668] = 984
 relocation     [0x0000017e102253f0,0x0000017e10225428] = 56
 main code      [0x0000017e10225440,0x0000017e1022565b] = 539
 stub code      [0x0000017e1022565b,0x0000017e10225660] = 5
 oops           [0x0000017e10225660,0x0000017e10225668] = 8

[Constant Pool (empty)]

[MachCode]
[Entry Point]
  # {method} {0x0000017e634c28a8} 'invokePV' '(JJ)V' in 'org/lwjgl/system/JNI'
  # parm0:    rdx:rdx   = long
  # parm1:    r8:r8     = long
  #           [sp+0x70]  (sp of caller)
  0x0000017e10225440: 448b 5208 | 49bb 0000 | 0022 7e01 | 0000 4d03 | d349 3bc2 | 0f84 0600 

  0x0000017e10225458: ;   {runtime_call ic_miss_stub}
  0x0000017e10225458: 0000 e921 | 938a ff90 
[Verified Entry Point]
  0x0000017e10225460: 8984 2400 | 80ff ff55 | 488b ec48 | 83ec 6090 | 4181 7f20 | 0100 0000 

  0x0000017e10225478: ;   {runtime_call StubRoutines (final stubs)}
  0x0000017e10225478: 7405 e8e1 | f888 ff4d | 8bc8 4c8b 

  0x0000017e10225484: ;   {oop(a 'java/lang/Class'{0x00000006230672d0} = 'org/lwjgl/system/JNI')}
  0x0000017e10225484: c249 bed0 | 7206 2306 | 0000 004c | 8974 2450 | 4c8d 7424 | 5049 8bd6 

  0x0000017e1022549c: ;   {internal_word}
  0x0000017e1022549c: c5f8 7749 | ba9c 5422 | 107e 0100 | 004d 8997 | a003 0000 | 4989 a798 

  0x0000017e102254b4: ;   {external_word}
  0x0000017e102254b4: 0300 0049 | ba3d 5bc2 | c5fd 7f00 | 0041 803a | 000f 844e | 0000 0052 | 4150 4151 

  0x0000017e102254d0: ;   {metadata({method} {0x0000017e634c28a8} 'invokePV' '(JJ)V' in 'org/lwjgl/system/JNI')}
  0x0000017e102254d0: 48ba a028 | 4c63 7e01 | 0000 498b | cf48 83ec | 2040 f6c4 | 0f0f 8419 | 0000 0048 

  0x0000017e102254ec: ;   {runtime_call}
  0x0000017e102254ec: 83ec 0848 | b850 4b6c | c5fd 7f00 | 00ff d048 | 83c4 08e9 | 0c00 0000 

  0x0000017e10225504: ;   {runtime_call}
  0x0000017e10225504: 48b8 504b | 6cc5 fd7f | 0000 ffd0 | 4883 c420 | 4159 4158 | 5a49 8d8f | b803 0000 | 41c7 8744 
  0x0000017e10225524: 0400 0004 

  0x0000017e10225528: ;   {runtime_call}
  0x0000017e10225528: 0000 0048 | b820 13ae | 68fe 7f00 | 00ff d0c5 | f877 41c7 | 8744 0400 | 0005 0000 | 00f0 8344 
  0x0000017e10225548: 24c0 0049 | 3baf 4804 | 0000 0f87 | 0e00 0000 | 4183 bf40 | 0400 0000 | 0f84 2300 | 0000 c5f8 
  0x0000017e10225568: 7749 8bcf | 4c8b e448 | 83ec 2048 

  0x0000017e10225574: ;   {runtime_call}
  0x0000017e10225574: 83e4 f048 | b800 d137 | c5fd 7f00 | 00ff d049 | 8be4 4d33 | e441 c787 | 4404 0000 | 0800 0000 
  0x0000017e10225594: 4183 bfc0 | 0400 0002 | 0f84 9400 

  0x0000017e102255a0: ;   {external_word}
  0x0000017e102255a0: 0000 49ba | 3d5b c2c5 | fd7f 0000 | 4180 3a00 | 0f84 4400 

  0x0000017e102255b4: ;   {metadata({method} {0x0000017e634c28a8} 'invokePV' '(JJ)V' in 'org/lwjgl/system/JNI')}
  0x0000017e102255b4: 0000 48ba | a028 4c63 | 7e01 0000 | 498b cf48 | 83ec 2040 | f6c4 0f0f | 8419 0000 | 0048 83ec 
  0x0000017e102255d4: ;   {runtime_call}
  0x0000017e102255d4: 0848 b850 | 4b6c c5fd | 7f00 00ff | d048 83c4 | 08e9 0c00 

  0x0000017e102255e8: ;   {runtime_call}
  0x0000017e102255e8: 0000 48b8 | 504b 6cc5 | fd7f 0000 | ffd0 4883 | c420 49c7 | 8798 0300 | 0000 0000 | 0049 c787 
  0x0000017e10225608: a003 0000 | 0000 0000 | c5f8 7749 | 8b8f 2804 | 0000 c781 | 0001 0000 | 0000 0000 | c949 837f 
  0x0000017e10225628: 0800 0f85 | 0100 0000 

  0x0000017e10225630: ;   {runtime_call StubRoutines (initial stubs)}
  0x0000017e10225630: c3e9 cab8 | 85ff c5f8 | 774c 8be4 | 4883 ec20 | 4883 e4f0 

  0x0000017e10225644: ;   {runtime_call}
  0x0000017e10225644: 48b8 3083 | 6cc5 fd7f | 0000 ffd0 | 498b e44d | 33e4 e947 | ffff fff4 | f4f4 f4f4 
[/MachCode]


---------------  P R O C E S S  ---------------

Threads class SMR info:
_java_thread_list=0x0000017e67605b10, length=14, elements={
0x0000017e7bf67550, 0x0000017e7ed777c0, 0x0000017e7ed78210, 0x0000017e7ed7de00,
0x0000017e215b5f70, 0x0000017e215e0c90, 0x0000017e215e4be0, 0x0000017e215e74d0,
0x0000017e215e8c80, 0x0000017e21718d10, 0x0000017e2171bbd0, 0x0000017e2172e0e0,
0x0000017e2177c070, 0x0000017e21783c80
}

Java Threads: ( => current thread )
=>0x0000017e7bf67550 JavaThread "main"                              [_thread_in_native, id=26660, stack(0x00000047e4600000,0x00000047e4700000) (1024K)]
  0x0000017e7ed777c0 JavaThread "Reference Handler"          daemon [_thread_blocked, id=36988, stack(0x00000047e4e00000,0x00000047e4f00000) (1024K)]
  0x0000017e7ed78210 JavaThread "Finalizer"                  daemon [_thread_blocked, id=26296, stack(0x00000047e4f00000,0x00000047e5000000) (1024K)]
  0x0000017e7ed7de00 JavaThread "Signal Dispatcher"          daemon [_thread_blocked, id=46020, stack(0x00000047e5000000,0x00000047e5100000) (1024K)]
  0x0000017e215b5f70 JavaThread "Attach Listener"            daemon [_thread_blocked, id=55696, stack(0x00000047e5100000,0x00000047e5200000) (1024K)]
  0x0000017e215e0c90 JavaThread "Service Thread"             daemon [_thread_blocked, id=53996, stack(0x00000047e5200000,0x00000047e5300000) (1024K)]
  0x0000017e215e4be0 JavaThread "Monitor Deflation Thread"   daemon [_thread_blocked, id=46064, stack(0x00000047e5300000,0x00000047e5400000) (1024K)]
  0x0000017e215e74d0 JavaThread "C2 CompilerThread0"         daemon [_thread_blocked, id=49964, stack(0x00000047e5400000,0x00000047e5500000) (1024K)]
  0x0000017e215e8c80 JavaThread "C1 CompilerThread0"         daemon [_thread_blocked, id=59172, stack(0x00000047e5500000,0x00000047e5600000) (1024K)]
  0x0000017e21718d10 JavaThread "C1 CompilerThread1"         daemon [_thread_blocked, id=58956, stack(0x00000047e5600000,0x00000047e5700000) (1024K)]
  0x0000017e2171bbd0 JavaThread "C1 CompilerThread2"         daemon [_thread_blocked, id=51500, stack(0x00000047e5700000,0x00000047e5800000) (1024K)]
  0x0000017e2172e0e0 JavaThread "C1 CompilerThread3"         daemon [_thread_blocked, id=55120, stack(0x00000047e5800000,0x00000047e5900000) (1024K)]
  0x0000017e2177c070 JavaThread "Notification Thread"        daemon [_thread_blocked, id=61460, stack(0x00000047e5900000,0x00000047e5a00000) (1024K)]
  0x0000017e21783c80 JavaThread "Common-Cleaner"             daemon [_thread_blocked, id=8000, stack(0x00000047e5a00000,0x00000047e5b00000) (1024K)]
Total: 14

Other Threads:
  0x0000017e7ed59cc0 VMThread "VM Thread"                           [id=36608, stack(0x00000047e4d00000,0x00000047e4e00000) (1024K)]
  0x0000017e215b1090 WatcherThread "VM Periodic Task Thread"        [id=11596, stack(0x00000047e4c00000,0x00000047e4d00000) (1024K)]
  0x0000017e7c00e2b0 WorkerThread "GC Thread#0"                     [id=38128, stack(0x00000047e4700000,0x00000047e4800000) (1024K)]
  0x0000017e7eb94080 ConcurrentGCThread "G1 Main Marker"            [id=35356, stack(0x00000047e4800000,0x00000047e4900000) (1024K)]
  0x0000017e7eb959d0 WorkerThread "G1 Conc#0"                       [id=62184, stack(0x00000047e4900000,0x00000047e4a00000) (1024K)]
  0x0000017e7ec9a120 ConcurrentGCThread "G1 Refine#0"               [id=26604, stack(0x00000047e4a00000,0x00000047e4b00000) (1024K)]
  0x0000017e7ec9ba40 ConcurrentGCThread "G1 Service"                [id=30688, stack(0x00000047e4b00000,0x00000047e4c00000) (1024K)]
Total: 7

Threads with active compile tasks:
Total: 0

VM state: not at safepoint (normal execution)

VM Mutex/Monitor currently owned by a thread: None

Heap address: 0x0000000604000000, size: 8128 MB, Compressed Oops mode: Zero based, Oop shift amount: 3

CDS archive(s) mapped at: [0x0000017e22000000-0x0000017e22c80000-0x0000017e22c80000), size 13107200, SharedBaseAddress: 0x0000017e22000000, ArchiveRelocationMode: 1.
Compressed class space mapped at: 0x0000017e23000000-0x0000017e63000000, reserved size: 1073741824
Narrow klass base: 0x0000017e22000000, Narrow klass shift: 0, Narrow klass range: 0x100000000

GC Precious Log:
 CardTable entry size: 512
 Card Set container configuration: InlinePtr #cards 4 size 8 Array Of Cards #cards 32 size 80 Howl #buckets 8 coarsen threshold 7372 Howl Bitmap #cards 1024 size 144 coarsen threshold 921 Card regions per heap region 1 cards per card region 8192
 CPUs: 20 total, 20 available
 Memory: 32509M
 Large Page Support: Disabled
 NUMA Support: Disabled
 Compressed Oops: Enabled (Zero based)
 Heap Region Size: 4M
 Heap Min Capacity: 8M
 Heap Initial Capacity: 508M
 Heap Max Capacity: 8128M
 Pre-touch: Disabled
 Parallel Workers: 15
 Concurrent Workers: 4
 Concurrent Refinement Workers: 15
 Periodic GC: Disabled

Heap:
 garbage-first heap   total 520192K, used 16384K [0x0000000604000000, 0x0000000800000000)
  region size 4096K, 5 young (20480K), 0 survivors (0K)
 Metaspace       used 7642K, committed 7808K, reserved 1114112K
  class space    used 359K, committed 448K, reserved 1048576K

Heap Regions: E=young(eden), S=young(survivor), O=old, HS=humongous(starts), HC=humongous(continues), CS=collection set, F=free, TAMS=top-at-mark-start, PB=parsable bottom
|   0|0x0000000604000000, 0x0000000604000000, 0x0000000604400000|  0%| F|  |TAMS 0x0000000604000000| PB 0x0000000604000000| Untracked 
|   1|0x0000000604400000, 0x0000000604400000, 0x0000000604800000|  0%| F|  |TAMS 0x0000000604400000| PB 0x0000000604400000| Untracked 
|   2|0x0000000604800000, 0x0000000604800000, 0x0000000604c00000|  0%| F|  |TAMS 0x0000000604800000| PB 0x0000000604800000| Untracked 
|   3|0x0000000604c00000, 0x0000000604c00000, 0x0000000605000000|  0%| F|  |TAMS 0x0000000604c00000| PB 0x0000000604c00000| Untracked 
|   4|0x0000000605000000, 0x0000000605000000, 0x0000000605400000|  0%| F|  |TAMS 0x0000000605000000| PB 0x0000000605000000| Untracked 
|   5|0x0000000605400000, 0x0000000605400000, 0x0000000605800000|  0%| F|  |TAMS 0x0000000605400000| PB 0x0000000605400000| Untracked 
|   6|0x0000000605800000, 0x0000000605800000, 0x0000000605c00000|  0%| F|  |TAMS 0x0000000605800000| PB 0x0000000605800000| Untracked 
|   7|0x0000000605c00000, 0x0000000605c00000, 0x0000000606000000|  0%| F|  |TAMS 0x0000000605c00000| PB 0x0000000605c00000| Untracked 
|   8|0x0000000606000000, 0x0000000606000000, 0x0000000606400000|  0%| F|  |TAMS 0x0000000606000000| PB 0x0000000606000000| Untracked 
|   9|0x0000000606400000, 0x0000000606400000, 0x0000000606800000|  0%| F|  |TAMS 0x0000000606400000| PB 0x0000000606400000| Untracked 
|  10|0x0000000606800000, 0x0000000606800000, 0x0000000606c00000|  0%| F|  |TAMS 0x0000000606800000| PB 0x0000000606800000| Untracked 
|  11|0x0000000606c00000, 0x0000000606c00000, 0x0000000607000000|  0%| F|  |TAMS 0x0000000606c00000| PB 0x0000000606c00000| Untracked 
|  12|0x0000000607000000, 0x0000000607000000, 0x0000000607400000|  0%| F|  |TAMS 0x0000000607000000| PB 0x0000000607000000| Untracked 
|  13|0x0000000607400000, 0x0000000607400000, 0x0000000607800000|  0%| F|  |TAMS 0x0000000607400000| PB 0x0000000607400000| Untracked 
|  14|0x0000000607800000, 0x0000000607800000, 0x0000000607c00000|  0%| F|  |TAMS 0x0000000607800000| PB 0x0000000607800000| Untracked 
|  15|0x0000000607c00000, 0x0000000607c00000, 0x0000000608000000|  0%| F|  |TAMS 0x0000000607c00000| PB 0x0000000607c00000| Untracked 
|  16|0x0000000608000000, 0x0000000608000000, 0x0000000608400000|  0%| F|  |TAMS 0x0000000608000000| PB 0x0000000608000000| Untracked 
|  17|0x0000000608400000, 0x0000000608400000, 0x0000000608800000|  0%| F|  |TAMS 0x0000000608400000| PB 0x0000000608400000| Untracked 
|  18|0x0000000608800000, 0x0000000608800000, 0x0000000608c00000|  0%| F|  |TAMS 0x0000000608800000| PB 0x0000000608800000| Untracked 
|  19|0x0000000608c00000, 0x0000000608c00000, 0x0000000609000000|  0%| F|  |TAMS 0x0000000608c00000| PB 0x0000000608c00000| Untracked 
|  20|0x0000000609000000, 0x0000000609000000, 0x0000000609400000|  0%| F|  |TAMS 0x0000000609000000| PB 0x0000000609000000| Untracked 
|  21|0x0000000609400000, 0x0000000609400000, 0x0000000609800000|  0%| F|  |TAMS 0x0000000609400000| PB 0x0000000609400000| Untracked 
|  22|0x0000000609800000, 0x0000000609800000, 0x0000000609c00000|  0%| F|  |TAMS 0x0000000609800000| PB 0x0000000609800000| Untracked 
|  23|0x0000000609c00000, 0x0000000609c00000, 0x000000060a000000|  0%| F|  |TAMS 0x0000000609c00000| PB 0x0000000609c00000| Untracked 
|  24|0x000000060a000000, 0x000000060a000000, 0x000000060a400000|  0%| F|  |TAMS 0x000000060a000000| PB 0x000000060a000000| Untracked 
|  25|0x000000060a400000, 0x000000060a400000, 0x000000060a800000|  0%| F|  |TAMS 0x000000060a400000| PB 0x000000060a400000| Untracked 
|  26|0x000000060a800000, 0x000000060a800000, 0x000000060ac00000|  0%| F|  |TAMS 0x000000060a800000| PB 0x000000060a800000| Untracked 
|  27|0x000000060ac00000, 0x000000060ac00000, 0x000000060b000000|  0%| F|  |TAMS 0x000000060ac00000| PB 0x000000060ac00000| Untracked 
|  28|0x000000060b000000, 0x000000060b000000, 0x000000060b400000|  0%| F|  |TAMS 0x000000060b000000| PB 0x000000060b000000| Untracked 
|  29|0x000000060b400000, 0x000000060b400000, 0x000000060b800000|  0%| F|  |TAMS 0x000000060b400000| PB 0x000000060b400000| Untracked 
|  30|0x000000060b800000, 0x000000060b800000, 0x000000060bc00000|  0%| F|  |TAMS 0x000000060b800000| PB 0x000000060b800000| Untracked 
|  31|0x000000060bc00000, 0x000000060bc00000, 0x000000060c000000|  0%| F|  |TAMS 0x000000060bc00000| PB 0x000000060bc00000| Untracked 
|  32|0x000000060c000000, 0x000000060c000000, 0x000000060c400000|  0%| F|  |TAMS 0x000000060c000000| PB 0x000000060c000000| Untracked 
|  33|0x000000060c400000, 0x000000060c400000, 0x000000060c800000|  0%| F|  |TAMS 0x000000060c400000| PB 0x000000060c400000| Untracked 
|  34|0x000000060c800000, 0x000000060c800000, 0x000000060cc00000|  0%| F|  |TAMS 0x000000060c800000| PB 0x000000060c800000| Untracked 
|  35|0x000000060cc00000, 0x000000060cc00000, 0x000000060d000000|  0%| F|  |TAMS 0x000000060cc00000| PB 0x000000060cc00000| Untracked 
|  36|0x000000060d000000, 0x000000060d000000, 0x000000060d400000|  0%| F|  |TAMS 0x000000060d000000| PB 0x000000060d000000| Untracked 
|  37|0x000000060d400000, 0x000000060d400000, 0x000000060d800000|  0%| F|  |TAMS 0x000000060d400000| PB 0x000000060d400000| Untracked 
|  38|0x000000060d800000, 0x000000060d800000, 0x000000060dc00000|  0%| F|  |TAMS 0x000000060d800000| PB 0x000000060d800000| Untracked 
|  39|0x000000060dc00000, 0x000000060dc00000, 0x000000060e000000|  0%| F|  |TAMS 0x000000060dc00000| PB 0x000000060dc00000| Untracked 
|  40|0x000000060e000000, 0x000000060e000000, 0x000000060e400000|  0%| F|  |TAMS 0x000000060e000000| PB 0x000000060e000000| Untracked 
|  41|0x000000060e400000, 0x000000060e400000, 0x000000060e800000|  0%| F|  |TAMS 0x000000060e400000| PB 0x000000060e400000| Untracked 
|  42|0x000000060e800000, 0x000000060e800000, 0x000000060ec00000|  0%| F|  |TAMS 0x000000060e800000| PB 0x000000060e800000| Untracked 
|  43|0x000000060ec00000, 0x000000060ec00000, 0x000000060f000000|  0%| F|  |TAMS 0x000000060ec00000| PB 0x000000060ec00000| Untracked 
|  44|0x000000060f000000, 0x000000060f000000, 0x000000060f400000|  0%| F|  |TAMS 0x000000060f000000| PB 0x000000060f000000| Untracked 
|  45|0x000000060f400000, 0x000000060f400000, 0x000000060f800000|  0%| F|  |TAMS 0x000000060f400000| PB 0x000000060f400000| Untracked 
|  46|0x000000060f800000, 0x000000060f800000, 0x000000060fc00000|  0%| F|  |TAMS 0x000000060f800000| PB 0x000000060f800000| Untracked 
|  47|0x000000060fc00000, 0x000000060fc00000, 0x0000000610000000|  0%| F|  |TAMS 0x000000060fc00000| PB 0x000000060fc00000| Untracked 
|  48|0x0000000610000000, 0x0000000610000000, 0x0000000610400000|  0%| F|  |TAMS 0x0000000610000000| PB 0x0000000610000000| Untracked 
|  49|0x0000000610400000, 0x0000000610400000, 0x0000000610800000|  0%| F|  |TAMS 0x0000000610400000| PB 0x0000000610400000| Untracked 
|  50|0x0000000610800000, 0x0000000610800000, 0x0000000610c00000|  0%| F|  |TAMS 0x0000000610800000| PB 0x0000000610800000| Untracked 
|  51|0x0000000610c00000, 0x0000000610c00000, 0x0000000611000000|  0%| F|  |TAMS 0x0000000610c00000| PB 0x0000000610c00000| Untracked 
|  52|0x0000000611000000, 0x0000000611000000, 0x0000000611400000|  0%| F|  |TAMS 0x0000000611000000| PB 0x0000000611000000| Untracked 
|  53|0x0000000611400000, 0x0000000611400000, 0x0000000611800000|  0%| F|  |TAMS 0x0000000611400000| PB 0x0000000611400000| Untracked 
|  54|0x0000000611800000, 0x0000000611800000, 0x0000000611c00000|  0%| F|  |TAMS 0x0000000611800000| PB 0x0000000611800000| Untracked 
|  55|0x0000000611c00000, 0x0000000611c00000, 0x0000000612000000|  0%| F|  |TAMS 0x0000000611c00000| PB 0x0000000611c00000| Untracked 
|  56|0x0000000612000000, 0x0000000612000000, 0x0000000612400000|  0%| F|  |TAMS 0x0000000612000000| PB 0x0000000612000000| Untracked 
|  57|0x0000000612400000, 0x0000000612400000, 0x0000000612800000|  0%| F|  |TAMS 0x0000000612400000| PB 0x0000000612400000| Untracked 
|  58|0x0000000612800000, 0x0000000612800000, 0x0000000612c00000|  0%| F|  |TAMS 0x0000000612800000| PB 0x0000000612800000| Untracked 
|  59|0x0000000612c00000, 0x0000000612c00000, 0x0000000613000000|  0%| F|  |TAMS 0x0000000612c00000| PB 0x0000000612c00000| Untracked 
|  60|0x0000000613000000, 0x0000000613000000, 0x0000000613400000|  0%| F|  |TAMS 0x0000000613000000| PB 0x0000000613000000| Untracked 
|  61|0x0000000613400000, 0x0000000613400000, 0x0000000613800000|  0%| F|  |TAMS 0x0000000613400000| PB 0x0000000613400000| Untracked 
|  62|0x0000000613800000, 0x0000000613800000, 0x0000000613c00000|  0%| F|  |TAMS 0x0000000613800000| PB 0x0000000613800000| Untracked 
|  63|0x0000000613c00000, 0x0000000613c00000, 0x0000000614000000|  0%| F|  |TAMS 0x0000000613c00000| PB 0x0000000613c00000| Untracked 
|  64|0x0000000614000000, 0x0000000614000000, 0x0000000614400000|  0%| F|  |TAMS 0x0000000614000000| PB 0x0000000614000000| Untracked 
|  65|0x0000000614400000, 0x0000000614400000, 0x0000000614800000|  0%| F|  |TAMS 0x0000000614400000| PB 0x0000000614400000| Untracked 
|  66|0x0000000614800000, 0x0000000614800000, 0x0000000614c00000|  0%| F|  |TAMS 0x0000000614800000| PB 0x0000000614800000| Untracked 
|  67|0x0000000614c00000, 0x0000000614c00000, 0x0000000615000000|  0%| F|  |TAMS 0x0000000614c00000| PB 0x0000000614c00000| Untracked 
|  68|0x0000000615000000, 0x0000000615000000, 0x0000000615400000|  0%| F|  |TAMS 0x0000000615000000| PB 0x0000000615000000| Untracked 
|  69|0x0000000615400000, 0x0000000615400000, 0x0000000615800000|  0%| F|  |TAMS 0x0000000615400000| PB 0x0000000615400000| Untracked 
|  70|0x0000000615800000, 0x0000000615800000, 0x0000000615c00000|  0%| F|  |TAMS 0x0000000615800000| PB 0x0000000615800000| Untracked 
|  71|0x0000000615c00000, 0x0000000615c00000, 0x0000000616000000|  0%| F|  |TAMS 0x0000000615c00000| PB 0x0000000615c00000| Untracked 
|  72|0x0000000616000000, 0x0000000616000000, 0x0000000616400000|  0%| F|  |TAMS 0x0000000616000000| PB 0x0000000616000000| Untracked 
|  73|0x0000000616400000, 0x0000000616400000, 0x0000000616800000|  0%| F|  |TAMS 0x0000000616400000| PB 0x0000000616400000| Untracked 
|  74|0x0000000616800000, 0x0000000616800000, 0x0000000616c00000|  0%| F|  |TAMS 0x0000000616800000| PB 0x0000000616800000| Untracked 
|  75|0x0000000616c00000, 0x0000000616c00000, 0x0000000617000000|  0%| F|  |TAMS 0x0000000616c00000| PB 0x0000000616c00000| Untracked 
|  76|0x0000000617000000, 0x0000000617000000, 0x0000000617400000|  0%| F|  |TAMS 0x0000000617000000| PB 0x0000000617000000| Untracked 
|  77|0x0000000617400000, 0x0000000617400000, 0x0000000617800000|  0%| F|  |TAMS 0x0000000617400000| PB 0x0000000617400000| Untracked 
|  78|0x0000000617800000, 0x0000000617800000, 0x0000000617c00000|  0%| F|  |TAMS 0x0000000617800000| PB 0x0000000617800000| Untracked 
|  79|0x0000000617c00000, 0x0000000617c00000, 0x0000000618000000|  0%| F|  |TAMS 0x0000000617c00000| PB 0x0000000617c00000| Untracked 
|  80|0x0000000618000000, 0x0000000618000000, 0x0000000618400000|  0%| F|  |TAMS 0x0000000618000000| PB 0x0000000618000000| Untracked 
|  81|0x0000000618400000, 0x0000000618400000, 0x0000000618800000|  0%| F|  |TAMS 0x0000000618400000| PB 0x0000000618400000| Untracked 
|  82|0x0000000618800000, 0x0000000618800000, 0x0000000618c00000|  0%| F|  |TAMS 0x0000000618800000| PB 0x0000000618800000| Untracked 
|  83|0x0000000618c00000, 0x0000000618c00000, 0x0000000619000000|  0%| F|  |TAMS 0x0000000618c00000| PB 0x0000000618c00000| Untracked 
|  84|0x0000000619000000, 0x0000000619000000, 0x0000000619400000|  0%| F|  |TAMS 0x0000000619000000| PB 0x0000000619000000| Untracked 
|  85|0x0000000619400000, 0x0000000619400000, 0x0000000619800000|  0%| F|  |TAMS 0x0000000619400000| PB 0x0000000619400000| Untracked 
|  86|0x0000000619800000, 0x0000000619800000, 0x0000000619c00000|  0%| F|  |TAMS 0x0000000619800000| PB 0x0000000619800000| Untracked 
|  87|0x0000000619c00000, 0x0000000619c00000, 0x000000061a000000|  0%| F|  |TAMS 0x0000000619c00000| PB 0x0000000619c00000| Untracked 
|  88|0x000000061a000000, 0x000000061a000000, 0x000000061a400000|  0%| F|  |TAMS 0x000000061a000000| PB 0x000000061a000000| Untracked 
|  89|0x000000061a400000, 0x000000061a400000, 0x000000061a800000|  0%| F|  |TAMS 0x000000061a400000| PB 0x000000061a400000| Untracked 
|  90|0x000000061a800000, 0x000000061a800000, 0x000000061ac00000|  0%| F|  |TAMS 0x000000061a800000| PB 0x000000061a800000| Untracked 
|  91|0x000000061ac00000, 0x000000061ac00000, 0x000000061b000000|  0%| F|  |TAMS 0x000000061ac00000| PB 0x000000061ac00000| Untracked 
|  92|0x000000061b000000, 0x000000061b000000, 0x000000061b400000|  0%| F|  |TAMS 0x000000061b000000| PB 0x000000061b000000| Untracked 
|  93|0x000000061b400000, 0x000000061b400000, 0x000000061b800000|  0%| F|  |TAMS 0x000000061b400000| PB 0x000000061b400000| Untracked 
|  94|0x000000061b800000, 0x000000061b800000, 0x000000061bc00000|  0%| F|  |TAMS 0x000000061b800000| PB 0x000000061b800000| Untracked 
|  95|0x000000061bc00000, 0x000000061bc00000, 0x000000061c000000|  0%| F|  |TAMS 0x000000061bc00000| PB 0x000000061bc00000| Untracked 
|  96|0x000000061c000000, 0x000000061c000000, 0x000000061c400000|  0%| F|  |TAMS 0x000000061c000000| PB 0x000000061c000000| Untracked 
|  97|0x000000061c400000, 0x000000061c400000, 0x000000061c800000|  0%| F|  |TAMS 0x000000061c400000| PB 0x000000061c400000| Untracked 
|  98|0x000000061c800000, 0x000000061c800000, 0x000000061cc00000|  0%| F|  |TAMS 0x000000061c800000| PB 0x000000061c800000| Untracked 
|  99|0x000000061cc00000, 0x000000061cc00000, 0x000000061d000000|  0%| F|  |TAMS 0x000000061cc00000| PB 0x000000061cc00000| Untracked 
| 100|0x000000061d000000, 0x000000061d000000, 0x000000061d400000|  0%| F|  |TAMS 0x000000061d000000| PB 0x000000061d000000| Untracked 
| 101|0x000000061d400000, 0x000000061d400000, 0x000000061d800000|  0%| F|  |TAMS 0x000000061d400000| PB 0x000000061d400000| Untracked 
| 102|0x000000061d800000, 0x000000061d800000, 0x000000061dc00000|  0%| F|  |TAMS 0x000000061d800000| PB 0x000000061d800000| Untracked 
| 103|0x000000061dc00000, 0x000000061dc00000, 0x000000061e000000|  0%| F|  |TAMS 0x000000061dc00000| PB 0x000000061dc00000| Untracked 
| 104|0x000000061e000000, 0x000000061e000000, 0x000000061e400000|  0%| F|  |TAMS 0x000000061e000000| PB 0x000000061e000000| Untracked 
| 105|0x000000061e400000, 0x000000061e400000, 0x000000061e800000|  0%| F|  |TAMS 0x000000061e400000| PB 0x000000061e400000| Untracked 
| 106|0x000000061e800000, 0x000000061e800000, 0x000000061ec00000|  0%| F|  |TAMS 0x000000061e800000| PB 0x000000061e800000| Untracked 
| 107|0x000000061ec00000, 0x000000061ec00000, 0x000000061f000000|  0%| F|  |TAMS 0x000000061ec00000| PB 0x000000061ec00000| Untracked 
| 108|0x000000061f000000, 0x000000061f000000, 0x000000061f400000|  0%| F|  |TAMS 0x000000061f000000| PB 0x000000061f000000| Untracked 
| 109|0x000000061f400000, 0x000000061f400000, 0x000000061f800000|  0%| F|  |TAMS 0x000000061f400000| PB 0x000000061f400000| Untracked 
| 110|0x000000061f800000, 0x000000061f800000, 0x000000061fc00000|  0%| F|  |TAMS 0x000000061f800000| PB 0x000000061f800000| Untracked 
| 111|0x000000061fc00000, 0x000000061fc00000, 0x0000000620000000|  0%| F|  |TAMS 0x000000061fc00000| PB 0x000000061fc00000| Untracked 
| 112|0x0000000620000000, 0x0000000620000000, 0x0000000620400000|  0%| F|  |TAMS 0x0000000620000000| PB 0x0000000620000000| Untracked 
| 113|0x0000000620400000, 0x0000000620400000, 0x0000000620800000|  0%| F|  |TAMS 0x0000000620400000| PB 0x0000000620400000| Untracked 
| 114|0x0000000620800000, 0x0000000620800000, 0x0000000620c00000|  0%| F|  |TAMS 0x0000000620800000| PB 0x0000000620800000| Untracked 
| 115|0x0000000620c00000, 0x0000000620c00000, 0x0000000621000000|  0%| F|  |TAMS 0x0000000620c00000| PB 0x0000000620c00000| Untracked 
| 116|0x0000000621000000, 0x0000000621000000, 0x0000000621400000|  0%| F|  |TAMS 0x0000000621000000| PB 0x0000000621000000| Untracked 
| 117|0x0000000621400000, 0x0000000621400000, 0x0000000621800000|  0%| F|  |TAMS 0x0000000621400000| PB 0x0000000621400000| Untracked 
| 118|0x0000000621800000, 0x0000000621800000, 0x0000000621c00000|  0%| F|  |TAMS 0x0000000621800000| PB 0x0000000621800000| Untracked 
| 119|0x0000000621c00000, 0x0000000621c00000, 0x0000000622000000|  0%| F|  |TAMS 0x0000000621c00000| PB 0x0000000621c00000| Untracked 
| 120|0x0000000622000000, 0x0000000622000000, 0x0000000622400000|  0%| F|  |TAMS 0x0000000622000000| PB 0x0000000622000000| Untracked 
| 121|0x0000000622400000, 0x0000000622400000, 0x0000000622800000|  0%| F|  |TAMS 0x0000000622400000| PB 0x0000000622400000| Untracked 
| 122|0x0000000622800000, 0x0000000622a09998, 0x0000000622c00000| 50%| E|  |TAMS 0x0000000622800000| PB 0x0000000622800000| Complete 
| 123|0x0000000622c00000, 0x0000000623000000, 0x0000000623000000|100%| E|CS|TAMS 0x0000000622c00000| PB 0x0000000622c00000| Complete 
| 124|0x0000000623000000, 0x0000000623400000, 0x0000000623400000|100%| E|CS|TAMS 0x0000000623000000| PB 0x0000000623000000| Complete 
| 125|0x0000000623400000, 0x0000000623800000, 0x0000000623800000|100%| E|CS|TAMS 0x0000000623400000| PB 0x0000000623400000| Complete 
| 126|0x0000000623800000, 0x0000000623c00000, 0x0000000623c00000|100%| E|CS|TAMS 0x0000000623800000| PB 0x0000000623800000| Complete 

Card table byte_map: [0x0000017e7da90000,0x0000017e7ea70000] _byte_map_base: 0x0000017e7aa70000

Marking Bits: (CMBitMap*) 0x0000017e7c00e8b0
 Bits: [0x0000017e17630000, 0x0000017e1f530000)

Polling page: 0x0000017e799d0000

Metaspace:

Usage:
  Non-class:      7.11 MB used.
      Class:    359.37 KB used.
       Both:      7.46 MB used.

Virtual space:
  Non-class space:       64.00 MB reserved,       7.19 MB ( 11%) committed,  1 nodes.
      Class space:        1.00 GB reserved,     448.00 KB ( <1%) committed,  1 nodes.
             Both:        1.06 GB reserved,       7.62 MB ( <1%) committed. 

Chunk freelists:
   Non-Class:  6.64 MB
       Class:  15.50 MB
        Both:  22.14 MB

MaxMetaspaceSize: unlimited
CompressedClassSpaceSize: 1.00 GB
Initial GC threshold: 21.00 MB
Current GC threshold: 21.00 MB
CDS: on
 - commit_granule_bytes: 65536.
 - commit_granule_words: 8192.
 - virtual_space_node_default_size: 8388608.
 - enlarge_chunks_in_place: 1.
 - use_allocation_guard: 0.


Internal statistics:

num_allocs_failed_limit: 0.
num_arena_births: 104.
num_arena_deaths: 0.
num_vsnodes_births: 2.
num_vsnodes_deaths: 0.
num_space_committed: 120.
num_space_uncommitted: 0.
num_chunks_returned_to_freelist: 0.
num_chunks_taken_from_freelist: 317.
num_chunk_merges: 0.
num_chunk_splits: 240.
num_chunks_enlarged: 188.
num_inconsistent_stats: 0.

CodeHeap 'non-profiled nmethods': size=119168Kb used=423Kb max_used=423Kb free=118744Kb
 bounds [0x0000017e101d0000, 0x0000017e10440000, 0x0000017e17630000]
CodeHeap 'profiled nmethods': size=119104Kb used=1992Kb max_used=1992Kb free=117111Kb
 bounds [0x0000017e08630000, 0x0000017e088a0000, 0x0000017e0fa80000]
CodeHeap 'non-nmethods': size=7488Kb used=4154Kb max_used=4168Kb free=3333Kb
 bounds [0x0000017e0fa80000, 0x0000017e0fea0000, 0x0000017e101d0000]
 total_blobs=2699 nmethods=1327 adapters=1274
 compilation: enabled
              stopped_count=0, restarted_count=0
 full_count=0

Compilation events (20 events):
Event: 3.905 Thread 0x0000017e21718d10 1318       3       sun.misc.Unsafe::getDouble (9 bytes)
Event: 3.905 Thread 0x0000017e21718d10 nmethod 1318 0x0000017e0881d910 code [0x0000017e0881daa0, 0x0000017e0881dbb0]
Event: 3.905 Thread 0x0000017e2172e0e0 nmethod 1317 0x0000017e0881dc90 code [0x0000017e0881de40, 0x0000017e0881e018]
Event: 4.184 Thread 0x0000017e21718d10 1319       3       org.lwjgl.system.MemoryStack::callocInt (30 bytes)
Event: 4.184 Thread 0x0000017e2171bbd0 1320       3       org.lwjgl.system.MemoryUtil::memSet (92 bytes)
Event: 4.184 Thread 0x0000017e2171bbd0 nmethod 1320 0x0000017e0881e110 code [0x0000017e0881e2e0, 0x0000017e0881e4f0]
Event: 4.184 Thread 0x0000017e21718d10 nmethod 1319 0x0000017e0881e610 code [0x0000017e0881e7e0, 0x0000017e0881eb40]
Event: 4.197 Thread 0x0000017e2171bbd0 1321       3       java.lang.invoke.Invokers$Holder::linkToTargetMethod (9 bytes)
Event: 4.197 Thread 0x0000017e2171bbd0 nmethod 1321 0x0000017e0881ec90 code [0x0000017e0881ee60, 0x0000017e0881f238]
Event: 4.278 Thread 0x0000017e215e8c80 1322       3       org.lwjgl.system.MemoryStack::mallocInt (19 bytes)
Event: 4.278 Thread 0x0000017e215e8c80 nmethod 1322 0x0000017e0881f310 code [0x0000017e0881f4e0, 0x0000017e0881f7f0]
Event: 4.304 Thread 0x0000017e2172e0e0 1323   !   3       jdk.internal.misc.ScopedMemoryAccess::putInt (21 bytes)
Event: 4.304 Thread 0x0000017e21718d10 1324   !   3       jdk.internal.misc.ScopedMemoryAccess::putIntInternal (35 bytes)
Event: 4.304 Thread 0x0000017e21718d10 nmethod 1324 0x0000017e0881f910 code [0x0000017e0881fae0, 0x0000017e0881fde8]
Event: 4.304 Thread 0x0000017e2172e0e0 nmethod 1323 0x0000017e0881ff90 code [0x0000017e08820180, 0x0000017e08820608]
Event: 4.344 Thread 0x0000017e2172e0e0 1325       3       imgui.ImGuiIO::getBackendFlags (5 bytes)
Event: 4.344 Thread 0x0000017e2172e0e0 nmethod 1325 0x0000017e08820810 code [0x0000017e088209c0, 0x0000017e08820af8]
Event: 4.439 Thread 0x0000017e2172e0e0 1326       3       org.lwjgl.system.MemoryStack::ints (11 bytes)
Event: 4.439 Thread 0x0000017e215e8c80 1327   !   3       java.nio.DirectIntBufferU::put (37 bytes)
Event: 4.439 Thread 0x0000017e2172e0e0 nmethod 1326 0x0000017e08820b90 code [0x0000017e08820d40, 0x0000017e08820fe8]

GC Heap History (0 events):
No events

Dll operation events (11 events):
Event: 0.005 Loaded shared library C:\Program Files\Eclipse Adoptium\jdk-21.0.7.6-hotspot\bin\java.dll
Event: 0.025 Loaded shared library C:\Program Files\Eclipse Adoptium\jdk-21.0.7.6-hotspot\bin\jsvml.dll
Event: 0.054 Loaded shared library C:\Program Files\Eclipse Adoptium\jdk-21.0.7.6-hotspot\bin\net.dll
Event: 0.056 Loaded shared library C:\Program Files\Eclipse Adoptium\jdk-21.0.7.6-hotspot\bin\nio.dll
Event: 0.057 Loaded shared library C:\Program Files\Eclipse Adoptium\jdk-21.0.7.6-hotspot\bin\zip.dll
Event: 0.108 Loaded shared library C:\Program Files\Eclipse Adoptium\jdk-21.0.7.6-hotspot\bin\jimage.dll
Event: 0.122 Loaded shared library C:\Users\joshu\AppData\Local\Temp\lwjgl_joshu\3.3.4+7\x64\lwjgl.dll
Event: 0.438 Loaded shared library C:\Users\joshu\AppData\Local\Temp\lwjgl_joshu\3.3.4+7\x64\lwjgl_opengl.dll
Event: 0.679 Loaded shared library C:\Users\joshu\AppData\Local\Temp\imgui-java-natives\1.89.0\imgui-java64.dll
Event: 0.713 Loaded shared library C:\Users\joshu\AppData\Local\Temp\lwjgl_joshu\3.3.4+7\x64\lwjgl_stb.dll
Event: 0.716 Loaded shared library C:\Program Files\Eclipse Adoptium\jdk-21.0.7.6-hotspot\bin\verify.dll

Deoptimization events (20 events):
Event: 0.048 Thread 0x0000017e7bf67550 DEOPT PACKING pc=0x0000017e101d2164 sp=0x00000047e46ff280
Event: 0.048 Thread 0x0000017e7bf67550 DEOPT UNPACKING pc=0x0000017e0fad46a2 sp=0x00000047e46ff1c0 mode 2
Event: 0.083 Thread 0x0000017e7bf67550 DEOPT PACKING pc=0x0000017e0864b7cc sp=0x00000047e46fad70
Event: 0.083 Thread 0x0000017e7bf67550 DEOPT UNPACKING pc=0x0000017e0fad4e42 sp=0x00000047e46fa190 mode 0
Event: 0.102 Thread 0x0000017e7bf67550 DEOPT PACKING pc=0x0000017e08638dcc sp=0x00000047e46f94a0
Event: 0.102 Thread 0x0000017e7bf67550 DEOPT UNPACKING pc=0x0000017e0fad4e42 sp=0x00000047e46f8908 mode 0
Event: 0.117 Thread 0x0000017e7bf67550 Uncommon trap: trap_request=0xffffff45 fr.pc=0x0000017e101d9b90 relative=0x0000000000000070
Event: 0.117 Thread 0x0000017e7bf67550 Uncommon trap: reason=unstable_if action=reinterpret pc=0x0000017e101d9b90 method=java.io.WinNTFileSystem.isSlash(C)Z @ 9 c2
Event: 0.117 Thread 0x0000017e7bf67550 DEOPT PACKING pc=0x0000017e101d9b90 sp=0x00000047e46fba90
Event: 0.117 Thread 0x0000017e7bf67550 DEOPT UNPACKING pc=0x0000017e0fad46a2 sp=0x00000047e46fba18 mode 2
Event: 0.444 Thread 0x0000017e7bf67550 Uncommon trap: trap_request=0xffffff54 fr.pc=0x0000017e10209790 relative=0x0000000000000070
Event: 0.444 Thread 0x0000017e7bf67550 Uncommon trap: reason=speculate_null_assert action=make_not_entrant pc=0x0000017e10209790 method=sun.misc.Unsafe.putLong(Ljava/lang/Object;JJ)V @ 7 c2
Event: 0.444 Thread 0x0000017e7bf67550 DEOPT PACKING pc=0x0000017e10209790 sp=0x00000047e46ff230
Event: 0.444 Thread 0x0000017e7bf67550 DEOPT UNPACKING pc=0x0000017e0fad46a2 sp=0x00000047e46ff1a8 mode 2
Event: 0.705 Thread 0x0000017e7bf67550 DEOPT PACKING pc=0x0000017e0868fc45 sp=0x00000047e46fd3d0
Event: 0.705 Thread 0x0000017e7bf67550 DEOPT UNPACKING pc=0x0000017e0fad4e42 sp=0x00000047e46fc820 mode 0
Event: 1.024 Thread 0x0000017e7bf67550 Uncommon trap: trap_request=0xffffff54 fr.pc=0x0000017e1020b70c relative=0x000000000000006c
Event: 1.024 Thread 0x0000017e7bf67550 Uncommon trap: reason=speculate_null_assert action=make_not_entrant pc=0x0000017e1020b70c method=sun.misc.Unsafe.getLong(Ljava/lang/Object;J)J @ 5 c2
Event: 1.024 Thread 0x0000017e7bf67550 DEOPT PACKING pc=0x0000017e1020b70c sp=0x00000047e46ff350
Event: 1.025 Thread 0x0000017e7bf67550 DEOPT UNPACKING pc=0x0000017e0fad46a2 sp=0x00000047e46ff2d8 mode 2

Classes loaded (20 events):
Event: 0.637 Loading class jdk/internal/foreign/MemorySessionImpl
Event: 0.637 Loading class java/lang/foreign/MemorySegment$Scope
Event: 0.637 Loading class java/lang/foreign/MemorySegment$Scope done
Event: 0.637 Loading class jdk/internal/foreign/MemorySessionImpl done
Event: 0.638 Loading class java/nio/file/StandardCopyOption
Event: 0.638 Loading class java/nio/file/StandardCopyOption done
Event: 0.715 Loading class java/io/Externalizable
Event: 0.715 Loading class java/io/Externalizable done
Event: 0.737 Loading class java/util/ComparableTimSort
Event: 0.737 Loading class java/util/ComparableTimSort done
Event: 0.976 Loading class jdk/internal/module/ModulePatcher$PatchedModuleReader
Event: 0.976 Loading class jdk/internal/module/ModulePatcher$PatchedModuleReader done
Event: 0.976 Loading class sun/net/www/protocol/jrt/Handler
Event: 0.976 Loading class sun/net/www/protocol/jrt/Handler done
Event: 0.979 Loading class sun/text/resources/cldr/FormatData_en
Event: 0.979 Loading class sun/text/resources/cldr/FormatData_en done
Event: 0.979 Loading class sun/text/resources/cldr/FormatData_en_US
Event: 0.979 Loading class sun/text/resources/cldr/FormatData_en_US done
Event: 0.984 Loading class java/lang/SecurityException
Event: 0.984 Loading class java/lang/SecurityException done

Classes unloaded (0 events):
No events

Classes redefined (0 events):
No events

Internal exceptions (20 events):
Event: 0.168 Thread 0x0000017e7bf67550 Exception <a 'java/lang/NoSuchMethodError'{0x0000000623734310}: 'int java.lang.invoke.DirectMethodHandle$Holder.invokeStaticInit(java.lang.Object, java.lang.Object, long, long)'> (0x0000000623734310) 
thrown [s\src\hotspot\share\interpreter\linkResolver.cpp, line 773]
Event: 0.169 Thread 0x0000017e7bf67550 Exception <a 'java/lang/NoSuchMethodError'{0x0000000623739960}: 'java.lang.Object java.lang.invoke.DirectMethodHandle$Holder.newInvokeSpecial(java.lang.Object, java.lang.Object, long)'> (0x0000000623739960) 
thrown [s\src\hotspot\share\interpreter\linkResolver.cpp, line 773]
Event: 0.169 Thread 0x0000017e7bf67550 Exception <a 'java/lang/NoSuchMethodError'{0x000000062373d008}: 'java.lang.Object java.lang.invoke.Invokers$Holder.linkToTargetMethod(java.lang.Object, long, java.lang.Object)'> (0x000000062373d008) 
thrown [s\src\hotspot\share\interpreter\linkResolver.cpp, line 773]
Event: 0.170 Thread 0x0000017e7bf67550 Exception <a 'java/lang/NoSuchMethodError'{0x0000000623744120}: 'int java.lang.invoke.DirectMethodHandle$Holder.invokeStaticInit(java.lang.Object, java.lang.Object, java.lang.Object, long)'> (0x0000000623744120) 
thrown [s\src\hotspot\share\interpreter\linkResolver.cpp, line 773]
Event: 0.189 Thread 0x0000017e7bf67550 Exception <a 'sun/nio/fs/WindowsException'{0x00000006237fa278}> (0x00000006237fa278) 
thrown [s\src\hotspot\share\prims\jni.cpp, line 520]
Event: 0.189 Thread 0x0000017e7bf67550 Exception <a 'sun/nio/fs/WindowsException'{0x00000006237fa5d8}> (0x00000006237fa5d8) 
thrown [s\src\hotspot\share\prims\jni.cpp, line 520]
Event: 0.197 Thread 0x0000017e7bf67550 Exception <a 'java/lang/NoSuchMethodError'{0x00000006230178b0}: 'int java.lang.invoke.Invokers$Holder.invokeExact_MT(java.lang.Object, java.lang.Object)'> (0x00000006230178b0) 
thrown [s\src\hotspot\share\interpreter\linkResolver.cpp, line 773]
Event: 0.403 Thread 0x0000017e7bf67550 Exception <a 'java/lang/NoSuchMethodError'{0x0000000623071b08}: 'void java.lang.invoke.DirectMethodHandle$Holder.invokeStaticInit(java.lang.Object, long, double, double)'> (0x0000000623071b08) 
thrown [s\src\hotspot\share\interpreter\linkResolver.cpp, line 773]
Event: 0.405 Thread 0x0000017e7bf67550 Exception <a 'java/lang/NoSuchMethodError'{0x0000000623080350}: 'void java.lang.invoke.DirectMethodHandle$Holder.invokeStaticInit(java.lang.Object, long, int, int, int)'> (0x0000000623080350) 
thrown [s\src\hotspot\share\interpreter\linkResolver.cpp, line 773]
Event: 0.408 Thread 0x0000017e7bf67550 Exception <a 'java/lang/NoSuchMethodError'{0x00000006230989c8}: 'void java.lang.invoke.DirectMethodHandle$Holder.invokeStaticInit(java.lang.Object, long, int, int, int, int)'> (0x00000006230989c8) 
thrown [s\src\hotspot\share\interpreter\linkResolver.cpp, line 773]
Event: 0.434 Thread 0x0000017e7bf67550 Exception <a 'java/lang/NoSuchMethodError'{0x00000006230baee0}: 'void java.lang.System.load(java.lang.String, java.lang.Class)'> (0x00000006230baee0) 
thrown [s\src\hotspot\share\interpreter\linkResolver.cpp, line 773]
Event: 0.434 Thread 0x0000017e7bf67550 Exception <a 'java/lang/NoSuchMethodError'{0x00000006230bd950}: 'void java.lang.System.loadLibrary(java.lang.String, java.lang.Class)'> (0x00000006230bd950) 
thrown [s\src\hotspot\share\interpreter\linkResolver.cpp, line 773]
Event: 0.437 Thread 0x0000017e7bf67550 Exception <a 'sun/nio/fs/WindowsException'{0x00000006230cd0f0}> (0x00000006230cd0f0) 
thrown [s\src\hotspot\share\prims\jni.cpp, line 520]
Event: 0.437 Thread 0x0000017e7bf67550 Exception <a 'sun/nio/fs/WindowsException'{0x00000006230cd490}> (0x00000006230cd490) 
thrown [s\src\hotspot\share\prims\jni.cpp, line 520]
Event: 0.441 Thread 0x0000017e7bf67550 Exception <a 'sun/nio/fs/WindowsException'{0x00000006230d73e0}> (0x00000006230d73e0) 
thrown [s\src\hotspot\share\prims\jni.cpp, line 520]
Event: 0.441 Thread 0x0000017e7bf67550 Exception <a 'sun/nio/fs/WindowsException'{0x00000006230d76b0}> (0x00000006230d76b0) 
thrown [s\src\hotspot\share\prims\jni.cpp, line 520]
Event: 0.706 Thread 0x0000017e7bf67550 Exception <a 'java/lang/NoSuchMethodError'{0x0000000622d4e390}: 'void java.lang.System.load(java.lang.String, java.lang.Class)'> (0x0000000622d4e390) 
thrown [s\src\hotspot\share\interpreter\linkResolver.cpp, line 773]
Event: 0.706 Thread 0x0000017e7bf67550 Exception <a 'java/lang/NoSuchMethodError'{0x0000000622d50e00}: 'void java.lang.System.loadLibrary(java.lang.String, java.lang.Class)'> (0x0000000622d50e00) 
thrown [s\src\hotspot\share\interpreter\linkResolver.cpp, line 773]
Event: 0.712 Thread 0x0000017e7bf67550 Exception <a 'sun/nio/fs/WindowsException'{0x0000000622d609f8}> (0x0000000622d609f8) 
thrown [s\src\hotspot\share\prims\jni.cpp, line 520]
Event: 0.712 Thread 0x0000017e7bf67550 Exception <a 'sun/nio/fs/WindowsException'{0x0000000622d60d78}> (0x0000000622d60d78) 
thrown [s\src\hotspot\share\prims\jni.cpp, line 520]

ZGC Phase Switch (0 events):
No events

VM Operations (8 events):
Event: 0.059 Executing VM operation: HandshakeAllThreads (Deoptimize)
Event: 0.059 Executing VM operation: HandshakeAllThreads (Deoptimize) done
Event: 0.117 Executing VM operation: HandshakeAllThreads (Deoptimize)
Event: 0.117 Executing VM operation: HandshakeAllThreads (Deoptimize) done
Event: 0.975 Executing VM operation: HandshakeAllThreads (Deoptimize)
Event: 0.975 Executing VM operation: HandshakeAllThreads (Deoptimize) done
Event: 1.978 Executing VM operation: Cleanup
Event: 1.978 Executing VM operation: Cleanup done

Memory protections (0 events):
No events

Nmethod flushes (0 events):
No events

Events (16 events):
Event: 0.015 Thread 0x0000017e7bf67550 Thread added: 0x0000017e7bf67550
Event: 0.023 Thread 0x0000017e7bf67550 Thread added: 0x0000017e7ed777c0
Event: 0.023 Thread 0x0000017e7bf67550 Thread added: 0x0000017e7ed78210
Event: 0.023 Thread 0x0000017e7bf67550 Thread added: 0x0000017e7ed7de00
Event: 0.023 Thread 0x0000017e7bf67550 Thread added: 0x0000017e215b5f70
Event: 0.024 Thread 0x0000017e7bf67550 Thread added: 0x0000017e215e0c90
Event: 0.024 Thread 0x0000017e7bf67550 Thread added: 0x0000017e215e4be0
Event: 0.024 Thread 0x0000017e7bf67550 Thread added: 0x0000017e215e74d0
Event: 0.024 Thread 0x0000017e7bf67550 Thread added: 0x0000017e215e8c80
Event: 0.046 Thread 0x0000017e215e8c80 Thread added: 0x0000017e21718d10
Event: 0.046 Thread 0x0000017e215e8c80 Thread added: 0x0000017e2171bbd0
Event: 0.046 Thread 0x0000017e215e8c80 Thread added: 0x0000017e2172e0e0
Event: 0.047 Thread 0x0000017e7bf67550 Thread added: 0x0000017e2177c070
Event: 0.049 Thread 0x0000017e7bf67550 Thread added: 0x0000017e21783c80
Event: 0.068 Thread 0x0000017e21718d10 Thread added: 0x0000017e67050000
Event: 0.403 Thread 0x0000017e67050000 Thread exited: 0x0000017e67050000


Dynamic libraries:
0x00007ff7d1f50000 - 0x00007ff7d1f5e000 	C:\Program Files\Eclipse Adoptium\jdk-21.0.7.6-hotspot\bin\java.exe
0x00007ffeae100000 - 0x00007ffeae368000 	C:\WINDOWS\SYSTEM32\ntdll.dll
0x00007ffe737a0000 - 0x00007ffe737c0000 	C:\Program Files\Norton\Suite\aswhook.dll
0x00007ffead840000 - 0x00007ffead909000 	C:\WINDOWS\System32\KERNEL32.DLL
0x00007ffeab570000 - 0x00007ffeab95d000 	C:\WINDOWS\System32\KERNELBASE.dll
0x00007ffeab960000 - 0x00007ffeabaab000 	C:\WINDOWS\System32\ucrtbase.dll
0x00007ffe82560000 - 0x00007ffe82578000 	C:\Program Files\Eclipse Adoptium\jdk-21.0.7.6-hotspot\bin\jli.dll
0x00007ffe82540000 - 0x00007ffe8255e000 	C:\Program Files\Eclipse Adoptium\jdk-21.0.7.6-hotspot\bin\VCRUNTIME140.dll
0x00007ffeac0a0000 - 0x00007ffeac26c000 	C:\WINDOWS\System32\USER32.dll
0x00007ffe91ec0000 - 0x00007ffe9215a000 	C:\WINDOWS\WinSxS\amd64_microsoft.windows.common-controls_6595b64144ccf1df_6.0.26100.4484_none_3e0e6d4ce32ef3b3\COMCTL32.dll
0x00007ffeab480000 - 0x00007ffeab4a7000 	C:\WINDOWS\System32\win32u.dll
0x00007ffeadd20000 - 0x00007ffeaddc9000 	C:\WINDOWS\System32\msvcrt.dll
0x00007ffead9b0000 - 0x00007ffead9db000 	C:\WINDOWS\System32\GDI32.dll
0x00007ffeabcd0000 - 0x00007ffeabe07000 	C:\WINDOWS\System32\gdi32full.dll
0x00007ffeab250000 - 0x00007ffeab2f3000 	C:\WINDOWS\System32\msvcp_win.dll
0x00007ffeadce0000 - 0x00007ffeadd0f000 	C:\WINDOWS\System32\IMM32.DLL
0x00007ffe787d0000 - 0x00007ffe788c2000 	C:\Program Files\Windhawk\Engine\1.6.1\64\windhawk.dll
0x00007ffeabf60000 - 0x00007ffeac014000 	C:\WINDOWS\System32\ADVAPI32.dll
0x00007ffeaded0000 - 0x00007ffeadf76000 	C:\WINDOWS\System32\sechost.dll
0x00007ffeadfa0000 - 0x00007ffeae0b8000 	C:\WINDOWS\System32\RPCRT4.dll
0x00007ffe90a10000 - 0x00007ffe90a1c000 	C:\Program Files\Eclipse Adoptium\jdk-21.0.7.6-hotspot\bin\vcruntime140_1.dll
0x00007ffe767b0000 - 0x00007ffe7683d000 	C:\Program Files\Eclipse Adoptium\jdk-21.0.7.6-hotspot\bin\msvcp140.dll
0x00007ffdc4f90000 - 0x00007ffdc5d20000 	C:\Program Files\Eclipse Adoptium\jdk-21.0.7.6-hotspot\bin\server\jvm.dll
0x00007ffeadc60000 - 0x00007ffeadcd4000 	C:\WINDOWS\System32\WS2_32.dll
0x00007ffeaae70000 - 0x00007ffeaaece000 	C:\WINDOWS\SYSTEM32\POWRPROF.dll
0x00007ffea41d0000 - 0x00007ffea41db000 	C:\WINDOWS\SYSTEM32\VERSION.dll
0x00007ffe9c670000 - 0x00007ffe9c6a5000 	C:\WINDOWS\SYSTEM32\WINMM.dll
0x00007ffeaadd0000 - 0x00007ffeaade4000 	C:\WINDOWS\SYSTEM32\UMPDC.dll
0x00007ffea9fc0000 - 0x00007ffea9fdb000 	C:\WINDOWS\SYSTEM32\kernel.appcore.dll
0x00007ffe82590000 - 0x00007ffe8259a000 	C:\Program Files\Eclipse Adoptium\jdk-21.0.7.6-hotspot\bin\jimage.dll
0x00007ffea8180000 - 0x00007ffea83c1000 	C:\WINDOWS\SYSTEM32\DBGHELP.DLL
0x00007ffeacb90000 - 0x00007ffeacf16000 	C:\WINDOWS\System32\combase.dll
0x00007ffeadae0000 - 0x00007ffeadbc0000 	C:\WINDOWS\System32\OLEAUT32.dll
0x00007ffe9c5d0000 - 0x00007ffe9c613000 	C:\WINDOWS\SYSTEM32\dbgcore.DLL
0x00007ffeabab0000 - 0x00007ffeabb49000 	C:\WINDOWS\System32\bcryptPrimitives.dll
0x00007ffe82400000 - 0x00007ffe8241f000 	C:\Program Files\Eclipse Adoptium\jdk-21.0.7.6-hotspot\bin\java.dll
0x00007ffeacf20000 - 0x00007ffead66a000 	C:\WINDOWS\System32\SHELL32.dll
0x00007ffeab300000 - 0x00007ffeab474000 	C:\WINDOWS\System32\wintypes.dll
0x00007ffea8e70000 - 0x00007ffea96cb000 	C:\WINDOWS\SYSTEM32\windows.storage.dll
0x00007ffeaddd0000 - 0x00007ffeadec5000 	C:\WINDOWS\System32\SHCORE.dll
0x00007ffead940000 - 0x00007ffead9aa000 	C:\WINDOWS\System32\shlwapi.dll
0x00007ffeab160000 - 0x00007ffeab18f000 	C:\WINDOWS\SYSTEM32\profapi.dll
0x00007ffe34920000 - 0x00007ffe349f7000 	C:\Program Files\Eclipse Adoptium\jdk-21.0.7.6-hotspot\bin\jsvml.dll
0x00007ffe823f0000 - 0x00007ffe82400000 	C:\Program Files\Eclipse Adoptium\jdk-21.0.7.6-hotspot\bin\net.dll
0x00007ffea2db0000 - 0x00007ffea2ece000 	C:\WINDOWS\SYSTEM32\WINHTTP.dll
0x00007ffeaa560000 - 0x00007ffeaa5ca000 	C:\WINDOWS\system32\mswsock.dll
0x00007ffe823a0000 - 0x00007ffe823b6000 	C:\Program Files\Eclipse Adoptium\jdk-21.0.7.6-hotspot\bin\nio.dll
0x00007ffe7c350000 - 0x00007ffe7c368000 	C:\Program Files\Eclipse Adoptium\jdk-21.0.7.6-hotspot\bin\zip.dll
0x00007ffe68ae0000 - 0x00007ffe68b5b000 	C:\Users\joshu\AppData\Local\Temp\lwjgl_joshu\3.3.4+7\x64\lwjgl.dll
0x00007ffe50210000 - 0x00007ffe50295000 	C:\Users\joshu\AppData\Local\Temp\lwjgl_joshu\3.3.4+7\x64\glfw.dll
0x00007ffe380c0000 - 0x00007ffe3810b000 	C:\WINDOWS\SYSTEM32\dinput8.dll
0x00007ffe657b0000 - 0x00007ffe657c2000 	C:\WINDOWS\SYSTEM32\xinput1_4.dll
0x00007ffeaaee0000 - 0x00007ffeaaf37000 	C:\WINDOWS\SYSTEM32\cfgmgr32.dll
0x00007ffeaae40000 - 0x00007ffeaae6d000 	C:\WINDOWS\SYSTEM32\DEVOBJ.dll
0x00007ffea85b0000 - 0x00007ffea85e6000 	C:\WINDOWS\SYSTEM32\dwmapi.dll
0x00007ffe9daf0000 - 0x00007ffe9dcd3000 	C:\WINDOWS\SYSTEM32\inputhost.dll
0x00007ffea6c80000 - 0x00007ffea6da5000 	C:\WINDOWS\SYSTEM32\CoreMessaging.dll
0x00007ffea7f80000 - 0x00007ffea802f000 	C:\WINDOWS\system32\uxtheme.dll
0x00007ffeaa850000 - 0x00007ffeaa85c000 	C:\WINDOWS\SYSTEM32\CRYPTBASE.DLL
0x00007ffead6d0000 - 0x00007ffead830000 	C:\WINDOWS\System32\MSCTF.dll
0x00007ffe7c100000 - 0x00007ffe7c218000 	C:\WINDOWS\SYSTEM32\opengl32.dll
0x00007ffe7bb10000 - 0x00007ffe7bb3d000 	C:\WINDOWS\SYSTEM32\GLU32.dll
0x00007ffea84e0000 - 0x00007ffea852d000 	C:\WINDOWS\SYSTEM32\dxcore.dll
0x00007ffe935d0000 - 0x00007ffe935ea000 	C:\WINDOWS\SYSTEM32\windows.staterepositorycore.dll
0x00007ffdd8290000 - 0x00007ffddab26000 	C:\WINDOWS\System32\DriverStore\FileRepository\nvaki.inf_amd64_638171aa0e8c1799\nvoglv64.dll
0x00007ffeac420000 - 0x00007ffeac8a6000 	C:\WINDOWS\System32\SETUPAPI.dll
0x00007ffeac270000 - 0x00007ffeac40e000 	C:\WINDOWS\System32\ole32.dll
0x00007ffea7420000 - 0x00007ffea7436000 	C:\WINDOWS\SYSTEM32\WTSAPI32.dll
0x00007ffeaa8a0000 - 0x00007ffeaa8b3000 	C:\WINDOWS\SYSTEM32\msasn1.dll
0x00007ffea2110000 - 0x00007ffea214b000 	C:\WINDOWS\SYSTEM32\cryptnet.dll
0x00007ffeabb50000 - 0x00007ffeabcc7000 	C:\WINDOWS\System32\CRYPT32.dll
0x00007ffeaa910000 - 0x00007ffeaa97b000 	C:\WINDOWS\SYSTEM32\wldp.dll
0x00007ffea1f90000 - 0x00007ffea210c000 	C:\WINDOWS\SYSTEM32\drvstore.dll
0x00007ffeabe10000 - 0x00007ffeabe94000 	C:\WINDOWS\System32\WINTRUST.dll
0x00007ffeaa0f0000 - 0x00007ffeaa126000 	C:\WINDOWS\SYSTEM32\ntmarta.dll
0x00007ffead910000 - 0x00007ffead930000 	C:\WINDOWS\System32\imagehlp.dll
0x00007ffeaa830000 - 0x00007ffeaa84b000 	C:\WINDOWS\SYSTEM32\CRYPTSP.dll
0x00007ffea9f20000 - 0x00007ffea9f5b000 	C:\WINDOWS\system32\rsaenh.dll
0x00007ffeab130000 - 0x00007ffeab156000 	C:\WINDOWS\SYSTEM32\bcrypt.dll
0x00007ffe9ddc0000 - 0x00007ffea1873000 	C:\WINDOWS\System32\DriverStore\FileRepository\nvaki.inf_amd64_638171aa0e8c1799\nvgpucomp64.dll
0x00007ffe72e70000 - 0x00007ffe73184000 	C:\WINDOWS\system32\nvspcap64.dll
0x00007ffeaaa10000 - 0x00007ffeaaa77000 	C:\WINDOWS\SYSTEM32\WINSTA.dll
0x00007ffea1d20000 - 0x00007ffea1e70000 	C:\WINDOWS\SYSTEM32\textinputframework.dll
0x00007ffe91d80000 - 0x00007ffe91dfd000 	C:\WINDOWS\system32\Oleacc.dll
0x00007ffe57480000 - 0x00007ffe574e1000 	C:\Users\joshu\AppData\Local\Temp\lwjgl_joshu\3.3.4+7\x64\lwjgl_opengl.dll
0x00007ffdc2590000 - 0x00007ffdc2d84000 	C:\Users\joshu\AppData\Local\Temp\imgui-java-natives\1.89.0\imgui-java64.dll
0x00007ffe3a7d0000 - 0x00007ffe3a870000 	C:\Users\joshu\AppData\Local\Temp\lwjgl_joshu\3.3.4+7\x64\lwjgl_stb.dll
0x00007ffe81760000 - 0x00007ffe81770000 	C:\Program Files\Eclipse Adoptium\jdk-21.0.7.6-hotspot\bin\verify.dll
0x00007ffeabea0000 - 0x00007ffeabf48000 	C:\WINDOWS\System32\clbcatq.dll
0x00007ffe8c040000 - 0x00007ffe8c09e000 	C:\WINDOWS\system32\ApplicationTargetedFeatureDatabase.dll
0x00007ffe9c390000 - 0x00007ffe9c5c8000 	C:\Windows\System32\twinapi.appcore.dll
0x00007ffe7bbd0000 - 0x00007ffe7c003000 	C:\Windows\System32\uiautomationcore.dll
0x00007ffea3430000 - 0x00007ffea3713000 	C:\WINDOWS\SYSTEM32\CoreUIComponents.dll

dbghelp: loaded successfully - version: 4.0.5 - missing functions: none
symbol engine: initialized successfully - sym options: 0x614 - pdb path: .;C:\Program Files\Eclipse Adoptium\jdk-21.0.7.6-hotspot\bin;C:\WINDOWS\SYSTEM32;C:\Program Files\Norton\Suite;C:\WINDOWS\WinSxS\amd64_microsoft.windows.common-controls_6595b64144ccf1df_6.0.26100.4484_none_3e0e6d4ce32ef3b3;C:\Program Files\Windhawk\Engine\1.6.1\64;C:\Program Files\Eclipse Adoptium\jdk-21.0.7.6-hotspot\bin\server;C:\Users\joshu\AppData\Local\Temp\lwjgl_joshu\3.3.4+7\x64;C:\WINDOWS\System32\DriverStore\FileRepository\nvaki.inf_amd64_638171aa0e8c1799;C:\Users\joshu\AppData\Local\Temp\imgui-java-natives\1.89.0

VM Arguments:
jvm_args: -Dfile.encoding=windows-1252 -Duser.country=US -Duser.language=en -Duser.variant -ea 
java_command: org.example.Main
java_class_path (initial): C:\Users\joshu\OneDrive\Desktop\Projects\2D_engine\build\classes\java\main;C:\Users\joshu\OneDrive\Desktop\Projects\2D_engine\build\resources\main;C:\Users\joshu\.gradle\caches\modules-2\files-2.1\io.github.spair\imgui-java-app\1.89.0\b489c73b9762cd339860450dba936a0db5052d86\imgui-java-app-1.89.0.jar;C:\Users\joshu\.gradle\caches\modules-2\files-2.1\io.github.spair\imgui-java-lwjgl3\1.89.0\ecaa154c833084700e8acb1c3a10c68761095516\imgui-java-lwjgl3-1.89.0.jar;C:\Users\joshu\.gradle\caches\modules-2\files-2.1\org.lwjgl\lwjgl-assimp\3.3.4\4651577de25afb21511c4b39e1ee3002ab1cad5d\lwjgl-assimp-3.3.4.jar;C:\Users\joshu\.gradle\caches\modules-2\files-2.1\org.lwjgl\lwjgl-assimp\3.3.4\65a7534e8a97b340c5e9716e15339b2b8964d656\lwjgl-assimp-3.3.4-natives-windows.jar;C:\Users\joshu\.gradle\caches\modules-2\files-2.1\org.lwjgl\lwjgl-glfw\3.3.4\7e46ecdec85db8738053cfde1414352cd62dab74\lwjgl-glfw-3.3.4.jar;C:\Users\joshu\.gradle\caches\modules-2\files-2.1\org.lwjgl\lwjgl-glfw\3.3.4\370ef92d15819a123c643dd2b0fc3a2d40bb263c\lwjgl-glfw-3.3.4-natives-windows.jar;C:\Users\joshu\.gradle\caches\modules-2\files-2.1\org.lwjgl\lwjgl-glfw\3.3.4\91e3d4b56d6d1369ef107b9d7801c9f38125c590\lwjgl-glfw-3.3.4-natives-linux.jar;C:\Users\joshu\.gradle\caches\modules-2\files-2.1\org.lwjgl\lwjgl-glfw\3.3.4\753fa860987242ceefa990a6062a18dff4908a33\lwjgl-glfw-3.3.4-natives-macos.jar;C:\Users\joshu\.gradle\caches\modules-2\files-2.1\org.lwjgl\lwjgl-glfw\3.3.4\4c358e983516fb6318b76c892ac35b79e8f2f8d9\lwjgl-glfw-3.3.4-natives-macos-arm64.jar;C:\Users\joshu\.gradle\caches\modules-2\files-2.1\org.lwjgl\lwjgl-nfd\3.3.4\176827b812b331189e36d4879926f50f4fc37b50\lwjgl-nfd-3.3.4.jar;C:\Users\joshu\.gradle\caches\modules-2\files-2.1\org.lwjgl\lwjgl-nfd\3.3.4\f67e276de66b5666322c6cbc7772786de99634bf\lwjgl-nfd-3.3.4-natives-windows.jar;C:\Users\joshu\.gradle\caches\modules-2\files-2.1\org.lwjgl\lwjgl-openal\3.3.4\9b74d3ea380c83353d42af43ad9659e04dabe84a\lwjgl-openal-3.3.4.jar;C:\Users\joshu\.gradle\caches\modules-2\files-2.1\org.lwjgl\lwjgl-openal\3.3.4\c4de8af803aacda71044418095a71cd63b569a15\lwjgl-openal-3.3.4-natives-windows.jar;C:\Users\joshu\.gradle\caches\modules-2\files-2.1\org.lwjgl\lwjgl-opengl\3.3.4\2852ac7d9f6fc71349f1ce28e2708ff1977f18af\lwjgl-opengl-3.3.4.jar;C:\Users\joshu\.gradle\caches\modules-2\files-2.1\org.lwjgl\lwjgl-opengl\3.3.4\f7ca4e75573a9ce83075bd86bc8a3e49ff106696\lwjgl-opengl-3.3.4-natives-windows.jar;C:\Users\joshu\.gradle\caches\modules-2\files-2.1\org.lwjgl\lwjgl-opengl\3.3.4\789df76d2e3da55349d858dfb81442149af7c7f4\lwjgl-opengl-3.3.4-natives-linux.jar;C:\Users\joshu\.gradle\caches\modules-2\files-2.1\org.lwjgl\lwjgl-opengl\3.3.4\ae0dd9d292744114f54d268a98cf1cd748b9994d\lwjgl-opengl-3.3.4-natives-macos.jar;C:\Users\joshu\.gradle\caches\modules-2\files-2.1\org.lwjgl\lwjgl-opengl\3.3.4\832e7deef981577ee7aeb3b9e1c74bc0e5d26cce\lwjgl-opengl-3.3.4-natives-macos-arm64.jar;C:\Users\joshu\.gradle\caches\modules-2\files-2.1\org.lwjgl\lwjgl-stb\3.3.4\5821735d5ef23f6da8542887344e57eb181b7cac\lwjgl-stb-3.3.4.jar;C:\Users\joshu\.gradle\caches\modules-2\files-2.1\org.lwjgl\lwjgl-stb\3.3.4\8310e565463ec8d369528e8b26a9b1518d079a01\lwjgl-stb-3.3.4-natives-windows.jar;C:\Users\joshu\.gradle\caches\modules-2\files-2.1\org.lwjgl\lwjgl\3.3.4\b86c3e4832426e8a6b466013b7cb34b40e9ce956\lwjgl-3.3.4.jar;C:\Users\joshu\.gradle\caches\modules-2\files-2.1\org.lwjgl\lwjgl\3.3.4\dd0927c1348cdcd9573fa24b7278ec1ac2bb0a76\lwjgl-3.3.4-natives-windows.jar;C:\Users\joshu\.gradle\caches\modules-2\files-2.1\org.lwjgl\lwjgl\3.3.4\a7ccba1d3f2fef214943e74335a80cc65d04e49\lwjgl-3.3.4-natives-linux.jar;C:\Users\joshu\.gradle\caches\modules-2\files-2.1\org.lwjgl\lwjgl\3.3.4\f952bb0894c946445942431de2e311feee635c00\lwjgl-3.3.4-natives-macos.jar;C:\Users\joshu\.gradle\caches\modules-2\files-2.1\org.lwjgl\lwjgl\3.3.4\d12785da7cdca4921603b5dd83f712f5cdba3fc4\lwjgl-3.3.4-natives-macos-arm64.jar;C:\Users\joshu\.gradle\caches\modules-2\files-2.1\org.joml\joml\1.10.8\fc0a71dad90a2cf41d82a76156a0e700af8e4f8d\joml-1.10.8.jar;C:\Users\joshu\.gradle\caches\modules-2\files-2.1\org.jetbrains.kotlin\kotlin-stdlib-jdk8\1.8.20\73576ddf378c5b4f1f6b449fe6b119b8183fc078\kotlin-stdlib-jdk8-1.8.20.jar;C:\Users\joshu\.gradle\caches\modules-2\files-2.1\io.github.spair\imgui-java-binding\1.89.0\97c691effb5cf18f918546df7e770cdee19a2fa2\imgui-java-binding-1.89.0.jar;C:\Users\joshu\.gradle\caches\modules-2\files-2.1\org.jetbrains.kotlin\kotlin-stdlib-jdk7\1.8.20\3aa51faf20aae8b31e1a4bc54f8370673d7b7df4\kotlin-stdlib-jdk7-1.8.20.jar;C:\Users\joshu\.gradle\caches\modules-2\files-2.1\org.jetbrains.kotlin\kotlin-stdlib\1.8.20\e72fc5e03ec6c064c678a6bd0d955c88d55b0c4a\kotlin-stdlib-1.8.20.jar;C:\Users\joshu\.gradle\caches\modules-2\files-2.1\org.jetbrains.kotlin\kotlin-stdlib-common\1.8.20\5eddaaf234c8c49d03eebeb6a14feb7f90faca71\kotlin-stdlib-common-1.8.20.jar;C:\Users\joshu\.gradle\caches\modules-2\files-2.1\org.jetbrains\annotations\13.0\919f0dfe192fb4e063e7dacadee7f8bb9a2672a9\annotations-13.0.jar
Launcher Type: SUN_STANDARD

[Global flags]
     intx CICompilerCount                          = 12                                        {product} {ergonomic}
     uint ConcGCThreads                            = 4                                         {product} {ergonomic}
     uint G1ConcRefinementThreads                  = 15                                        {product} {ergonomic}
   size_t G1HeapRegionSize                         = 4194304                                   {product} {ergonomic}
    uintx GCDrainStackTargetSize                   = 64                                        {product} {ergonomic}
   size_t InitialHeapSize                          = 532676608                                 {product} {ergonomic}
   size_t MarkStackSize                            = 4194304                                   {product} {ergonomic}
   size_t MaxHeapSize                              = 8522825728                                {product} {ergonomic}
   size_t MaxNewSize                               = 5112856576                                {product} {ergonomic}
   size_t MinHeapDeltaBytes                        = 4194304                                   {product} {ergonomic}
   size_t MinHeapSize                              = 8388608                                   {product} {ergonomic}
    uintx NonNMethodCodeHeapSize                   = 7602480                                {pd product} {ergonomic}
    uintx NonProfiledCodeHeapSize                  = 122027880                              {pd product} {ergonomic}
    uintx ProfiledCodeHeapSize                     = 122027880                              {pd product} {ergonomic}
    uintx ReservedCodeCacheSize                    = 251658240                              {pd product} {ergonomic}
     bool SegmentedCodeCache                       = true                                      {product} {ergonomic}
   size_t SoftMaxHeapSize                          = 8522825728                             {manageable} {ergonomic}
     bool UseCompressedOops                        = true                           {product lp64_product} {ergonomic}
     bool UseG1GC                                  = true                                      {product} {ergonomic}
     bool UseLargePagesIndividualAllocation        = false                                  {pd product} {ergonomic}

Logging:
Log output configuration:
 #0: stdout all=warning uptime,level,tags foldmultilines=false
 #1: stderr all=off uptime,level,tags foldmultilines=false

Environment Variables:
JAVA_HOME=C:\Program Files\Eclipse Adoptium\jdk-21.0.7.6-hotspot\
PATH=C:\Program Files\PlasticSCM5\server;C:\Program Files\PlasticSCM5\client;C:\Program Files\Eclipse Adoptium\jdk-21.0.7.6-hotspot\bin;C:\Program Files (x86)\Common Files\Oracle\Java\java8path;C:\Program Files (x86)\Common Files\Oracle\Java\javapath;C:\Program Files\Eclipse Adoptium\jdk-17.0.11.9-hotspot\bin;C:\Python312\Scripts\;C:\Python312\;C:\Program Files (x86)\Eclipse Adoptium\jdk-8.0.382.5-hotspot\bin;C:\Program Files\Oculus\Support\oculus-runtime;C:\Windows\system32;C:\Windows;C:\Windows\System32\Wbem;C:\Windows\System32\WindowsPowerShell\v1.0\;C:\Windows\System32\OpenSSH\;C:\Program Files (x86)\NVIDIA Corporation\PhysX\Common;C:\WINDOWS\system32;C:\WINDOWS;C:\WINDOWS\System32\Wbem;C:\WINDOWS\System32\WindowsPowerShell\v1.0\;C:\WINDOWS\System32\OpenSSH\;C:\Program Files\FFmpeg;C:\HaxeToolkit\haxe;C:\HaxeToolkit\neko;C:\ProgramData\chocolatey\bin;C:\Program Files\dotnet\;C:\Program Files\nodejs\;C:\Program Files\Git\cmd;C:\WINDOWS\system32;C:\WINDOWS;C:\WINDOWS\System32\Wbem;C:\WINDOWS\System32\WindowsPowerShell\v1.0\;C:\WINDOWS\System32\OpenSSH\;C:\Program Files (x86)\Windows Kits\10\Windows Performance Toolkit\;C:\Program Files\NVIDIA Corporation\NVIDIA App\NvDLISR;C:\Users\joshu\AppData\Local\Programs\Python\Python36\Scripts\;C:\Users\joshu\AppData\Local\Programs\Python\Python36\;C:\Users\joshu\.cargo\bin;C:\Users\joshu\AppData\Local\Microsoft\WindowsApps;C:\Users\joshu\AppData\Local\Programs\Microsoft VS Code\bin;C:\Users\joshu\AppData\Local\GitHubDesktop\bin;C:\Users\joshu\AppData\Local\JetBrains\Toolbox\scripts;C:\msys64\ucrt64\bin;C:\Users\joshu\AppData\Roaming\npm;C:\Users\joshu\AppData\Local\spicetify;C:\Users\joshu\.dotnet\tools;;%USERPROFILE%\AppData\Local\Microsoft\WindowsApps;C:\Users\joshu\.aftman\bin
USERNAME=joshu
OS=Windows_NT
PROCESSOR_IDENTIFIER=Intel64 Family 6 Model 151 Stepping 2, GenuineIntel
TMP=C:\Users\joshu\AppData\Local\Temp
TEMP=C:\Users\joshu\AppData\Local\Temp




Periodic native trim disabled

---------------  S Y S T E M  ---------------

OS:
 Windows 11 , 64 bit Build 26100 (10.0.26100.4484)
OS uptime: 5 days 5:40 hours
Hyper-V role detected

CPU: total 20 (initial active 20) (10 cores per cpu, 2 threads per core) family 6 model 151 stepping 2 microcode 0x34, cx8, cmov, fxsr, ht, mmx, 3dnowpref, sse, sse2, sse3, ssse3, sse4.1, sse4.2, popcnt, lzcnt, tsc, tscinvbit, avx, avx2, aes, erms, clmul, bmi1, bmi2, adx, sha, fma, vzeroupper, clflush, clflushopt, clwb, hv, serialize, rdtscp, rdpid, fsrm, f16c, cet_ibt, cet_ss
Processor Information for processor 0
  Max Mhz: 2100, Current Mhz: 2100, Mhz Limit: 2100
Processor Information for processor 1
  Max Mhz: 2100, Current Mhz: 2100, Mhz Limit: 2100
Processor Information for processor 2
  Max Mhz: 2100, Current Mhz: 2100, Mhz Limit: 2100
Processor Information for processor 3
  Max Mhz: 2100, Current Mhz: 2100, Mhz Limit: 2100
Processor Information for processor 4
  Max Mhz: 2100, Current Mhz: 2100, Mhz Limit: 2100
Processor Information for processor 5
  Max Mhz: 2100, Current Mhz: 2100, Mhz Limit: 2100
Processor Information for processor 6
  Max Mhz: 2100, Current Mhz: 2100, Mhz Limit: 2100
Processor Information for processor 7
  Max Mhz: 2100, Current Mhz: 2100, Mhz Limit: 2100
Processor Information for processor 8
  Max Mhz: 2100, Current Mhz: 2100, Mhz Limit: 2100
Processor Information for processor 9
  Max Mhz: 2100, Current Mhz: 2100, Mhz Limit: 2100
Processor Information for processor 10
  Max Mhz: 2100, Current Mhz: 2100, Mhz Limit: 2100
Processor Information for processor 11
  Max Mhz: 2100, Current Mhz: 2100, Mhz Limit: 2100
Processor Information for processor 12
  Max Mhz: 2100, Current Mhz: 2100, Mhz Limit: 2100
Processor Information for processor 13
  Max Mhz: 2100, Current Mhz: 2100, Mhz Limit: 2100
Processor Information for processor 14
  Max Mhz: 2100, Current Mhz: 2100, Mhz Limit: 2100
Processor Information for processor 15
  Max Mhz: 2100, Current Mhz: 2100, Mhz Limit: 2100
Processor Information for processor 16
  Max Mhz: 2100, Current Mhz: 1600, Mhz Limit: 1596
Processor Information for processor 17
  Max Mhz: 2100, Current Mhz: 1600, Mhz Limit: 1596
Processor Information for processor 18
  Max Mhz: 2100, Current Mhz: 1600, Mhz Limit: 1596
Processor Information for processor 19
  Max Mhz: 2100, Current Mhz: 1600, Mhz Limit: 1596

Memory: 4k page, system-wide physical 32509M (11417M free)
TotalPageFile size 46268M (AvailPageFile size 8030M)
current process WorkingSet (physical memory assigned to process): 134M, peak: 134M
current process commit charge ("private bytes"): 736M, peak: 736M

vm_info: OpenJDK 64-Bit Server VM (21.0.7+6-LTS) for windows-amd64 JRE (21.0.7+6-LTS), built on 2025-04-15T00:00:00Z by "admin" with MS VC++ 17.7 (VS2022)

END.
